[2024-07-04 16:34:06,544][HYDRA] Submitit 'slurm' sweep output dir : results/2024/07.04/16-33-58
[2024-07-04 16:34:06,546][HYDRA] 	#0 : training.vcreg.scale=True training.vcreg.var_weight=0.64 training.vcreg.cov_weight=0.64 data.datasets=[imagenet_subset_kaggle]
[2024-07-04 16:34:06,553][HYDRA] 	#1 : training.vcreg.scale=True training.vcreg.var_weight=0.64 training.vcreg.cov_weight=0.64 data.datasets=[cifar100_fixed]
[2024-07-04 16:34:06,559][HYDRA] 	#2 : training.vcreg.scale=True training.vcreg.var_weight=0.64 training.vcreg.cov_weight=1.74 data.datasets=[imagenet_subset_kaggle]
[2024-07-04 16:34:06,565][HYDRA] 	#3 : training.vcreg.scale=True training.vcreg.var_weight=0.64 training.vcreg.cov_weight=1.74 data.datasets=[cifar100_fixed]
[2024-07-04 16:34:06,571][HYDRA] 	#4 : training.vcreg.scale=True training.vcreg.var_weight=0.64 training.vcreg.cov_weight=4.72 data.datasets=[imagenet_subset_kaggle]
[2024-07-04 16:34:06,578][HYDRA] 	#5 : training.vcreg.scale=True training.vcreg.var_weight=0.64 training.vcreg.cov_weight=4.72 data.datasets=[cifar100_fixed]
[2024-07-04 16:34:06,585][HYDRA] 	#6 : training.vcreg.scale=True training.vcreg.var_weight=0.64 training.vcreg.cov_weight=12.8 data.datasets=[imagenet_subset_kaggle]
[2024-07-04 16:34:06,591][HYDRA] 	#7 : training.vcreg.scale=True training.vcreg.var_weight=0.64 training.vcreg.cov_weight=12.8 data.datasets=[cifar100_fixed]
[2024-07-04 16:34:06,597][HYDRA] 	#8 : training.vcreg.scale=True training.vcreg.var_weight=1.74 training.vcreg.cov_weight=0.64 data.datasets=[imagenet_subset_kaggle]
[2024-07-04 16:34:06,604][HYDRA] 	#9 : training.vcreg.scale=True training.vcreg.var_weight=1.74 training.vcreg.cov_weight=0.64 data.datasets=[cifar100_fixed]
[2024-07-04 16:34:06,610][HYDRA] 	#10 : training.vcreg.scale=True training.vcreg.var_weight=1.74 training.vcreg.cov_weight=1.74 data.datasets=[imagenet_subset_kaggle]
[2024-07-04 16:34:06,617][HYDRA] 	#11 : training.vcreg.scale=True training.vcreg.var_weight=1.74 training.vcreg.cov_weight=1.74 data.datasets=[cifar100_fixed]
[2024-07-04 16:34:06,623][HYDRA] 	#12 : training.vcreg.scale=True training.vcreg.var_weight=1.74 training.vcreg.cov_weight=4.72 data.datasets=[imagenet_subset_kaggle]
[2024-07-04 16:34:06,751][HYDRA] 	#13 : training.vcreg.scale=True training.vcreg.var_weight=1.74 training.vcreg.cov_weight=4.72 data.datasets=[cifar100_fixed]
[2024-07-04 16:34:06,757][HYDRA] 	#14 : training.vcreg.scale=True training.vcreg.var_weight=1.74 training.vcreg.cov_weight=12.8 data.datasets=[imagenet_subset_kaggle]
[2024-07-04 16:34:06,763][HYDRA] 	#15 : training.vcreg.scale=True training.vcreg.var_weight=1.74 training.vcreg.cov_weight=12.8 data.datasets=[cifar100_fixed]
[2024-07-04 16:34:06,769][HYDRA] 	#16 : training.vcreg.scale=True training.vcreg.var_weight=4.72 training.vcreg.cov_weight=0.64 data.datasets=[imagenet_subset_kaggle]
[2024-07-04 16:34:06,775][HYDRA] 	#17 : training.vcreg.scale=True training.vcreg.var_weight=4.72 training.vcreg.cov_weight=0.64 data.datasets=[cifar100_fixed]
[2024-07-04 16:34:06,782][HYDRA] 	#18 : training.vcreg.scale=True training.vcreg.var_weight=4.72 training.vcreg.cov_weight=1.74 data.datasets=[imagenet_subset_kaggle]
[2024-07-04 16:34:06,788][HYDRA] 	#19 : training.vcreg.scale=True training.vcreg.var_weight=4.72 training.vcreg.cov_weight=1.74 data.datasets=[cifar100_fixed]
[2024-07-04 16:34:06,795][HYDRA] 	#20 : training.vcreg.scale=True training.vcreg.var_weight=4.72 training.vcreg.cov_weight=4.72 data.datasets=[imagenet_subset_kaggle]
[2024-07-04 16:34:06,801][HYDRA] 	#21 : training.vcreg.scale=True training.vcreg.var_weight=4.72 training.vcreg.cov_weight=4.72 data.datasets=[cifar100_fixed]
[2024-07-04 16:34:06,807][HYDRA] 	#22 : training.vcreg.scale=True training.vcreg.var_weight=4.72 training.vcreg.cov_weight=12.8 data.datasets=[imagenet_subset_kaggle]
[2024-07-04 16:34:06,813][HYDRA] 	#23 : training.vcreg.scale=True training.vcreg.var_weight=4.72 training.vcreg.cov_weight=12.8 data.datasets=[cifar100_fixed]
[2024-07-04 16:34:06,820][HYDRA] 	#24 : training.vcreg.scale=True training.vcreg.var_weight=12.8 training.vcreg.cov_weight=0.64 data.datasets=[imagenet_subset_kaggle]
[2024-07-04 16:34:06,826][HYDRA] 	#25 : training.vcreg.scale=True training.vcreg.var_weight=12.8 training.vcreg.cov_weight=0.64 data.datasets=[cifar100_fixed]
[2024-07-04 16:34:06,832][HYDRA] 	#26 : training.vcreg.scale=True training.vcreg.var_weight=12.8 training.vcreg.cov_weight=1.74 data.datasets=[imagenet_subset_kaggle]
[2024-07-04 16:34:06,839][HYDRA] 	#27 : training.vcreg.scale=True training.vcreg.var_weight=12.8 training.vcreg.cov_weight=1.74 data.datasets=[cifar100_fixed]
[2024-07-04 16:34:06,845][HYDRA] 	#28 : training.vcreg.scale=True training.vcreg.var_weight=12.8 training.vcreg.cov_weight=4.72 data.datasets=[imagenet_subset_kaggle]
[2024-07-04 16:34:06,851][HYDRA] 	#29 : training.vcreg.scale=True training.vcreg.var_weight=12.8 training.vcreg.cov_weight=4.72 data.datasets=[cifar100_fixed]
[2024-07-04 16:34:06,857][HYDRA] 	#30 : training.vcreg.scale=True training.vcreg.var_weight=12.8 training.vcreg.cov_weight=12.8 data.datasets=[imagenet_subset_kaggle]
[2024-07-04 16:34:06,863][HYDRA] 	#31 : training.vcreg.scale=True training.vcreg.var_weight=12.8 training.vcreg.cov_weight=12.8 data.datasets=[cifar100_fixed]
[2024-07-04 16:34:06,869][HYDRA] 	#32 : training.vcreg.scale=False training.vcreg.var_weight=0.64 training.vcreg.cov_weight=0.64 data.datasets=[imagenet_subset_kaggle]
[2024-07-04 16:34:06,876][HYDRA] 	#33 : training.vcreg.scale=False training.vcreg.var_weight=0.64 training.vcreg.cov_weight=0.64 data.datasets=[cifar100_fixed]
[2024-07-04 16:34:06,882][HYDRA] 	#34 : training.vcreg.scale=False training.vcreg.var_weight=0.64 training.vcreg.cov_weight=1.74 data.datasets=[imagenet_subset_kaggle]
[2024-07-04 16:34:06,888][HYDRA] 	#35 : training.vcreg.scale=False training.vcreg.var_weight=0.64 training.vcreg.cov_weight=1.74 data.datasets=[cifar100_fixed]
[2024-07-04 16:34:06,895][HYDRA] 	#36 : training.vcreg.scale=False training.vcreg.var_weight=0.64 training.vcreg.cov_weight=4.72 data.datasets=[imagenet_subset_kaggle]
[2024-07-04 16:34:06,901][HYDRA] 	#37 : training.vcreg.scale=False training.vcreg.var_weight=0.64 training.vcreg.cov_weight=4.72 data.datasets=[cifar100_fixed]
[2024-07-04 16:34:06,907][HYDRA] 	#38 : training.vcreg.scale=False training.vcreg.var_weight=0.64 training.vcreg.cov_weight=12.8 data.datasets=[imagenet_subset_kaggle]
[2024-07-04 16:34:06,913][HYDRA] 	#39 : training.vcreg.scale=False training.vcreg.var_weight=0.64 training.vcreg.cov_weight=12.8 data.datasets=[cifar100_fixed]
[2024-07-04 16:34:06,920][HYDRA] 	#40 : training.vcreg.scale=False training.vcreg.var_weight=1.74 training.vcreg.cov_weight=0.64 data.datasets=[imagenet_subset_kaggle]
[2024-07-04 16:34:06,926][HYDRA] 	#41 : training.vcreg.scale=False training.vcreg.var_weight=1.74 training.vcreg.cov_weight=0.64 data.datasets=[cifar100_fixed]
[2024-07-04 16:34:06,932][HYDRA] 	#42 : training.vcreg.scale=False training.vcreg.var_weight=1.74 training.vcreg.cov_weight=1.74 data.datasets=[imagenet_subset_kaggle]
[2024-07-04 16:34:06,938][HYDRA] 	#43 : training.vcreg.scale=False training.vcreg.var_weight=1.74 training.vcreg.cov_weight=1.74 data.datasets=[cifar100_fixed]
[2024-07-04 16:34:06,944][HYDRA] 	#44 : training.vcreg.scale=False training.vcreg.var_weight=1.74 training.vcreg.cov_weight=4.72 data.datasets=[imagenet_subset_kaggle]
[2024-07-04 16:34:06,951][HYDRA] 	#45 : training.vcreg.scale=False training.vcreg.var_weight=1.74 training.vcreg.cov_weight=4.72 data.datasets=[cifar100_fixed]
[2024-07-04 16:34:06,957][HYDRA] 	#46 : training.vcreg.scale=False training.vcreg.var_weight=1.74 training.vcreg.cov_weight=12.8 data.datasets=[imagenet_subset_kaggle]
[2024-07-04 16:34:06,963][HYDRA] 	#47 : training.vcreg.scale=False training.vcreg.var_weight=1.74 training.vcreg.cov_weight=12.8 data.datasets=[cifar100_fixed]
[2024-07-04 16:34:06,970][HYDRA] 	#48 : training.vcreg.scale=False training.vcreg.var_weight=4.72 training.vcreg.cov_weight=0.64 data.datasets=[imagenet_subset_kaggle]
[2024-07-04 16:34:06,976][HYDRA] 	#49 : training.vcreg.scale=False training.vcreg.var_weight=4.72 training.vcreg.cov_weight=0.64 data.datasets=[cifar100_fixed]
[2024-07-04 16:34:06,982][HYDRA] 	#50 : training.vcreg.scale=False training.vcreg.var_weight=4.72 training.vcreg.cov_weight=1.74 data.datasets=[imagenet_subset_kaggle]
[2024-07-04 16:34:06,988][HYDRA] 	#51 : training.vcreg.scale=False training.vcreg.var_weight=4.72 training.vcreg.cov_weight=1.74 data.datasets=[cifar100_fixed]
[2024-07-04 16:34:06,995][HYDRA] 	#52 : training.vcreg.scale=False training.vcreg.var_weight=4.72 training.vcreg.cov_weight=4.72 data.datasets=[imagenet_subset_kaggle]
[2024-07-04 16:34:07,001][HYDRA] 	#53 : training.vcreg.scale=False training.vcreg.var_weight=4.72 training.vcreg.cov_weight=4.72 data.datasets=[cifar100_fixed]
[2024-07-04 16:34:07,008][HYDRA] 	#54 : training.vcreg.scale=False training.vcreg.var_weight=4.72 training.vcreg.cov_weight=12.8 data.datasets=[imagenet_subset_kaggle]
[2024-07-04 16:34:07,014][HYDRA] 	#55 : training.vcreg.scale=False training.vcreg.var_weight=4.72 training.vcreg.cov_weight=12.8 data.datasets=[cifar100_fixed]
[2024-07-04 16:34:07,020][HYDRA] 	#56 : training.vcreg.scale=False training.vcreg.var_weight=12.8 training.vcreg.cov_weight=0.64 data.datasets=[imagenet_subset_kaggle]
[2024-07-04 16:34:07,027][HYDRA] 	#57 : training.vcreg.scale=False training.vcreg.var_weight=12.8 training.vcreg.cov_weight=0.64 data.datasets=[cifar100_fixed]
[2024-07-04 16:34:07,033][HYDRA] 	#58 : training.vcreg.scale=False training.vcreg.var_weight=12.8 training.vcreg.cov_weight=1.74 data.datasets=[imagenet_subset_kaggle]
[2024-07-04 16:34:07,039][HYDRA] 	#59 : training.vcreg.scale=False training.vcreg.var_weight=12.8 training.vcreg.cov_weight=1.74 data.datasets=[cifar100_fixed]
[2024-07-04 16:34:07,046][HYDRA] 	#60 : training.vcreg.scale=False training.vcreg.var_weight=12.8 training.vcreg.cov_weight=4.72 data.datasets=[imagenet_subset_kaggle]
[2024-07-04 16:34:07,052][HYDRA] 	#61 : training.vcreg.scale=False training.vcreg.var_weight=12.8 training.vcreg.cov_weight=4.72 data.datasets=[cifar100_fixed]
[2024-07-04 16:34:07,059][HYDRA] 	#62 : training.vcreg.scale=False training.vcreg.var_weight=12.8 training.vcreg.cov_weight=12.8 data.datasets=[imagenet_subset_kaggle]
[2024-07-04 16:34:07,065][HYDRA] 	#63 : training.vcreg.scale=False training.vcreg.var_weight=12.8 training.vcreg.cov_weight=12.8 data.datasets=[cifar100_fixed]
