[2024-07-04 16:33:42,935][HYDRA] Submitit 'slurm' sweep output dir : results/2024/07.04/16-33-34
[2024-07-04 16:33:42,937][HYDRA] 	#0 : data.datasets=[imagenet_subset_kaggle] training.vcreg.scale=True training.vcreg.var_weight=0.64 training.vcreg.cov_weight=0.64
[2024-07-04 16:33:42,945][HYDRA] 	#1 : data.datasets=[imagenet_subset_kaggle] training.vcreg.scale=True training.vcreg.var_weight=0.64 training.vcreg.cov_weight=1.74
[2024-07-04 16:33:42,951][HYDRA] 	#2 : data.datasets=[imagenet_subset_kaggle] training.vcreg.scale=True training.vcreg.var_weight=0.64 training.vcreg.cov_weight=4.72
[2024-07-04 16:33:42,957][HYDRA] 	#3 : data.datasets=[imagenet_subset_kaggle] training.vcreg.scale=True training.vcreg.var_weight=0.64 training.vcreg.cov_weight=12.8
[2024-07-04 16:33:42,964][HYDRA] 	#4 : data.datasets=[imagenet_subset_kaggle] training.vcreg.scale=True training.vcreg.var_weight=1.74 training.vcreg.cov_weight=0.64
[2024-07-04 16:33:42,970][HYDRA] 	#5 : data.datasets=[imagenet_subset_kaggle] training.vcreg.scale=True training.vcreg.var_weight=1.74 training.vcreg.cov_weight=1.74
[2024-07-04 16:33:42,977][HYDRA] 	#6 : data.datasets=[imagenet_subset_kaggle] training.vcreg.scale=True training.vcreg.var_weight=1.74 training.vcreg.cov_weight=4.72
[2024-07-04 16:33:42,983][HYDRA] 	#7 : data.datasets=[imagenet_subset_kaggle] training.vcreg.scale=True training.vcreg.var_weight=1.74 training.vcreg.cov_weight=12.8
[2024-07-04 16:33:42,990][HYDRA] 	#8 : data.datasets=[imagenet_subset_kaggle] training.vcreg.scale=True training.vcreg.var_weight=4.72 training.vcreg.cov_weight=0.64
[2024-07-04 16:33:42,996][HYDRA] 	#9 : data.datasets=[imagenet_subset_kaggle] training.vcreg.scale=True training.vcreg.var_weight=4.72 training.vcreg.cov_weight=1.74
[2024-07-04 16:33:43,002][HYDRA] 	#10 : data.datasets=[imagenet_subset_kaggle] training.vcreg.scale=True training.vcreg.var_weight=4.72 training.vcreg.cov_weight=4.72
[2024-07-04 16:33:43,009][HYDRA] 	#11 : data.datasets=[imagenet_subset_kaggle] training.vcreg.scale=True training.vcreg.var_weight=4.72 training.vcreg.cov_weight=12.8
[2024-07-04 16:33:43,015][HYDRA] 	#12 : data.datasets=[imagenet_subset_kaggle] training.vcreg.scale=True training.vcreg.var_weight=12.8 training.vcreg.cov_weight=0.64
[2024-07-04 16:33:43,228][HYDRA] 	#13 : data.datasets=[imagenet_subset_kaggle] training.vcreg.scale=True training.vcreg.var_weight=12.8 training.vcreg.cov_weight=1.74
[2024-07-04 16:33:43,234][HYDRA] 	#14 : data.datasets=[imagenet_subset_kaggle] training.vcreg.scale=True training.vcreg.var_weight=12.8 training.vcreg.cov_weight=4.72
[2024-07-04 16:33:43,241][HYDRA] 	#15 : data.datasets=[imagenet_subset_kaggle] training.vcreg.scale=True training.vcreg.var_weight=12.8 training.vcreg.cov_weight=12.8
[2024-07-04 16:33:43,247][HYDRA] 	#16 : data.datasets=[imagenet_subset_kaggle] training.vcreg.scale=False training.vcreg.var_weight=0.64 training.vcreg.cov_weight=0.64
[2024-07-04 16:33:43,253][HYDRA] 	#17 : data.datasets=[imagenet_subset_kaggle] training.vcreg.scale=False training.vcreg.var_weight=0.64 training.vcreg.cov_weight=1.74
[2024-07-04 16:33:43,259][HYDRA] 	#18 : data.datasets=[imagenet_subset_kaggle] training.vcreg.scale=False training.vcreg.var_weight=0.64 training.vcreg.cov_weight=4.72
[2024-07-04 16:33:43,266][HYDRA] 	#19 : data.datasets=[imagenet_subset_kaggle] training.vcreg.scale=False training.vcreg.var_weight=0.64 training.vcreg.cov_weight=12.8
[2024-07-04 16:33:43,272][HYDRA] 	#20 : data.datasets=[imagenet_subset_kaggle] training.vcreg.scale=False training.vcreg.var_weight=1.74 training.vcreg.cov_weight=0.64
[2024-07-04 16:33:43,279][HYDRA] 	#21 : data.datasets=[imagenet_subset_kaggle] training.vcreg.scale=False training.vcreg.var_weight=1.74 training.vcreg.cov_weight=1.74
[2024-07-04 16:33:43,285][HYDRA] 	#22 : data.datasets=[imagenet_subset_kaggle] training.vcreg.scale=False training.vcreg.var_weight=1.74 training.vcreg.cov_weight=4.72
[2024-07-04 16:33:43,291][HYDRA] 	#23 : data.datasets=[imagenet_subset_kaggle] training.vcreg.scale=False training.vcreg.var_weight=1.74 training.vcreg.cov_weight=12.8
[2024-07-04 16:33:43,298][HYDRA] 	#24 : data.datasets=[imagenet_subset_kaggle] training.vcreg.scale=False training.vcreg.var_weight=4.72 training.vcreg.cov_weight=0.64
[2024-07-04 16:33:43,304][HYDRA] 	#25 : data.datasets=[imagenet_subset_kaggle] training.vcreg.scale=False training.vcreg.var_weight=4.72 training.vcreg.cov_weight=1.74
[2024-07-04 16:33:43,311][HYDRA] 	#26 : data.datasets=[imagenet_subset_kaggle] training.vcreg.scale=False training.vcreg.var_weight=4.72 training.vcreg.cov_weight=4.72
[2024-07-04 16:33:43,317][HYDRA] 	#27 : data.datasets=[imagenet_subset_kaggle] training.vcreg.scale=False training.vcreg.var_weight=4.72 training.vcreg.cov_weight=12.8
[2024-07-04 16:33:43,323][HYDRA] 	#28 : data.datasets=[imagenet_subset_kaggle] training.vcreg.scale=False training.vcreg.var_weight=12.8 training.vcreg.cov_weight=0.64
[2024-07-04 16:33:43,329][HYDRA] 	#29 : data.datasets=[imagenet_subset_kaggle] training.vcreg.scale=False training.vcreg.var_weight=12.8 training.vcreg.cov_weight=1.74
[2024-07-04 16:33:43,336][HYDRA] 	#30 : data.datasets=[imagenet_subset_kaggle] training.vcreg.scale=False training.vcreg.var_weight=12.8 training.vcreg.cov_weight=4.72
[2024-07-04 16:33:43,342][HYDRA] 	#31 : data.datasets=[imagenet_subset_kaggle] training.vcreg.scale=False training.vcreg.var_weight=12.8 training.vcreg.cov_weight=12.8
[2024-07-04 16:33:43,348][HYDRA] 	#32 : data.datasets=[cifar100_fixed] training.vcreg.scale=True training.vcreg.var_weight=0.64 training.vcreg.cov_weight=0.64
[2024-07-04 16:33:43,355][HYDRA] 	#33 : data.datasets=[cifar100_fixed] training.vcreg.scale=True training.vcreg.var_weight=0.64 training.vcreg.cov_weight=1.74
[2024-07-04 16:33:43,361][HYDRA] 	#34 : data.datasets=[cifar100_fixed] training.vcreg.scale=True training.vcreg.var_weight=0.64 training.vcreg.cov_weight=4.72
[2024-07-04 16:33:43,368][HYDRA] 	#35 : data.datasets=[cifar100_fixed] training.vcreg.scale=True training.vcreg.var_weight=0.64 training.vcreg.cov_weight=12.8
[2024-07-04 16:33:43,374][HYDRA] 	#36 : data.datasets=[cifar100_fixed] training.vcreg.scale=True training.vcreg.var_weight=1.74 training.vcreg.cov_weight=0.64
[2024-07-04 16:33:43,381][HYDRA] 	#37 : data.datasets=[cifar100_fixed] training.vcreg.scale=True training.vcreg.var_weight=1.74 training.vcreg.cov_weight=1.74
[2024-07-04 16:33:43,387][HYDRA] 	#38 : data.datasets=[cifar100_fixed] training.vcreg.scale=True training.vcreg.var_weight=1.74 training.vcreg.cov_weight=4.72
[2024-07-04 16:33:43,393][HYDRA] 	#39 : data.datasets=[cifar100_fixed] training.vcreg.scale=True training.vcreg.var_weight=1.74 training.vcreg.cov_weight=12.8
[2024-07-04 16:33:43,400][HYDRA] 	#40 : data.datasets=[cifar100_fixed] training.vcreg.scale=True training.vcreg.var_weight=4.72 training.vcreg.cov_weight=0.64
[2024-07-04 16:33:43,406][HYDRA] 	#41 : data.datasets=[cifar100_fixed] training.vcreg.scale=True training.vcreg.var_weight=4.72 training.vcreg.cov_weight=1.74
[2024-07-04 16:33:43,413][HYDRA] 	#42 : data.datasets=[cifar100_fixed] training.vcreg.scale=True training.vcreg.var_weight=4.72 training.vcreg.cov_weight=4.72
[2024-07-04 16:33:43,419][HYDRA] 	#43 : data.datasets=[cifar100_fixed] training.vcreg.scale=True training.vcreg.var_weight=4.72 training.vcreg.cov_weight=12.8
[2024-07-04 16:33:43,425][HYDRA] 	#44 : data.datasets=[cifar100_fixed] training.vcreg.scale=True training.vcreg.var_weight=12.8 training.vcreg.cov_weight=0.64
[2024-07-04 16:33:43,431][HYDRA] 	#45 : data.datasets=[cifar100_fixed] training.vcreg.scale=True training.vcreg.var_weight=12.8 training.vcreg.cov_weight=1.74
[2024-07-04 16:33:43,438][HYDRA] 	#46 : data.datasets=[cifar100_fixed] training.vcreg.scale=True training.vcreg.var_weight=12.8 training.vcreg.cov_weight=4.72
[2024-07-04 16:33:43,444][HYDRA] 	#47 : data.datasets=[cifar100_fixed] training.vcreg.scale=True training.vcreg.var_weight=12.8 training.vcreg.cov_weight=12.8
[2024-07-04 16:33:43,451][HYDRA] 	#48 : data.datasets=[cifar100_fixed] training.vcreg.scale=False training.vcreg.var_weight=0.64 training.vcreg.cov_weight=0.64
[2024-07-04 16:33:43,457][HYDRA] 	#49 : data.datasets=[cifar100_fixed] training.vcreg.scale=False training.vcreg.var_weight=0.64 training.vcreg.cov_weight=1.74
[2024-07-04 16:33:43,464][HYDRA] 	#50 : data.datasets=[cifar100_fixed] training.vcreg.scale=False training.vcreg.var_weight=0.64 training.vcreg.cov_weight=4.72
[2024-07-04 16:33:43,471][HYDRA] 	#51 : data.datasets=[cifar100_fixed] training.vcreg.scale=False training.vcreg.var_weight=0.64 training.vcreg.cov_weight=12.8
[2024-07-04 16:33:43,477][HYDRA] 	#52 : data.datasets=[cifar100_fixed] training.vcreg.scale=False training.vcreg.var_weight=1.74 training.vcreg.cov_weight=0.64
[2024-07-04 16:33:43,483][HYDRA] 	#53 : data.datasets=[cifar100_fixed] training.vcreg.scale=False training.vcreg.var_weight=1.74 training.vcreg.cov_weight=1.74
[2024-07-04 16:33:43,490][HYDRA] 	#54 : data.datasets=[cifar100_fixed] training.vcreg.scale=False training.vcreg.var_weight=1.74 training.vcreg.cov_weight=4.72
[2024-07-04 16:33:43,497][HYDRA] 	#55 : data.datasets=[cifar100_fixed] training.vcreg.scale=False training.vcreg.var_weight=1.74 training.vcreg.cov_weight=12.8
[2024-07-04 16:33:43,503][HYDRA] 	#56 : data.datasets=[cifar100_fixed] training.vcreg.scale=False training.vcreg.var_weight=4.72 training.vcreg.cov_weight=0.64
[2024-07-04 16:33:43,509][HYDRA] 	#57 : data.datasets=[cifar100_fixed] training.vcreg.scale=False training.vcreg.var_weight=4.72 training.vcreg.cov_weight=1.74
[2024-07-04 16:33:43,516][HYDRA] 	#58 : data.datasets=[cifar100_fixed] training.vcreg.scale=False training.vcreg.var_weight=4.72 training.vcreg.cov_weight=4.72
[2024-07-04 16:33:43,522][HYDRA] 	#59 : data.datasets=[cifar100_fixed] training.vcreg.scale=False training.vcreg.var_weight=4.72 training.vcreg.cov_weight=12.8
[2024-07-04 16:33:43,528][HYDRA] 	#60 : data.datasets=[cifar100_fixed] training.vcreg.scale=False training.vcreg.var_weight=12.8 training.vcreg.cov_weight=0.64
[2024-07-04 16:33:43,535][HYDRA] 	#61 : data.datasets=[cifar100_fixed] training.vcreg.scale=False training.vcreg.var_weight=12.8 training.vcreg.cov_weight=1.74
[2024-07-04 16:33:43,542][HYDRA] 	#62 : data.datasets=[cifar100_fixed] training.vcreg.scale=False training.vcreg.var_weight=12.8 training.vcreg.cov_weight=4.72
[2024-07-04 16:33:43,548][HYDRA] 	#63 : data.datasets=[cifar100_fixed] training.vcreg.scale=False training.vcreg.var_weight=12.8 training.vcreg.cov_weight=12.8
