[2025-01-27 22:09:55,850][HYDRA] Submitit 'slurm' sweep output dir : results/2025/01.27/22-09-44
[2025-01-27 22:09:55,852][HYDRA] 	#0 : +training/approach=replay +training.vcreg={reg_layers:.*after_relu,var_weight:0.0,cov_weight:0.0} data.datasets=[imagenet_subset_kaggle]
[2025-01-27 22:09:55,859][HYDRA] 	#1 : +training/approach=replay +training.vcreg={reg_layers:.*after_relu,var_weight:0.0,cov_weight:0.0} data.datasets=[cifar100_fixed]
[2025-01-27 22:09:55,866][HYDRA] 	#2 : +training/approach=replay +training.vcreg={reg_layers:'fc$',var_weight:5.0,cov_weight:10.0} data.datasets=[imagenet_subset_kaggle]
[2025-01-27 22:09:55,873][HYDRA] 	#3 : +training/approach=replay +training.vcreg={reg_layers:'fc$',var_weight:5.0,cov_weight:10.0} data.datasets=[cifar100_fixed]
[2025-01-27 22:09:55,880][HYDRA] 	#4 : +training/approach=replay +training.vcreg={reg_layers:.*after_relu,var_weight:5.0,cov_weight:10.0} data.datasets=[imagenet_subset_kaggle]
[2025-01-27 22:09:55,886][HYDRA] 	#5 : +training/approach=replay +training.vcreg={reg_layers:.*after_relu,var_weight:5.0,cov_weight:10.0} data.datasets=[cifar100_fixed]
[2025-01-27 22:09:55,893][HYDRA] 	#6 : +training/approach=replay +training.vcreg={reg_layers:'fc$',var_weight:10.0,cov_weight:5.0} data.datasets=[imagenet_subset_kaggle]
[2025-01-27 22:09:55,900][HYDRA] 	#7 : +training/approach=replay +training.vcreg={reg_layers:'fc$',var_weight:10.0,cov_weight:5.0} data.datasets=[cifar100_fixed]
[2025-01-27 22:09:55,906][HYDRA] 	#8 : +training/approach=replay +training.vcreg={reg_layers:.*after_relu,var_weight:10.0,cov_weight:5.0} data.datasets=[imagenet_subset_kaggle]
[2025-01-27 22:09:55,913][HYDRA] 	#9 : +training/approach=replay +training.vcreg={reg_layers:.*after_relu,var_weight:10.0,cov_weight:5.0} data.datasets=[cifar100_fixed]
[2025-01-27 22:09:55,920][HYDRA] 	#10 : +training/approach=replay +training.vcreg={reg_layers:'fc$',var_weight:20.0,cov_weight:10.0} data.datasets=[imagenet_subset_kaggle]
[2025-01-27 22:09:55,926][HYDRA] 	#11 : +training/approach=replay +training.vcreg={reg_layers:'fc$',var_weight:20.0,cov_weight:10.0} data.datasets=[cifar100_fixed]
[2025-01-27 22:09:55,933][HYDRA] 	#12 : +training/approach=replay +training.vcreg={reg_layers:.*after_relu,var_weight:20.0,cov_weight:10.0} data.datasets=[imagenet_subset_kaggle]
[2025-01-27 22:09:55,939][HYDRA] 	#13 : +training/approach=replay +training.vcreg={reg_layers:.*after_relu,var_weight:20.0,cov_weight:10.0} data.datasets=[cifar100_fixed]
[2025-01-27 22:09:55,946][HYDRA] 	#14 : +training/approach=replay +training.vcreg={reg_layers:'fc$',var_weight:15.0,cov_weight:0.5} data.datasets=[imagenet_subset_kaggle]
[2025-01-27 22:09:55,952][HYDRA] 	#15 : +training/approach=replay +training.vcreg={reg_layers:'fc$',var_weight:15.0,cov_weight:0.5} data.datasets=[cifar100_fixed]
[2025-01-27 22:09:55,959][HYDRA] 	#16 : +training/approach=replay +training.vcreg={reg_layers:.*after_relu,var_weight:15.0,cov_weight:0.5} data.datasets=[imagenet_subset_kaggle]
[2025-01-27 22:09:55,966][HYDRA] 	#17 : +training/approach=replay +training.vcreg={reg_layers:.*after_relu,var_weight:15.0,cov_weight:0.5} data.datasets=[cifar100_fixed]
[2025-01-27 22:09:55,972][HYDRA] 	#18 : +training/approach=replay +training.vcreg={reg_layers:'fc$',var_weight:1.0,cov_weight:0.1} data.datasets=[imagenet_subset_kaggle]
[2025-01-27 22:09:55,979][HYDRA] 	#19 : +training/approach=replay +training.vcreg={reg_layers:'fc$',var_weight:1.0,cov_weight:0.1} data.datasets=[cifar100_fixed]
[2025-01-27 22:09:55,985][HYDRA] 	#20 : +training/approach=replay +training.vcreg={reg_layers:.*after_relu,var_weight:1.0,cov_weight:0.1} data.datasets=[imagenet_subset_kaggle]
[2025-01-27 22:09:55,992][HYDRA] 	#21 : +training/approach=replay +training.vcreg={reg_layers:.*after_relu,var_weight:1.0,cov_weight:0.1} data.datasets=[cifar100_fixed]
[2025-01-27 22:09:55,998][HYDRA] 	#22 : +training/approach=replay +training.vcreg={reg_layers:'fc$',var_weight:5.0,cov_weight:15.0} data.datasets=[imagenet_subset_kaggle]
[2025-01-27 22:09:56,005][HYDRA] 	#23 : +training/approach=replay +training.vcreg={reg_layers:'fc$',var_weight:5.0,cov_weight:15.0} data.datasets=[cifar100_fixed]
[2025-01-27 22:09:56,013][HYDRA] 	#24 : +training/approach=replay +training.vcreg={reg_layers:.*after_relu,var_weight:5.0,cov_weight:15.0} data.datasets=[imagenet_subset_kaggle]
[2025-01-27 22:09:56,020][HYDRA] 	#25 : +training/approach=replay +training.vcreg={reg_layers:.*after_relu,var_weight:5.0,cov_weight:15.0} data.datasets=[cifar100_fixed]
[2025-01-27 22:09:56,027][HYDRA] 	#26 : +training/approach=replay +training.vcreg={reg_layers:'fc$',var_weight:1.0,cov_weight:0.1} data.datasets=[imagenet_subset_kaggle]
[2025-01-27 22:09:56,033][HYDRA] 	#27 : +training/approach=replay +training.vcreg={reg_layers:'fc$',var_weight:1.0,cov_weight:0.1} data.datasets=[cifar100_fixed]
[2025-01-27 22:09:56,040][HYDRA] 	#28 : +training/approach=replay +training.vcreg={reg_layers:.*after_relu,var_weight:1.0,cov_weight:0.1} data.datasets=[imagenet_subset_kaggle]
[2025-01-27 22:09:56,047][HYDRA] 	#29 : +training/approach=replay +training.vcreg={reg_layers:.*after_relu,var_weight:1.0,cov_weight:0.1} data.datasets=[cifar100_fixed]
[2025-01-27 22:09:56,053][HYDRA] 	#30 : +training/approach=replay +training.vcreg={reg_layers:'fc$',var_weight:15.0,cov_weight:0.5} data.datasets=[imagenet_subset_kaggle]
[2025-01-27 22:09:56,202][HYDRA] 	#31 : +training/approach=replay +training.vcreg={reg_layers:'fc$',var_weight:15.0,cov_weight:0.5} data.datasets=[cifar100_fixed]
[2025-01-27 22:09:56,208][HYDRA] 	#32 : +training/approach=replay +training.vcreg={reg_layers:.*after_relu,var_weight:15.0,cov_weight:0.5} data.datasets=[imagenet_subset_kaggle]
[2025-01-27 22:09:56,215][HYDRA] 	#33 : +training/approach=replay +training.vcreg={reg_layers:.*after_relu,var_weight:15.0,cov_weight:0.5} data.datasets=[cifar100_fixed]
[2025-01-27 22:09:56,221][HYDRA] 	#34 : +training/approach=replay +training.vcreg={reg_layers:'fc$',var_weight:20.0,cov_weight:20.0} data.datasets=[imagenet_subset_kaggle]
[2025-01-27 22:09:56,228][HYDRA] 	#35 : +training/approach=replay +training.vcreg={reg_layers:'fc$',var_weight:20.0,cov_weight:20.0} data.datasets=[cifar100_fixed]
[2025-01-27 22:09:56,235][HYDRA] 	#36 : +training/approach=replay +training.vcreg={reg_layers:.*after_relu,var_weight:20.0,cov_weight:20.0} data.datasets=[imagenet_subset_kaggle]
[2025-01-27 22:09:56,242][HYDRA] 	#37 : +training/approach=replay +training.vcreg={reg_layers:.*after_relu,var_weight:20.0,cov_weight:20.0} data.datasets=[cifar100_fixed]
[2025-01-27 22:09:56,248][HYDRA] 	#38 : +training/approach=replay +training.vcreg={reg_layers:'fc$',var_weight:15.0,cov_weight:10.0} data.datasets=[imagenet_subset_kaggle]
[2025-01-27 22:09:56,254][HYDRA] 	#39 : +training/approach=replay +training.vcreg={reg_layers:'fc$',var_weight:15.0,cov_weight:10.0} data.datasets=[cifar100_fixed]
[2025-01-27 22:09:56,261][HYDRA] 	#40 : +training/approach=replay +training.vcreg={reg_layers:.*after_relu,var_weight:15.0,cov_weight:10.0} data.datasets=[imagenet_subset_kaggle]
[2025-01-27 22:09:56,267][HYDRA] 	#41 : +training/approach=replay +training.vcreg={reg_layers:.*after_relu,var_weight:15.0,cov_weight:10.0} data.datasets=[cifar100_fixed]
[2025-01-27 22:09:56,274][HYDRA] 	#42 : +training/approach=lwf +training.vcreg={reg_layers:.*after_relu,var_weight:0.0,cov_weight:0.0} data.datasets=[imagenet_subset_kaggle]
[2025-01-27 22:09:56,280][HYDRA] 	#43 : +training/approach=lwf +training.vcreg={reg_layers:.*after_relu,var_weight:0.0,cov_weight:0.0} data.datasets=[cifar100_fixed]
[2025-01-27 22:09:56,287][HYDRA] 	#44 : +training/approach=lwf +training.vcreg={reg_layers:'fc$',var_weight:5.0,cov_weight:10.0} data.datasets=[imagenet_subset_kaggle]
[2025-01-27 22:09:56,294][HYDRA] 	#45 : +training/approach=lwf +training.vcreg={reg_layers:'fc$',var_weight:5.0,cov_weight:10.0} data.datasets=[cifar100_fixed]
[2025-01-27 22:09:56,301][HYDRA] 	#46 : +training/approach=lwf +training.vcreg={reg_layers:.*after_relu,var_weight:5.0,cov_weight:10.0} data.datasets=[imagenet_subset_kaggle]
[2025-01-27 22:09:56,307][HYDRA] 	#47 : +training/approach=lwf +training.vcreg={reg_layers:.*after_relu,var_weight:5.0,cov_weight:10.0} data.datasets=[cifar100_fixed]
[2025-01-27 22:09:56,314][HYDRA] 	#48 : +training/approach=lwf +training.vcreg={reg_layers:'fc$',var_weight:10.0,cov_weight:5.0} data.datasets=[imagenet_subset_kaggle]
[2025-01-27 22:09:56,321][HYDRA] 	#49 : +training/approach=lwf +training.vcreg={reg_layers:'fc$',var_weight:10.0,cov_weight:5.0} data.datasets=[cifar100_fixed]
[2025-01-27 22:09:56,327][HYDRA] 	#50 : +training/approach=lwf +training.vcreg={reg_layers:.*after_relu,var_weight:10.0,cov_weight:5.0} data.datasets=[imagenet_subset_kaggle]
[2025-01-27 22:09:56,334][HYDRA] 	#51 : +training/approach=lwf +training.vcreg={reg_layers:.*after_relu,var_weight:10.0,cov_weight:5.0} data.datasets=[cifar100_fixed]
[2025-01-27 22:09:56,341][HYDRA] 	#52 : +training/approach=lwf +training.vcreg={reg_layers:'fc$',var_weight:20.0,cov_weight:10.0} data.datasets=[imagenet_subset_kaggle]
[2025-01-27 22:09:56,347][HYDRA] 	#53 : +training/approach=lwf +training.vcreg={reg_layers:'fc$',var_weight:20.0,cov_weight:10.0} data.datasets=[cifar100_fixed]
[2025-01-27 22:09:56,354][HYDRA] 	#54 : +training/approach=lwf +training.vcreg={reg_layers:.*after_relu,var_weight:20.0,cov_weight:10.0} data.datasets=[imagenet_subset_kaggle]
[2025-01-27 22:09:56,360][HYDRA] 	#55 : +training/approach=lwf +training.vcreg={reg_layers:.*after_relu,var_weight:20.0,cov_weight:10.0} data.datasets=[cifar100_fixed]
[2025-01-27 22:09:56,367][HYDRA] 	#56 : +training/approach=lwf +training.vcreg={reg_layers:'fc$',var_weight:15.0,cov_weight:0.5} data.datasets=[imagenet_subset_kaggle]
[2025-01-27 22:09:56,373][HYDRA] 	#57 : +training/approach=lwf +training.vcreg={reg_layers:'fc$',var_weight:15.0,cov_weight:0.5} data.datasets=[cifar100_fixed]
[2025-01-27 22:09:56,380][HYDRA] 	#58 : +training/approach=lwf +training.vcreg={reg_layers:.*after_relu,var_weight:15.0,cov_weight:0.5} data.datasets=[imagenet_subset_kaggle]
[2025-01-27 22:09:56,387][HYDRA] 	#59 : +training/approach=lwf +training.vcreg={reg_layers:.*after_relu,var_weight:15.0,cov_weight:0.5} data.datasets=[cifar100_fixed]
[2025-01-27 22:09:56,394][HYDRA] 	#60 : +training/approach=lwf +training.vcreg={reg_layers:'fc$',var_weight:1.0,cov_weight:0.1} data.datasets=[imagenet_subset_kaggle]
[2025-01-27 22:09:56,400][HYDRA] 	#61 : +training/approach=lwf +training.vcreg={reg_layers:'fc$',var_weight:1.0,cov_weight:0.1} data.datasets=[cifar100_fixed]
[2025-01-27 22:09:56,407][HYDRA] 	#62 : +training/approach=lwf +training.vcreg={reg_layers:.*after_relu,var_weight:1.0,cov_weight:0.1} data.datasets=[imagenet_subset_kaggle]
[2025-01-27 22:09:56,413][HYDRA] 	#63 : +training/approach=lwf +training.vcreg={reg_layers:.*after_relu,var_weight:1.0,cov_weight:0.1} data.datasets=[cifar100_fixed]
[2025-01-27 22:09:56,420][HYDRA] 	#64 : +training/approach=lwf +training.vcreg={reg_layers:'fc$',var_weight:5.0,cov_weight:15.0} data.datasets=[imagenet_subset_kaggle]
[2025-01-27 22:09:56,427][HYDRA] 	#65 : +training/approach=lwf +training.vcreg={reg_layers:'fc$',var_weight:5.0,cov_weight:15.0} data.datasets=[cifar100_fixed]
[2025-01-27 22:09:56,434][HYDRA] 	#66 : +training/approach=lwf +training.vcreg={reg_layers:.*after_relu,var_weight:5.0,cov_weight:15.0} data.datasets=[imagenet_subset_kaggle]
[2025-01-27 22:09:56,441][HYDRA] 	#67 : +training/approach=lwf +training.vcreg={reg_layers:.*after_relu,var_weight:5.0,cov_weight:15.0} data.datasets=[cifar100_fixed]
[2025-01-27 22:09:56,447][HYDRA] 	#68 : +training/approach=lwf +training.vcreg={reg_layers:'fc$',var_weight:1.0,cov_weight:0.1} data.datasets=[imagenet_subset_kaggle]
[2025-01-27 22:09:56,454][HYDRA] 	#69 : +training/approach=lwf +training.vcreg={reg_layers:'fc$',var_weight:1.0,cov_weight:0.1} data.datasets=[cifar100_fixed]
[2025-01-27 22:09:56,461][HYDRA] 	#70 : +training/approach=lwf +training.vcreg={reg_layers:.*after_relu,var_weight:1.0,cov_weight:0.1} data.datasets=[imagenet_subset_kaggle]
[2025-01-27 22:09:56,467][HYDRA] 	#71 : +training/approach=lwf +training.vcreg={reg_layers:.*after_relu,var_weight:1.0,cov_weight:0.1} data.datasets=[cifar100_fixed]
[2025-01-27 22:09:56,474][HYDRA] 	#72 : +training/approach=lwf +training.vcreg={reg_layers:'fc$',var_weight:15.0,cov_weight:0.5} data.datasets=[imagenet_subset_kaggle]
[2025-01-27 22:09:56,481][HYDRA] 	#73 : +training/approach=lwf +training.vcreg={reg_layers:'fc$',var_weight:15.0,cov_weight:0.5} data.datasets=[cifar100_fixed]
[2025-01-27 22:09:56,487][HYDRA] 	#74 : +training/approach=lwf +training.vcreg={reg_layers:.*after_relu,var_weight:15.0,cov_weight:0.5} data.datasets=[imagenet_subset_kaggle]
[2025-01-27 22:09:56,494][HYDRA] 	#75 : +training/approach=lwf +training.vcreg={reg_layers:.*after_relu,var_weight:15.0,cov_weight:0.5} data.datasets=[cifar100_fixed]
[2025-01-27 22:09:56,501][HYDRA] 	#76 : +training/approach=lwf +training.vcreg={reg_layers:'fc$',var_weight:20.0,cov_weight:20.0} data.datasets=[imagenet_subset_kaggle]
[2025-01-27 22:09:56,507][HYDRA] 	#77 : +training/approach=lwf +training.vcreg={reg_layers:'fc$',var_weight:20.0,cov_weight:20.0} data.datasets=[cifar100_fixed]
[2025-01-27 22:09:56,514][HYDRA] 	#78 : +training/approach=lwf +training.vcreg={reg_layers:.*after_relu,var_weight:20.0,cov_weight:20.0} data.datasets=[imagenet_subset_kaggle]
[2025-01-27 22:09:56,521][HYDRA] 	#79 : +training/approach=lwf +training.vcreg={reg_layers:.*after_relu,var_weight:20.0,cov_weight:20.0} data.datasets=[cifar100_fixed]
[2025-01-27 22:09:56,527][HYDRA] 	#80 : +training/approach=lwf +training.vcreg={reg_layers:'fc$',var_weight:15.0,cov_weight:10.0} data.datasets=[imagenet_subset_kaggle]
[2025-01-27 22:09:56,534][HYDRA] 	#81 : +training/approach=lwf +training.vcreg={reg_layers:'fc$',var_weight:15.0,cov_weight:10.0} data.datasets=[cifar100_fixed]
[2025-01-27 22:09:56,541][HYDRA] 	#82 : +training/approach=lwf +training.vcreg={reg_layers:.*after_relu,var_weight:15.0,cov_weight:10.0} data.datasets=[imagenet_subset_kaggle]
[2025-01-27 22:09:56,547][HYDRA] 	#83 : +training/approach=lwf +training.vcreg={reg_layers:.*after_relu,var_weight:15.0,cov_weight:10.0} data.datasets=[cifar100_fixed]
