[2025-01-27 22:10:27,539][HYDRA] Submitit 'slurm' sweep output dir : results/2025/01.27/22-10-16
[2025-01-27 22:10:27,543][HYDRA] 	#0 : +training/approach=replay +training.vcreg={reg_layers:.*after_skipping,var_weight:0.0,cov_weight:0.0} data.datasets=[imagenet_subset_kaggle]
[2025-01-27 22:10:27,550][HYDRA] 	#1 : +training/approach=replay +training.vcreg={reg_layers:.*after_skipping,var_weight:0.0,cov_weight:0.0} data.datasets=[cifar100_fixed]
[2025-01-27 22:10:27,557][HYDRA] 	#2 : +training/approach=replay +training.vcreg={reg_layers:classifier$,var_weight:5.0,cov_weight:10.0} data.datasets=[imagenet_subset_kaggle]
[2025-01-27 22:10:27,565][HYDRA] 	#3 : +training/approach=replay +training.vcreg={reg_layers:classifier$,var_weight:5.0,cov_weight:10.0} data.datasets=[cifar100_fixed]
[2025-01-27 22:10:27,571][HYDRA] 	#4 : +training/approach=replay +training.vcreg={reg_layers:.*after_skipping,var_weight:5.0,cov_weight:10.0} data.datasets=[imagenet_subset_kaggle]
[2025-01-27 22:10:27,578][HYDRA] 	#5 : +training/approach=replay +training.vcreg={reg_layers:.*after_skipping,var_weight:5.0,cov_weight:10.0} data.datasets=[cifar100_fixed]
[2025-01-27 22:10:27,584][HYDRA] 	#6 : +training/approach=replay +training.vcreg={reg_layers:classifier$,var_weight:10.0,cov_weight:5.0} data.datasets=[imagenet_subset_kaggle]
[2025-01-27 22:10:27,591][HYDRA] 	#7 : +training/approach=replay +training.vcreg={reg_layers:classifier$,var_weight:10.0,cov_weight:5.0} data.datasets=[cifar100_fixed]
[2025-01-27 22:10:27,597][HYDRA] 	#8 : +training/approach=replay +training.vcreg={reg_layers:.*after_skipping,var_weight:10.0,cov_weight:5.0} data.datasets=[imagenet_subset_kaggle]
[2025-01-27 22:10:27,604][HYDRA] 	#9 : +training/approach=replay +training.vcreg={reg_layers:.*after_skipping,var_weight:10.0,cov_weight:5.0} data.datasets=[cifar100_fixed]
[2025-01-27 22:10:27,611][HYDRA] 	#10 : +training/approach=replay +training.vcreg={reg_layers:classifier$,var_weight:20.0,cov_weight:10.0} data.datasets=[imagenet_subset_kaggle]
[2025-01-27 22:10:27,617][HYDRA] 	#11 : +training/approach=replay +training.vcreg={reg_layers:classifier$,var_weight:20.0,cov_weight:10.0} data.datasets=[cifar100_fixed]
[2025-01-27 22:10:27,624][HYDRA] 	#12 : +training/approach=replay +training.vcreg={reg_layers:.*after_skipping,var_weight:20.0,cov_weight:10.0} data.datasets=[imagenet_subset_kaggle]
[2025-01-27 22:10:27,630][HYDRA] 	#13 : +training/approach=replay +training.vcreg={reg_layers:.*after_skipping,var_weight:20.0,cov_weight:10.0} data.datasets=[cifar100_fixed]
[2025-01-27 22:10:27,637][HYDRA] 	#14 : +training/approach=replay +training.vcreg={reg_layers:classifier$,var_weight:15.0,cov_weight:0.5} data.datasets=[imagenet_subset_kaggle]
[2025-01-27 22:10:27,643][HYDRA] 	#15 : +training/approach=replay +training.vcreg={reg_layers:classifier$,var_weight:15.0,cov_weight:0.5} data.datasets=[cifar100_fixed]
[2025-01-27 22:10:27,650][HYDRA] 	#16 : +training/approach=replay +training.vcreg={reg_layers:.*after_skipping,var_weight:15.0,cov_weight:0.5} data.datasets=[imagenet_subset_kaggle]
[2025-01-27 22:10:27,657][HYDRA] 	#17 : +training/approach=replay +training.vcreg={reg_layers:.*after_skipping,var_weight:15.0,cov_weight:0.5} data.datasets=[cifar100_fixed]
[2025-01-27 22:10:27,663][HYDRA] 	#18 : +training/approach=replay +training.vcreg={reg_layers:classifier$,var_weight:1.0,cov_weight:0.1} data.datasets=[imagenet_subset_kaggle]
[2025-01-27 22:10:27,669][HYDRA] 	#19 : +training/approach=replay +training.vcreg={reg_layers:classifier$,var_weight:1.0,cov_weight:0.1} data.datasets=[cifar100_fixed]
[2025-01-27 22:10:27,676][HYDRA] 	#20 : +training/approach=replay +training.vcreg={reg_layers:.*after_skipping,var_weight:1.0,cov_weight:0.1} data.datasets=[imagenet_subset_kaggle]
[2025-01-27 22:10:27,682][HYDRA] 	#21 : +training/approach=replay +training.vcreg={reg_layers:.*after_skipping,var_weight:1.0,cov_weight:0.1} data.datasets=[cifar100_fixed]
[2025-01-27 22:10:27,689][HYDRA] 	#22 : +training/approach=replay +training.vcreg={reg_layers:classifier$,var_weight:5.0,cov_weight:15.0} data.datasets=[imagenet_subset_kaggle]
[2025-01-27 22:10:27,695][HYDRA] 	#23 : +training/approach=replay +training.vcreg={reg_layers:classifier$,var_weight:5.0,cov_weight:15.0} data.datasets=[cifar100_fixed]
[2025-01-27 22:10:27,702][HYDRA] 	#24 : +training/approach=replay +training.vcreg={reg_layers:.*after_skipping,var_weight:5.0,cov_weight:15.0} data.datasets=[imagenet_subset_kaggle]
[2025-01-27 22:10:27,709][HYDRA] 	#25 : +training/approach=replay +training.vcreg={reg_layers:.*after_skipping,var_weight:5.0,cov_weight:15.0} data.datasets=[cifar100_fixed]
[2025-01-27 22:10:27,715][HYDRA] 	#26 : +training/approach=replay +training.vcreg={reg_layers:classifier$,var_weight:1.0,cov_weight:0.1} data.datasets=[imagenet_subset_kaggle]
[2025-01-27 22:10:27,722][HYDRA] 	#27 : +training/approach=replay +training.vcreg={reg_layers:classifier$,var_weight:1.0,cov_weight:0.1} data.datasets=[cifar100_fixed]
[2025-01-27 22:10:27,728][HYDRA] 	#28 : +training/approach=replay +training.vcreg={reg_layers:.*after_skipping,var_weight:1.0,cov_weight:0.1} data.datasets=[imagenet_subset_kaggle]
[2025-01-27 22:10:27,735][HYDRA] 	#29 : +training/approach=replay +training.vcreg={reg_layers:.*after_skipping,var_weight:1.0,cov_weight:0.1} data.datasets=[cifar100_fixed]
[2025-01-27 22:10:27,741][HYDRA] 	#30 : +training/approach=replay +training.vcreg={reg_layers:classifier$,var_weight:15.0,cov_weight:0.5} data.datasets=[imagenet_subset_kaggle]
[2025-01-27 22:10:27,995][HYDRA] 	#31 : +training/approach=replay +training.vcreg={reg_layers:classifier$,var_weight:15.0,cov_weight:0.5} data.datasets=[cifar100_fixed]
[2025-01-27 22:10:28,002][HYDRA] 	#32 : +training/approach=replay +training.vcreg={reg_layers:.*after_skipping,var_weight:15.0,cov_weight:0.5} data.datasets=[imagenet_subset_kaggle]
[2025-01-27 22:10:28,008][HYDRA] 	#33 : +training/approach=replay +training.vcreg={reg_layers:.*after_skipping,var_weight:15.0,cov_weight:0.5} data.datasets=[cifar100_fixed]
[2025-01-27 22:10:28,015][HYDRA] 	#34 : +training/approach=replay +training.vcreg={reg_layers:classifier$,var_weight:20.0,cov_weight:20.0} data.datasets=[imagenet_subset_kaggle]
[2025-01-27 22:10:28,021][HYDRA] 	#35 : +training/approach=replay +training.vcreg={reg_layers:classifier$,var_weight:20.0,cov_weight:20.0} data.datasets=[cifar100_fixed]
[2025-01-27 22:10:28,027][HYDRA] 	#36 : +training/approach=replay +training.vcreg={reg_layers:.*after_skipping,var_weight:20.0,cov_weight:20.0} data.datasets=[imagenet_subset_kaggle]
[2025-01-27 22:10:28,035][HYDRA] 	#37 : +training/approach=replay +training.vcreg={reg_layers:.*after_skipping,var_weight:20.0,cov_weight:20.0} data.datasets=[cifar100_fixed]
[2025-01-27 22:10:28,041][HYDRA] 	#38 : +training/approach=replay +training.vcreg={reg_layers:classifier$,var_weight:15.0,cov_weight:10.0} data.datasets=[imagenet_subset_kaggle]
[2025-01-27 22:10:28,048][HYDRA] 	#39 : +training/approach=replay +training.vcreg={reg_layers:classifier$,var_weight:15.0,cov_weight:10.0} data.datasets=[cifar100_fixed]
[2025-01-27 22:10:28,054][HYDRA] 	#40 : +training/approach=replay +training.vcreg={reg_layers:.*after_skipping,var_weight:15.0,cov_weight:10.0} data.datasets=[imagenet_subset_kaggle]
[2025-01-27 22:10:28,061][HYDRA] 	#41 : +training/approach=replay +training.vcreg={reg_layers:.*after_skipping,var_weight:15.0,cov_weight:10.0} data.datasets=[cifar100_fixed]
[2025-01-27 22:10:28,067][HYDRA] 	#42 : +training/approach=lwf +training.vcreg={reg_layers:.*after_skipping,var_weight:0.0,cov_weight:0.0} data.datasets=[imagenet_subset_kaggle]
[2025-01-27 22:10:28,073][HYDRA] 	#43 : +training/approach=lwf +training.vcreg={reg_layers:.*after_skipping,var_weight:0.0,cov_weight:0.0} data.datasets=[cifar100_fixed]
[2025-01-27 22:10:28,081][HYDRA] 	#44 : +training/approach=lwf +training.vcreg={reg_layers:classifier$,var_weight:5.0,cov_weight:10.0} data.datasets=[imagenet_subset_kaggle]
[2025-01-27 22:10:28,087][HYDRA] 	#45 : +training/approach=lwf +training.vcreg={reg_layers:classifier$,var_weight:5.0,cov_weight:10.0} data.datasets=[cifar100_fixed]
[2025-01-27 22:10:28,093][HYDRA] 	#46 : +training/approach=lwf +training.vcreg={reg_layers:.*after_skipping,var_weight:5.0,cov_weight:10.0} data.datasets=[imagenet_subset_kaggle]
[2025-01-27 22:10:28,100][HYDRA] 	#47 : +training/approach=lwf +training.vcreg={reg_layers:.*after_skipping,var_weight:5.0,cov_weight:10.0} data.datasets=[cifar100_fixed]
[2025-01-27 22:10:28,106][HYDRA] 	#48 : +training/approach=lwf +training.vcreg={reg_layers:classifier$,var_weight:10.0,cov_weight:5.0} data.datasets=[imagenet_subset_kaggle]
[2025-01-27 22:10:28,113][HYDRA] 	#49 : +training/approach=lwf +training.vcreg={reg_layers:classifier$,var_weight:10.0,cov_weight:5.0} data.datasets=[cifar100_fixed]
[2025-01-27 22:10:28,119][HYDRA] 	#50 : +training/approach=lwf +training.vcreg={reg_layers:.*after_skipping,var_weight:10.0,cov_weight:5.0} data.datasets=[imagenet_subset_kaggle]
[2025-01-27 22:10:28,126][HYDRA] 	#51 : +training/approach=lwf +training.vcreg={reg_layers:.*after_skipping,var_weight:10.0,cov_weight:5.0} data.datasets=[cifar100_fixed]
[2025-01-27 22:10:28,133][HYDRA] 	#52 : +training/approach=lwf +training.vcreg={reg_layers:classifier$,var_weight:20.0,cov_weight:10.0} data.datasets=[imagenet_subset_kaggle]
[2025-01-27 22:10:28,139][HYDRA] 	#53 : +training/approach=lwf +training.vcreg={reg_layers:classifier$,var_weight:20.0,cov_weight:10.0} data.datasets=[cifar100_fixed]
[2025-01-27 22:10:28,146][HYDRA] 	#54 : +training/approach=lwf +training.vcreg={reg_layers:.*after_skipping,var_weight:20.0,cov_weight:10.0} data.datasets=[imagenet_subset_kaggle]
[2025-01-27 22:10:28,152][HYDRA] 	#55 : +training/approach=lwf +training.vcreg={reg_layers:.*after_skipping,var_weight:20.0,cov_weight:10.0} data.datasets=[cifar100_fixed]
[2025-01-27 22:10:28,159][HYDRA] 	#56 : +training/approach=lwf +training.vcreg={reg_layers:classifier$,var_weight:15.0,cov_weight:0.5} data.datasets=[imagenet_subset_kaggle]
[2025-01-27 22:10:28,165][HYDRA] 	#57 : +training/approach=lwf +training.vcreg={reg_layers:classifier$,var_weight:15.0,cov_weight:0.5} data.datasets=[cifar100_fixed]
[2025-01-27 22:10:28,172][HYDRA] 	#58 : +training/approach=lwf +training.vcreg={reg_layers:.*after_skipping,var_weight:15.0,cov_weight:0.5} data.datasets=[imagenet_subset_kaggle]
[2025-01-27 22:10:28,179][HYDRA] 	#59 : +training/approach=lwf +training.vcreg={reg_layers:.*after_skipping,var_weight:15.0,cov_weight:0.5} data.datasets=[cifar100_fixed]
[2025-01-27 22:10:28,185][HYDRA] 	#60 : +training/approach=lwf +training.vcreg={reg_layers:classifier$,var_weight:1.0,cov_weight:0.1} data.datasets=[imagenet_subset_kaggle]
[2025-01-27 22:10:28,192][HYDRA] 	#61 : +training/approach=lwf +training.vcreg={reg_layers:classifier$,var_weight:1.0,cov_weight:0.1} data.datasets=[cifar100_fixed]
[2025-01-27 22:10:28,198][HYDRA] 	#62 : +training/approach=lwf +training.vcreg={reg_layers:.*after_skipping,var_weight:1.0,cov_weight:0.1} data.datasets=[imagenet_subset_kaggle]
[2025-01-27 22:10:28,205][HYDRA] 	#63 : +training/approach=lwf +training.vcreg={reg_layers:.*after_skipping,var_weight:1.0,cov_weight:0.1} data.datasets=[cifar100_fixed]
[2025-01-27 22:10:28,211][HYDRA] 	#64 : +training/approach=lwf +training.vcreg={reg_layers:classifier$,var_weight:5.0,cov_weight:15.0} data.datasets=[imagenet_subset_kaggle]
[2025-01-27 22:10:28,218][HYDRA] 	#65 : +training/approach=lwf +training.vcreg={reg_layers:classifier$,var_weight:5.0,cov_weight:15.0} data.datasets=[cifar100_fixed]
[2025-01-27 22:10:28,225][HYDRA] 	#66 : +training/approach=lwf +training.vcreg={reg_layers:.*after_skipping,var_weight:5.0,cov_weight:15.0} data.datasets=[imagenet_subset_kaggle]
[2025-01-27 22:10:28,231][HYDRA] 	#67 : +training/approach=lwf +training.vcreg={reg_layers:.*after_skipping,var_weight:5.0,cov_weight:15.0} data.datasets=[cifar100_fixed]
[2025-01-27 22:10:28,238][HYDRA] 	#68 : +training/approach=lwf +training.vcreg={reg_layers:classifier$,var_weight:1.0,cov_weight:0.1} data.datasets=[imagenet_subset_kaggle]
[2025-01-27 22:10:28,244][HYDRA] 	#69 : +training/approach=lwf +training.vcreg={reg_layers:classifier$,var_weight:1.0,cov_weight:0.1} data.datasets=[cifar100_fixed]
[2025-01-27 22:10:28,251][HYDRA] 	#70 : +training/approach=lwf +training.vcreg={reg_layers:.*after_skipping,var_weight:1.0,cov_weight:0.1} data.datasets=[imagenet_subset_kaggle]
[2025-01-27 22:10:28,257][HYDRA] 	#71 : +training/approach=lwf +training.vcreg={reg_layers:.*after_skipping,var_weight:1.0,cov_weight:0.1} data.datasets=[cifar100_fixed]
[2025-01-27 22:10:28,264][HYDRA] 	#72 : +training/approach=lwf +training.vcreg={reg_layers:classifier$,var_weight:15.0,cov_weight:0.5} data.datasets=[imagenet_subset_kaggle]
[2025-01-27 22:10:28,271][HYDRA] 	#73 : +training/approach=lwf +training.vcreg={reg_layers:classifier$,var_weight:15.0,cov_weight:0.5} data.datasets=[cifar100_fixed]
[2025-01-27 22:10:28,277][HYDRA] 	#74 : +training/approach=lwf +training.vcreg={reg_layers:.*after_skipping,var_weight:15.0,cov_weight:0.5} data.datasets=[imagenet_subset_kaggle]
[2025-01-27 22:10:28,284][HYDRA] 	#75 : +training/approach=lwf +training.vcreg={reg_layers:.*after_skipping,var_weight:15.0,cov_weight:0.5} data.datasets=[cifar100_fixed]
[2025-01-27 22:10:28,290][HYDRA] 	#76 : +training/approach=lwf +training.vcreg={reg_layers:classifier$,var_weight:20.0,cov_weight:20.0} data.datasets=[imagenet_subset_kaggle]
[2025-01-27 22:10:28,297][HYDRA] 	#77 : +training/approach=lwf +training.vcreg={reg_layers:classifier$,var_weight:20.0,cov_weight:20.0} data.datasets=[cifar100_fixed]
[2025-01-27 22:10:28,303][HYDRA] 	#78 : +training/approach=lwf +training.vcreg={reg_layers:.*after_skipping,var_weight:20.0,cov_weight:20.0} data.datasets=[imagenet_subset_kaggle]
[2025-01-27 22:10:28,310][HYDRA] 	#79 : +training/approach=lwf +training.vcreg={reg_layers:.*after_skipping,var_weight:20.0,cov_weight:20.0} data.datasets=[cifar100_fixed]
[2025-01-27 22:10:28,316][HYDRA] 	#80 : +training/approach=lwf +training.vcreg={reg_layers:classifier$,var_weight:15.0,cov_weight:10.0} data.datasets=[imagenet_subset_kaggle]
[2025-01-27 22:10:28,323][HYDRA] 	#81 : +training/approach=lwf +training.vcreg={reg_layers:classifier$,var_weight:15.0,cov_weight:10.0} data.datasets=[cifar100_fixed]
[2025-01-27 22:10:28,329][HYDRA] 	#82 : +training/approach=lwf +training.vcreg={reg_layers:.*after_skipping,var_weight:15.0,cov_weight:10.0} data.datasets=[imagenet_subset_kaggle]
[2025-01-27 22:10:28,336][HYDRA] 	#83 : +training/approach=lwf +training.vcreg={reg_layers:.*after_skipping,var_weight:15.0,cov_weight:10.0} data.datasets=[cifar100_fixed]
