[2025-01-25 21:01:55,522][HYDRA] Submitit 'slurm' sweep output dir : results/2025/01.25/21-01-46
[2025-01-25 21:01:55,524][HYDRA] 	#0 : +training/approach=replay +training.vcreg={var_weight:0.1,cov_weight:0.1} data.datasets=[imagenet_subset_kaggle]
[2025-01-25 21:01:55,531][HYDRA] 	#1 : +training/approach=replay +training.vcreg={var_weight:0.1,cov_weight:0.1} data.datasets=[cifar100_fixed]
[2025-01-25 21:01:55,537][HYDRA] 	#2 : +training/approach=replay +training.vcreg={var_weight:0.1,cov_weight:0.5} data.datasets=[imagenet_subset_kaggle]
[2025-01-25 21:01:55,544][HYDRA] 	#3 : +training/approach=replay +training.vcreg={var_weight:0.1,cov_weight:0.5} data.datasets=[cifar100_fixed]
[2025-01-25 21:01:55,550][HYDRA] 	#4 : +training/approach=replay +training.vcreg={var_weight:0.5,cov_weight:0.1} data.datasets=[imagenet_subset_kaggle]
[2025-01-25 21:01:55,557][HYDRA] 	#5 : +training/approach=replay +training.vcreg={var_weight:0.5,cov_weight:0.1} data.datasets=[cifar100_fixed]
[2025-01-25 21:01:55,564][HYDRA] 	#6 : +training/approach=replay +training.vcreg={var_weight:0.5,cov_weight:0.5} data.datasets=[imagenet_subset_kaggle]
[2025-01-25 21:01:55,570][HYDRA] 	#7 : +training/approach=replay +training.vcreg={var_weight:0.5,cov_weight:0.5} data.datasets=[cifar100_fixed]
[2025-01-25 21:01:55,577][HYDRA] 	#8 : +training/approach=replay +training.vcreg={var_weight:0.5,cov_weight:1} data.datasets=[imagenet_subset_kaggle]
[2025-01-25 21:01:55,583][HYDRA] 	#9 : +training/approach=replay +training.vcreg={var_weight:0.5,cov_weight:1} data.datasets=[cifar100_fixed]
[2025-01-25 21:01:55,590][HYDRA] 	#10 : +training/approach=replay +training.vcreg={var_weight:1,cov_weight:0.5} data.datasets=[imagenet_subset_kaggle]
[2025-01-25 21:01:55,597][HYDRA] 	#11 : +training/approach=replay +training.vcreg={var_weight:1,cov_weight:0.5} data.datasets=[cifar100_fixed]
[2025-01-25 21:01:55,603][HYDRA] 	#12 : +training/approach=replay +training.vcreg={var_weight:1,cov_weight:1} data.datasets=[imagenet_subset_kaggle]
[2025-01-25 21:01:55,610][HYDRA] 	#13 : +training/approach=replay +training.vcreg={var_weight:1,cov_weight:1} data.datasets=[cifar100_fixed]
[2025-01-25 21:01:55,617][HYDRA] 	#14 : +training/approach=replay +training.vcreg={var_weight:1,cov_weight:5} data.datasets=[imagenet_subset_kaggle]
[2025-01-25 21:01:55,623][HYDRA] 	#15 : +training/approach=replay +training.vcreg={var_weight:1,cov_weight:5} data.datasets=[cifar100_fixed]
[2025-01-25 21:01:55,630][HYDRA] 	#16 : +training/approach=replay +training.vcreg={var_weight:5,cov_weight:1} data.datasets=[imagenet_subset_kaggle]
[2025-01-25 21:01:55,636][HYDRA] 	#17 : +training/approach=replay +training.vcreg={var_weight:5,cov_weight:1} data.datasets=[cifar100_fixed]
[2025-01-25 21:01:55,643][HYDRA] 	#18 : +training/approach=replay +training.vcreg={var_weight:5,cov_weight:5} data.datasets=[imagenet_subset_kaggle]
[2025-01-25 21:01:55,649][HYDRA] 	#19 : +training/approach=replay +training.vcreg={var_weight:5,cov_weight:5} data.datasets=[cifar100_fixed]
[2025-01-25 21:01:55,656][HYDRA] 	#20 : +training/approach=replay +training.vcreg={var_weight:5,cov_weight:10} data.datasets=[imagenet_subset_kaggle]
[2025-01-25 21:01:55,662][HYDRA] 	#21 : +training/approach=replay +training.vcreg={var_weight:5,cov_weight:10} data.datasets=[cifar100_fixed]
[2025-01-25 21:01:55,669][HYDRA] 	#22 : +training/approach=replay +training.vcreg={var_weight:10,cov_weight:5} data.datasets=[imagenet_subset_kaggle]
[2025-01-25 21:01:55,675][HYDRA] 	#23 : +training/approach=replay +training.vcreg={var_weight:10,cov_weight:5} data.datasets=[cifar100_fixed]
[2025-01-25 21:01:55,682][HYDRA] 	#24 : +training/approach=replay +training.vcreg={var_weight:10,cov_weight:10} data.datasets=[imagenet_subset_kaggle]
[2025-01-25 21:01:55,688][HYDRA] 	#25 : +training/approach=replay +training.vcreg={var_weight:10,cov_weight:10} data.datasets=[cifar100_fixed]
[2025-01-25 21:01:55,695][HYDRA] 	#26 : +training/approach=replay +training.vcreg={var_weight:10,cov_weight:15} data.datasets=[imagenet_subset_kaggle]
[2025-01-25 21:01:55,702][HYDRA] 	#27 : +training/approach=replay +training.vcreg={var_weight:10,cov_weight:15} data.datasets=[cifar100_fixed]
[2025-01-25 21:01:55,709][HYDRA] 	#28 : +training/approach=replay +training.vcreg={var_weight:15,cov_weight:10} data.datasets=[imagenet_subset_kaggle]
[2025-01-25 21:01:55,715][HYDRA] 	#29 : +training/approach=replay +training.vcreg={var_weight:15,cov_weight:10} data.datasets=[cifar100_fixed]
[2025-01-25 21:01:55,722][HYDRA] 	#30 : +training/approach=replay +training.vcreg={var_weight:15,cov_weight:15} data.datasets=[imagenet_subset_kaggle]
[2025-01-25 21:01:55,728][HYDRA] 	#31 : +training/approach=replay +training.vcreg={var_weight:15,cov_weight:15} data.datasets=[cifar100_fixed]
[2025-01-25 21:01:55,735][HYDRA] 	#32 : +training/approach=replay +training.vcreg={var_weight:15,cov_weight:20} data.datasets=[imagenet_subset_kaggle]
[2025-01-25 21:01:55,741][HYDRA] 	#33 : +training/approach=replay +training.vcreg={var_weight:15,cov_weight:20} data.datasets=[cifar100_fixed]
[2025-01-25 21:01:55,748][HYDRA] 	#34 : +training/approach=replay +training.vcreg={var_weight:20,cov_weight:15} data.datasets=[imagenet_subset_kaggle]
[2025-01-25 21:01:55,755][HYDRA] 	#35 : +training/approach=replay +training.vcreg={var_weight:20,cov_weight:15} data.datasets=[cifar100_fixed]
[2025-01-25 21:01:55,761][HYDRA] 	#36 : +training/approach=replay +training.vcreg={var_weight:20,cov_weight:20} data.datasets=[imagenet_subset_kaggle]
[2025-01-25 21:01:55,768][HYDRA] 	#37 : +training/approach=replay +training.vcreg={var_weight:20,cov_weight:20} data.datasets=[cifar100_fixed]
[2025-01-25 21:01:55,774][HYDRA] 	#38 : +training/approach=lwf +training.vcreg={var_weight:0.1,cov_weight:0.1} data.datasets=[imagenet_subset_kaggle]
[2025-01-25 21:01:55,781][HYDRA] 	#39 : +training/approach=lwf +training.vcreg={var_weight:0.1,cov_weight:0.1} data.datasets=[cifar100_fixed]
[2025-01-25 21:01:55,787][HYDRA] 	#40 : +training/approach=lwf +training.vcreg={var_weight:0.1,cov_weight:0.5} data.datasets=[imagenet_subset_kaggle]
[2025-01-25 21:01:55,794][HYDRA] 	#41 : +training/approach=lwf +training.vcreg={var_weight:0.1,cov_weight:0.5} data.datasets=[cifar100_fixed]
[2025-01-25 21:01:55,801][HYDRA] 	#42 : +training/approach=lwf +training.vcreg={var_weight:0.5,cov_weight:0.1} data.datasets=[imagenet_subset_kaggle]
[2025-01-25 21:01:55,807][HYDRA] 	#43 : +training/approach=lwf +training.vcreg={var_weight:0.5,cov_weight:0.1} data.datasets=[cifar100_fixed]
[2025-01-25 21:01:55,814][HYDRA] 	#44 : +training/approach=lwf +training.vcreg={var_weight:0.5,cov_weight:0.5} data.datasets=[imagenet_subset_kaggle]
[2025-01-25 21:01:55,821][HYDRA] 	#45 : +training/approach=lwf +training.vcreg={var_weight:0.5,cov_weight:0.5} data.datasets=[cifar100_fixed]
[2025-01-25 21:01:55,827][HYDRA] 	#46 : +training/approach=lwf +training.vcreg={var_weight:0.5,cov_weight:1} data.datasets=[imagenet_subset_kaggle]
[2025-01-25 21:01:55,834][HYDRA] 	#47 : +training/approach=lwf +training.vcreg={var_weight:0.5,cov_weight:1} data.datasets=[cifar100_fixed]
[2025-01-25 21:01:55,841][HYDRA] 	#48 : +training/approach=lwf +training.vcreg={var_weight:1,cov_weight:0.5} data.datasets=[imagenet_subset_kaggle]
[2025-01-25 21:01:55,940][HYDRA] 	#49 : +training/approach=lwf +training.vcreg={var_weight:1,cov_weight:0.5} data.datasets=[cifar100_fixed]
[2025-01-25 21:01:55,946][HYDRA] 	#50 : +training/approach=lwf +training.vcreg={var_weight:1,cov_weight:1} data.datasets=[imagenet_subset_kaggle]
[2025-01-25 21:01:55,953][HYDRA] 	#51 : +training/approach=lwf +training.vcreg={var_weight:1,cov_weight:1} data.datasets=[cifar100_fixed]
[2025-01-25 21:01:55,959][HYDRA] 	#52 : +training/approach=lwf +training.vcreg={var_weight:1,cov_weight:5} data.datasets=[imagenet_subset_kaggle]
[2025-01-25 21:01:55,965][HYDRA] 	#53 : +training/approach=lwf +training.vcreg={var_weight:1,cov_weight:5} data.datasets=[cifar100_fixed]
[2025-01-25 21:01:55,972][HYDRA] 	#54 : +training/approach=lwf +training.vcreg={var_weight:5,cov_weight:1} data.datasets=[imagenet_subset_kaggle]
[2025-01-25 21:01:55,979][HYDRA] 	#55 : +training/approach=lwf +training.vcreg={var_weight:5,cov_weight:1} data.datasets=[cifar100_fixed]
[2025-01-25 21:01:55,985][HYDRA] 	#56 : +training/approach=lwf +training.vcreg={var_weight:5,cov_weight:5} data.datasets=[imagenet_subset_kaggle]
[2025-01-25 21:01:55,992][HYDRA] 	#57 : +training/approach=lwf +training.vcreg={var_weight:5,cov_weight:5} data.datasets=[cifar100_fixed]
[2025-01-25 21:01:55,998][HYDRA] 	#58 : +training/approach=lwf +training.vcreg={var_weight:5,cov_weight:10} data.datasets=[imagenet_subset_kaggle]
[2025-01-25 21:01:56,005][HYDRA] 	#59 : +training/approach=lwf +training.vcreg={var_weight:5,cov_weight:10} data.datasets=[cifar100_fixed]
[2025-01-25 21:01:56,011][HYDRA] 	#60 : +training/approach=lwf +training.vcreg={var_weight:10,cov_weight:5} data.datasets=[imagenet_subset_kaggle]
[2025-01-25 21:01:56,018][HYDRA] 	#61 : +training/approach=lwf +training.vcreg={var_weight:10,cov_weight:5} data.datasets=[cifar100_fixed]
[2025-01-25 21:01:56,025][HYDRA] 	#62 : +training/approach=lwf +training.vcreg={var_weight:10,cov_weight:10} data.datasets=[imagenet_subset_kaggle]
[2025-01-25 21:01:56,031][HYDRA] 	#63 : +training/approach=lwf +training.vcreg={var_weight:10,cov_weight:10} data.datasets=[cifar100_fixed]
[2025-01-25 21:01:56,038][HYDRA] 	#64 : +training/approach=lwf +training.vcreg={var_weight:10,cov_weight:15} data.datasets=[imagenet_subset_kaggle]
[2025-01-25 21:01:56,044][HYDRA] 	#65 : +training/approach=lwf +training.vcreg={var_weight:10,cov_weight:15} data.datasets=[cifar100_fixed]
[2025-01-25 21:01:56,051][HYDRA] 	#66 : +training/approach=lwf +training.vcreg={var_weight:15,cov_weight:10} data.datasets=[imagenet_subset_kaggle]
[2025-01-25 21:01:56,057][HYDRA] 	#67 : +training/approach=lwf +training.vcreg={var_weight:15,cov_weight:10} data.datasets=[cifar100_fixed]
[2025-01-25 21:01:56,064][HYDRA] 	#68 : +training/approach=lwf +training.vcreg={var_weight:15,cov_weight:15} data.datasets=[imagenet_subset_kaggle]
[2025-01-25 21:01:56,071][HYDRA] 	#69 : +training/approach=lwf +training.vcreg={var_weight:15,cov_weight:15} data.datasets=[cifar100_fixed]
[2025-01-25 21:01:56,077][HYDRA] 	#70 : +training/approach=lwf +training.vcreg={var_weight:15,cov_weight:20} data.datasets=[imagenet_subset_kaggle]
[2025-01-25 21:01:56,083][HYDRA] 	#71 : +training/approach=lwf +training.vcreg={var_weight:15,cov_weight:20} data.datasets=[cifar100_fixed]
[2025-01-25 21:01:56,090][HYDRA] 	#72 : +training/approach=lwf +training.vcreg={var_weight:20,cov_weight:15} data.datasets=[imagenet_subset_kaggle]
[2025-01-25 21:01:56,096][HYDRA] 	#73 : +training/approach=lwf +training.vcreg={var_weight:20,cov_weight:15} data.datasets=[cifar100_fixed]
[2025-01-25 21:01:56,103][HYDRA] 	#74 : +training/approach=lwf +training.vcreg={var_weight:20,cov_weight:20} data.datasets=[imagenet_subset_kaggle]
[2025-01-25 21:01:56,110][HYDRA] 	#75 : +training/approach=lwf +training.vcreg={var_weight:20,cov_weight:20} data.datasets=[cifar100_fixed]
