[2025-01-25 21:01:37,117][HYDRA] Submitit 'slurm' sweep output dir : results/2025/01.25/21-01-27
[2025-01-25 21:01:37,119][HYDRA] 	#0 : +training/approach=replay +training.vcreg={var_weight:0.1,cov_weight:0.1} data.datasets=[imagenet_subset_kaggle]
[2025-01-25 21:01:37,126][HYDRA] 	#1 : +training/approach=replay +training.vcreg={var_weight:0.1,cov_weight:0.1} data.datasets=[cifar100_fixed]
[2025-01-25 21:01:37,133][HYDRA] 	#2 : +training/approach=replay +training.vcreg={var_weight:0.1,cov_weight:0.5} data.datasets=[imagenet_subset_kaggle]
[2025-01-25 21:01:37,139][HYDRA] 	#3 : +training/approach=replay +training.vcreg={var_weight:0.1,cov_weight:0.5} data.datasets=[cifar100_fixed]
[2025-01-25 21:01:37,146][HYDRA] 	#4 : +training/approach=replay +training.vcreg={var_weight:0.5,cov_weight:0.1} data.datasets=[imagenet_subset_kaggle]
[2025-01-25 21:01:37,152][HYDRA] 	#5 : +training/approach=replay +training.vcreg={var_weight:0.5,cov_weight:0.1} data.datasets=[cifar100_fixed]
[2025-01-25 21:01:37,159][HYDRA] 	#6 : +training/approach=replay +training.vcreg={var_weight:0.5,cov_weight:0.5} data.datasets=[imagenet_subset_kaggle]
[2025-01-25 21:01:37,166][HYDRA] 	#7 : +training/approach=replay +training.vcreg={var_weight:0.5,cov_weight:0.5} data.datasets=[cifar100_fixed]
[2025-01-25 21:01:37,172][HYDRA] 	#8 : +training/approach=replay +training.vcreg={var_weight:0.5,cov_weight:1} data.datasets=[imagenet_subset_kaggle]
[2025-01-25 21:01:37,179][HYDRA] 	#9 : +training/approach=replay +training.vcreg={var_weight:0.5,cov_weight:1} data.datasets=[cifar100_fixed]
[2025-01-25 21:01:37,185][HYDRA] 	#10 : +training/approach=replay +training.vcreg={var_weight:1,cov_weight:0.5} data.datasets=[imagenet_subset_kaggle]
[2025-01-25 21:01:37,192][HYDRA] 	#11 : +training/approach=replay +training.vcreg={var_weight:1,cov_weight:0.5} data.datasets=[cifar100_fixed]
[2025-01-25 21:01:37,199][HYDRA] 	#12 : +training/approach=replay +training.vcreg={var_weight:1,cov_weight:1} data.datasets=[imagenet_subset_kaggle]
[2025-01-25 21:01:37,206][HYDRA] 	#13 : +training/approach=replay +training.vcreg={var_weight:1,cov_weight:1} data.datasets=[cifar100_fixed]
[2025-01-25 21:01:37,212][HYDRA] 	#14 : +training/approach=replay +training.vcreg={var_weight:1,cov_weight:5} data.datasets=[imagenet_subset_kaggle]
[2025-01-25 21:01:37,219][HYDRA] 	#15 : +training/approach=replay +training.vcreg={var_weight:1,cov_weight:5} data.datasets=[cifar100_fixed]
[2025-01-25 21:01:37,225][HYDRA] 	#16 : +training/approach=replay +training.vcreg={var_weight:5,cov_weight:1} data.datasets=[imagenet_subset_kaggle]
[2025-01-25 21:01:37,232][HYDRA] 	#17 : +training/approach=replay +training.vcreg={var_weight:5,cov_weight:1} data.datasets=[cifar100_fixed]
[2025-01-25 21:01:37,238][HYDRA] 	#18 : +training/approach=replay +training.vcreg={var_weight:5,cov_weight:5} data.datasets=[imagenet_subset_kaggle]
[2025-01-25 21:01:37,245][HYDRA] 	#19 : +training/approach=replay +training.vcreg={var_weight:5,cov_weight:5} data.datasets=[cifar100_fixed]
[2025-01-25 21:01:37,252][HYDRA] 	#20 : +training/approach=replay +training.vcreg={var_weight:5,cov_weight:10} data.datasets=[imagenet_subset_kaggle]
[2025-01-25 21:01:37,258][HYDRA] 	#21 : +training/approach=replay +training.vcreg={var_weight:5,cov_weight:10} data.datasets=[cifar100_fixed]
[2025-01-25 21:01:37,265][HYDRA] 	#22 : +training/approach=replay +training.vcreg={var_weight:10,cov_weight:5} data.datasets=[imagenet_subset_kaggle]
[2025-01-25 21:01:37,272][HYDRA] 	#23 : +training/approach=replay +training.vcreg={var_weight:10,cov_weight:5} data.datasets=[cifar100_fixed]
[2025-01-25 21:01:37,278][HYDRA] 	#24 : +training/approach=replay +training.vcreg={var_weight:10,cov_weight:10} data.datasets=[imagenet_subset_kaggle]
[2025-01-25 21:01:37,285][HYDRA] 	#25 : +training/approach=replay +training.vcreg={var_weight:10,cov_weight:10} data.datasets=[cifar100_fixed]
[2025-01-25 21:01:37,292][HYDRA] 	#26 : +training/approach=replay +training.vcreg={var_weight:10,cov_weight:15} data.datasets=[imagenet_subset_kaggle]
[2025-01-25 21:01:37,299][HYDRA] 	#27 : +training/approach=replay +training.vcreg={var_weight:10,cov_weight:15} data.datasets=[cifar100_fixed]
[2025-01-25 21:01:37,305][HYDRA] 	#28 : +training/approach=replay +training.vcreg={var_weight:15,cov_weight:10} data.datasets=[imagenet_subset_kaggle]
[2025-01-25 21:01:37,312][HYDRA] 	#29 : +training/approach=replay +training.vcreg={var_weight:15,cov_weight:10} data.datasets=[cifar100_fixed]
[2025-01-25 21:01:37,318][HYDRA] 	#30 : +training/approach=replay +training.vcreg={var_weight:15,cov_weight:15} data.datasets=[imagenet_subset_kaggle]
[2025-01-25 21:01:37,325][HYDRA] 	#31 : +training/approach=replay +training.vcreg={var_weight:15,cov_weight:15} data.datasets=[cifar100_fixed]
[2025-01-25 21:01:37,331][HYDRA] 	#32 : +training/approach=replay +training.vcreg={var_weight:15,cov_weight:20} data.datasets=[imagenet_subset_kaggle]
[2025-01-25 21:01:37,338][HYDRA] 	#33 : +training/approach=replay +training.vcreg={var_weight:15,cov_weight:20} data.datasets=[cifar100_fixed]
[2025-01-25 21:01:37,345][HYDRA] 	#34 : +training/approach=replay +training.vcreg={var_weight:20,cov_weight:15} data.datasets=[imagenet_subset_kaggle]
[2025-01-25 21:01:37,351][HYDRA] 	#35 : +training/approach=replay +training.vcreg={var_weight:20,cov_weight:15} data.datasets=[cifar100_fixed]
[2025-01-25 21:01:37,358][HYDRA] 	#36 : +training/approach=replay +training.vcreg={var_weight:20,cov_weight:20} data.datasets=[imagenet_subset_kaggle]
[2025-01-25 21:01:37,364][HYDRA] 	#37 : +training/approach=replay +training.vcreg={var_weight:20,cov_weight:20} data.datasets=[cifar100_fixed]
[2025-01-25 21:01:37,371][HYDRA] 	#38 : +training/approach=lwf +training.vcreg={var_weight:0.1,cov_weight:0.1} data.datasets=[imagenet_subset_kaggle]
[2025-01-25 21:01:37,378][HYDRA] 	#39 : +training/approach=lwf +training.vcreg={var_weight:0.1,cov_weight:0.1} data.datasets=[cifar100_fixed]
[2025-01-25 21:01:37,384][HYDRA] 	#40 : +training/approach=lwf +training.vcreg={var_weight:0.1,cov_weight:0.5} data.datasets=[imagenet_subset_kaggle]
[2025-01-25 21:01:37,391][HYDRA] 	#41 : +training/approach=lwf +training.vcreg={var_weight:0.1,cov_weight:0.5} data.datasets=[cifar100_fixed]
[2025-01-25 21:01:37,398][HYDRA] 	#42 : +training/approach=lwf +training.vcreg={var_weight:0.5,cov_weight:0.1} data.datasets=[imagenet_subset_kaggle]
[2025-01-25 21:01:37,404][HYDRA] 	#43 : +training/approach=lwf +training.vcreg={var_weight:0.5,cov_weight:0.1} data.datasets=[cifar100_fixed]
[2025-01-25 21:01:37,411][HYDRA] 	#44 : +training/approach=lwf +training.vcreg={var_weight:0.5,cov_weight:0.5} data.datasets=[imagenet_subset_kaggle]
[2025-01-25 21:01:37,417][HYDRA] 	#45 : +training/approach=lwf +training.vcreg={var_weight:0.5,cov_weight:0.5} data.datasets=[cifar100_fixed]
[2025-01-25 21:01:37,424][HYDRA] 	#46 : +training/approach=lwf +training.vcreg={var_weight:0.5,cov_weight:1} data.datasets=[imagenet_subset_kaggle]
[2025-01-25 21:01:37,430][HYDRA] 	#47 : +training/approach=lwf +training.vcreg={var_weight:0.5,cov_weight:1} data.datasets=[cifar100_fixed]
[2025-01-25 21:01:37,437][HYDRA] 	#48 : +training/approach=lwf +training.vcreg={var_weight:1,cov_weight:0.5} data.datasets=[imagenet_subset_kaggle]
[2025-01-25 21:01:37,680][HYDRA] 	#49 : +training/approach=lwf +training.vcreg={var_weight:1,cov_weight:0.5} data.datasets=[cifar100_fixed]
[2025-01-25 21:01:37,687][HYDRA] 	#50 : +training/approach=lwf +training.vcreg={var_weight:1,cov_weight:1} data.datasets=[imagenet_subset_kaggle]
[2025-01-25 21:01:37,693][HYDRA] 	#51 : +training/approach=lwf +training.vcreg={var_weight:1,cov_weight:1} data.datasets=[cifar100_fixed]
[2025-01-25 21:01:37,700][HYDRA] 	#52 : +training/approach=lwf +training.vcreg={var_weight:1,cov_weight:5} data.datasets=[imagenet_subset_kaggle]
[2025-01-25 21:01:37,706][HYDRA] 	#53 : +training/approach=lwf +training.vcreg={var_weight:1,cov_weight:5} data.datasets=[cifar100_fixed]
[2025-01-25 21:01:37,713][HYDRA] 	#54 : +training/approach=lwf +training.vcreg={var_weight:5,cov_weight:1} data.datasets=[imagenet_subset_kaggle]
[2025-01-25 21:01:37,719][HYDRA] 	#55 : +training/approach=lwf +training.vcreg={var_weight:5,cov_weight:1} data.datasets=[cifar100_fixed]
[2025-01-25 21:01:37,726][HYDRA] 	#56 : +training/approach=lwf +training.vcreg={var_weight:5,cov_weight:5} data.datasets=[imagenet_subset_kaggle]
[2025-01-25 21:01:37,732][HYDRA] 	#57 : +training/approach=lwf +training.vcreg={var_weight:5,cov_weight:5} data.datasets=[cifar100_fixed]
[2025-01-25 21:01:37,739][HYDRA] 	#58 : +training/approach=lwf +training.vcreg={var_weight:5,cov_weight:10} data.datasets=[imagenet_subset_kaggle]
[2025-01-25 21:01:37,745][HYDRA] 	#59 : +training/approach=lwf +training.vcreg={var_weight:5,cov_weight:10} data.datasets=[cifar100_fixed]
[2025-01-25 21:01:37,751][HYDRA] 	#60 : +training/approach=lwf +training.vcreg={var_weight:10,cov_weight:5} data.datasets=[imagenet_subset_kaggle]
[2025-01-25 21:01:37,758][HYDRA] 	#61 : +training/approach=lwf +training.vcreg={var_weight:10,cov_weight:5} data.datasets=[cifar100_fixed]
[2025-01-25 21:01:37,765][HYDRA] 	#62 : +training/approach=lwf +training.vcreg={var_weight:10,cov_weight:10} data.datasets=[imagenet_subset_kaggle]
[2025-01-25 21:01:37,772][HYDRA] 	#63 : +training/approach=lwf +training.vcreg={var_weight:10,cov_weight:10} data.datasets=[cifar100_fixed]
[2025-01-25 21:01:37,778][HYDRA] 	#64 : +training/approach=lwf +training.vcreg={var_weight:10,cov_weight:15} data.datasets=[imagenet_subset_kaggle]
[2025-01-25 21:01:37,785][HYDRA] 	#65 : +training/approach=lwf +training.vcreg={var_weight:10,cov_weight:15} data.datasets=[cifar100_fixed]
[2025-01-25 21:01:37,791][HYDRA] 	#66 : +training/approach=lwf +training.vcreg={var_weight:15,cov_weight:10} data.datasets=[imagenet_subset_kaggle]
[2025-01-25 21:01:37,798][HYDRA] 	#67 : +training/approach=lwf +training.vcreg={var_weight:15,cov_weight:10} data.datasets=[cifar100_fixed]
[2025-01-25 21:01:37,805][HYDRA] 	#68 : +training/approach=lwf +training.vcreg={var_weight:15,cov_weight:15} data.datasets=[imagenet_subset_kaggle]
[2025-01-25 21:01:37,811][HYDRA] 	#69 : +training/approach=lwf +training.vcreg={var_weight:15,cov_weight:15} data.datasets=[cifar100_fixed]
[2025-01-25 21:01:37,818][HYDRA] 	#70 : +training/approach=lwf +training.vcreg={var_weight:15,cov_weight:20} data.datasets=[imagenet_subset_kaggle]
[2025-01-25 21:01:37,824][HYDRA] 	#71 : +training/approach=lwf +training.vcreg={var_weight:15,cov_weight:20} data.datasets=[cifar100_fixed]
[2025-01-25 21:01:37,831][HYDRA] 	#72 : +training/approach=lwf +training.vcreg={var_weight:20,cov_weight:15} data.datasets=[imagenet_subset_kaggle]
[2025-01-25 21:01:37,837][HYDRA] 	#73 : +training/approach=lwf +training.vcreg={var_weight:20,cov_weight:15} data.datasets=[cifar100_fixed]
[2025-01-25 21:01:37,844][HYDRA] 	#74 : +training/approach=lwf +training.vcreg={var_weight:20,cov_weight:20} data.datasets=[imagenet_subset_kaggle]
[2025-01-25 21:01:37,851][HYDRA] 	#75 : +training/approach=lwf +training.vcreg={var_weight:20,cov_weight:20} data.datasets=[cifar100_fixed]
