[2025-01-15 14:29:46,528][HYDRA] Submitit 'slurm' sweep output dir : results/2025/01.15/14-29-33
[2025-01-15 14:29:46,529][HYDRA] 	#0 : +training.vcreg.var_weight=0.0 +training.vcreg.cov_weight=0.0 +training.vcreg.reg_layers=.*after_relu
[2025-01-15 14:29:46,536][HYDRA] 	#1 : +training.vcreg.var_weight=0.0 +training.vcreg.cov_weight=0.0 +training.vcreg.reg_layers=fc$
[2025-01-15 14:29:46,542][HYDRA] 	#2 : +training.vcreg.var_weight=0.0 +training.vcreg.cov_weight=0.1 +training.vcreg.reg_layers=.*after_relu
[2025-01-15 14:29:46,549][HYDRA] 	#3 : +training.vcreg.var_weight=0.0 +training.vcreg.cov_weight=0.1 +training.vcreg.reg_layers=fc$
[2025-01-15 14:29:46,555][HYDRA] 	#4 : +training.vcreg.var_weight=0.0 +training.vcreg.cov_weight=0.5 +training.vcreg.reg_layers=.*after_relu
[2025-01-15 14:29:46,562][HYDRA] 	#5 : +training.vcreg.var_weight=0.0 +training.vcreg.cov_weight=0.5 +training.vcreg.reg_layers=fc$
[2025-01-15 14:29:46,568][HYDRA] 	#6 : +training.vcreg.var_weight=0.0 +training.vcreg.cov_weight=1 +training.vcreg.reg_layers=.*after_relu
[2025-01-15 14:29:46,574][HYDRA] 	#7 : +training.vcreg.var_weight=0.0 +training.vcreg.cov_weight=1 +training.vcreg.reg_layers=fc$
[2025-01-15 14:29:46,580][HYDRA] 	#8 : +training.vcreg.var_weight=0.0 +training.vcreg.cov_weight=2 +training.vcreg.reg_layers=.*after_relu
[2025-01-15 14:29:46,586][HYDRA] 	#9 : +training.vcreg.var_weight=0.0 +training.vcreg.cov_weight=2 +training.vcreg.reg_layers=fc$
[2025-01-15 14:29:46,593][HYDRA] 	#10 : +training.vcreg.var_weight=0.0 +training.vcreg.cov_weight=5 +training.vcreg.reg_layers=.*after_relu
[2025-01-15 14:29:46,599][HYDRA] 	#11 : +training.vcreg.var_weight=0.0 +training.vcreg.cov_weight=5 +training.vcreg.reg_layers=fc$
[2025-01-15 14:29:46,606][HYDRA] 	#12 : +training.vcreg.var_weight=0.0 +training.vcreg.cov_weight=10 +training.vcreg.reg_layers=.*after_relu
[2025-01-15 14:29:46,612][HYDRA] 	#13 : +training.vcreg.var_weight=0.0 +training.vcreg.cov_weight=10 +training.vcreg.reg_layers=fc$
[2025-01-15 14:29:46,618][HYDRA] 	#14 : +training.vcreg.var_weight=0.1 +training.vcreg.cov_weight=0.0 +training.vcreg.reg_layers=.*after_relu
[2025-01-15 14:29:46,624][HYDRA] 	#15 : +training.vcreg.var_weight=0.1 +training.vcreg.cov_weight=0.0 +training.vcreg.reg_layers=fc$
[2025-01-15 14:29:46,631][HYDRA] 	#16 : +training.vcreg.var_weight=0.1 +training.vcreg.cov_weight=0.1 +training.vcreg.reg_layers=.*after_relu
[2025-01-15 14:29:46,637][HYDRA] 	#17 : +training.vcreg.var_weight=0.1 +training.vcreg.cov_weight=0.1 +training.vcreg.reg_layers=fc$
[2025-01-15 14:29:46,643][HYDRA] 	#18 : +training.vcreg.var_weight=0.1 +training.vcreg.cov_weight=0.5 +training.vcreg.reg_layers=.*after_relu
[2025-01-15 14:29:46,650][HYDRA] 	#19 : +training.vcreg.var_weight=0.1 +training.vcreg.cov_weight=0.5 +training.vcreg.reg_layers=fc$
[2025-01-15 14:29:46,656][HYDRA] 	#20 : +training.vcreg.var_weight=0.1 +training.vcreg.cov_weight=1 +training.vcreg.reg_layers=.*after_relu
[2025-01-15 14:29:46,663][HYDRA] 	#21 : +training.vcreg.var_weight=0.1 +training.vcreg.cov_weight=1 +training.vcreg.reg_layers=fc$
[2025-01-15 14:29:46,669][HYDRA] 	#22 : +training.vcreg.var_weight=0.1 +training.vcreg.cov_weight=2 +training.vcreg.reg_layers=.*after_relu
[2025-01-15 14:29:46,675][HYDRA] 	#23 : +training.vcreg.var_weight=0.1 +training.vcreg.cov_weight=2 +training.vcreg.reg_layers=fc$
[2025-01-15 14:29:46,682][HYDRA] 	#24 : +training.vcreg.var_weight=0.1 +training.vcreg.cov_weight=5 +training.vcreg.reg_layers=.*after_relu
[2025-01-15 14:29:46,688][HYDRA] 	#25 : +training.vcreg.var_weight=0.1 +training.vcreg.cov_weight=5 +training.vcreg.reg_layers=fc$
[2025-01-15 14:29:46,789][HYDRA] 	#26 : +training.vcreg.var_weight=0.1 +training.vcreg.cov_weight=10 +training.vcreg.reg_layers=.*after_relu
[2025-01-15 14:29:46,795][HYDRA] 	#27 : +training.vcreg.var_weight=0.1 +training.vcreg.cov_weight=10 +training.vcreg.reg_layers=fc$
[2025-01-15 14:29:46,801][HYDRA] 	#28 : +training.vcreg.var_weight=0.5 +training.vcreg.cov_weight=0.0 +training.vcreg.reg_layers=.*after_relu
[2025-01-15 14:29:46,807][HYDRA] 	#29 : +training.vcreg.var_weight=0.5 +training.vcreg.cov_weight=0.0 +training.vcreg.reg_layers=fc$
[2025-01-15 14:29:46,813][HYDRA] 	#30 : +training.vcreg.var_weight=0.5 +training.vcreg.cov_weight=0.1 +training.vcreg.reg_layers=.*after_relu
[2025-01-15 14:29:46,820][HYDRA] 	#31 : +training.vcreg.var_weight=0.5 +training.vcreg.cov_weight=0.1 +training.vcreg.reg_layers=fc$
[2025-01-15 14:29:46,826][HYDRA] 	#32 : +training.vcreg.var_weight=0.5 +training.vcreg.cov_weight=0.5 +training.vcreg.reg_layers=.*after_relu
[2025-01-15 14:29:46,832][HYDRA] 	#33 : +training.vcreg.var_weight=0.5 +training.vcreg.cov_weight=0.5 +training.vcreg.reg_layers=fc$
[2025-01-15 14:29:46,838][HYDRA] 	#34 : +training.vcreg.var_weight=0.5 +training.vcreg.cov_weight=1 +training.vcreg.reg_layers=.*after_relu
[2025-01-15 14:29:46,844][HYDRA] 	#35 : +training.vcreg.var_weight=0.5 +training.vcreg.cov_weight=1 +training.vcreg.reg_layers=fc$
[2025-01-15 14:29:46,851][HYDRA] 	#36 : +training.vcreg.var_weight=0.5 +training.vcreg.cov_weight=2 +training.vcreg.reg_layers=.*after_relu
[2025-01-15 14:29:46,857][HYDRA] 	#37 : +training.vcreg.var_weight=0.5 +training.vcreg.cov_weight=2 +training.vcreg.reg_layers=fc$
[2025-01-15 14:29:46,864][HYDRA] 	#38 : +training.vcreg.var_weight=0.5 +training.vcreg.cov_weight=5 +training.vcreg.reg_layers=.*after_relu
[2025-01-15 14:29:46,870][HYDRA] 	#39 : +training.vcreg.var_weight=0.5 +training.vcreg.cov_weight=5 +training.vcreg.reg_layers=fc$
[2025-01-15 14:29:46,876][HYDRA] 	#40 : +training.vcreg.var_weight=0.5 +training.vcreg.cov_weight=10 +training.vcreg.reg_layers=.*after_relu
[2025-01-15 14:29:46,882][HYDRA] 	#41 : +training.vcreg.var_weight=0.5 +training.vcreg.cov_weight=10 +training.vcreg.reg_layers=fc$
[2025-01-15 14:29:46,888][HYDRA] 	#42 : +training.vcreg.var_weight=1 +training.vcreg.cov_weight=0.0 +training.vcreg.reg_layers=.*after_relu
[2025-01-15 14:29:46,895][HYDRA] 	#43 : +training.vcreg.var_weight=1 +training.vcreg.cov_weight=0.0 +training.vcreg.reg_layers=fc$
[2025-01-15 14:29:46,901][HYDRA] 	#44 : +training.vcreg.var_weight=1 +training.vcreg.cov_weight=0.1 +training.vcreg.reg_layers=.*after_relu
[2025-01-15 14:29:46,908][HYDRA] 	#45 : +training.vcreg.var_weight=1 +training.vcreg.cov_weight=0.1 +training.vcreg.reg_layers=fc$
[2025-01-15 14:29:46,914][HYDRA] 	#46 : +training.vcreg.var_weight=1 +training.vcreg.cov_weight=0.5 +training.vcreg.reg_layers=.*after_relu
[2025-01-15 14:29:46,920][HYDRA] 	#47 : +training.vcreg.var_weight=1 +training.vcreg.cov_weight=0.5 +training.vcreg.reg_layers=fc$
[2025-01-15 14:29:46,926][HYDRA] 	#48 : +training.vcreg.var_weight=1 +training.vcreg.cov_weight=1 +training.vcreg.reg_layers=.*after_relu
[2025-01-15 14:29:46,933][HYDRA] 	#49 : +training.vcreg.var_weight=1 +training.vcreg.cov_weight=1 +training.vcreg.reg_layers=fc$
[2025-01-15 14:29:46,939][HYDRA] 	#50 : +training.vcreg.var_weight=1 +training.vcreg.cov_weight=2 +training.vcreg.reg_layers=.*after_relu
[2025-01-15 14:29:46,945][HYDRA] 	#51 : +training.vcreg.var_weight=1 +training.vcreg.cov_weight=2 +training.vcreg.reg_layers=fc$
[2025-01-15 14:29:46,952][HYDRA] 	#52 : +training.vcreg.var_weight=1 +training.vcreg.cov_weight=5 +training.vcreg.reg_layers=.*after_relu
[2025-01-15 14:29:46,958][HYDRA] 	#53 : +training.vcreg.var_weight=1 +training.vcreg.cov_weight=5 +training.vcreg.reg_layers=fc$
[2025-01-15 14:29:46,965][HYDRA] 	#54 : +training.vcreg.var_weight=1 +training.vcreg.cov_weight=10 +training.vcreg.reg_layers=.*after_relu
[2025-01-15 14:29:46,971][HYDRA] 	#55 : +training.vcreg.var_weight=1 +training.vcreg.cov_weight=10 +training.vcreg.reg_layers=fc$
[2025-01-15 14:29:46,977][HYDRA] 	#56 : +training.vcreg.var_weight=2 +training.vcreg.cov_weight=0.0 +training.vcreg.reg_layers=.*after_relu
[2025-01-15 14:29:46,984][HYDRA] 	#57 : +training.vcreg.var_weight=2 +training.vcreg.cov_weight=0.0 +training.vcreg.reg_layers=fc$
[2025-01-15 14:29:46,990][HYDRA] 	#58 : +training.vcreg.var_weight=2 +training.vcreg.cov_weight=0.1 +training.vcreg.reg_layers=.*after_relu
[2025-01-15 14:29:46,997][HYDRA] 	#59 : +training.vcreg.var_weight=2 +training.vcreg.cov_weight=0.1 +training.vcreg.reg_layers=fc$
[2025-01-15 14:29:47,004][HYDRA] 	#60 : +training.vcreg.var_weight=2 +training.vcreg.cov_weight=0.5 +training.vcreg.reg_layers=.*after_relu
[2025-01-15 14:29:47,010][HYDRA] 	#61 : +training.vcreg.var_weight=2 +training.vcreg.cov_weight=0.5 +training.vcreg.reg_layers=fc$
[2025-01-15 14:29:47,016][HYDRA] 	#62 : +training.vcreg.var_weight=2 +training.vcreg.cov_weight=1 +training.vcreg.reg_layers=.*after_relu
[2025-01-15 14:29:47,023][HYDRA] 	#63 : +training.vcreg.var_weight=2 +training.vcreg.cov_weight=1 +training.vcreg.reg_layers=fc$
[2025-01-15 14:29:47,029][HYDRA] 	#64 : +training.vcreg.var_weight=2 +training.vcreg.cov_weight=2 +training.vcreg.reg_layers=.*after_relu
[2025-01-15 14:29:47,035][HYDRA] 	#65 : +training.vcreg.var_weight=2 +training.vcreg.cov_weight=2 +training.vcreg.reg_layers=fc$
[2025-01-15 14:29:47,042][HYDRA] 	#66 : +training.vcreg.var_weight=2 +training.vcreg.cov_weight=5 +training.vcreg.reg_layers=.*after_relu
[2025-01-15 14:29:47,048][HYDRA] 	#67 : +training.vcreg.var_weight=2 +training.vcreg.cov_weight=5 +training.vcreg.reg_layers=fc$
[2025-01-15 14:29:47,055][HYDRA] 	#68 : +training.vcreg.var_weight=2 +training.vcreg.cov_weight=10 +training.vcreg.reg_layers=.*after_relu
[2025-01-15 14:29:47,061][HYDRA] 	#69 : +training.vcreg.var_weight=2 +training.vcreg.cov_weight=10 +training.vcreg.reg_layers=fc$
[2025-01-15 14:29:47,067][HYDRA] 	#70 : +training.vcreg.var_weight=5 +training.vcreg.cov_weight=0.0 +training.vcreg.reg_layers=.*after_relu
[2025-01-15 14:29:47,074][HYDRA] 	#71 : +training.vcreg.var_weight=5 +training.vcreg.cov_weight=0.0 +training.vcreg.reg_layers=fc$
[2025-01-15 14:29:47,080][HYDRA] 	#72 : +training.vcreg.var_weight=5 +training.vcreg.cov_weight=0.1 +training.vcreg.reg_layers=.*after_relu
[2025-01-15 14:29:47,087][HYDRA] 	#73 : +training.vcreg.var_weight=5 +training.vcreg.cov_weight=0.1 +training.vcreg.reg_layers=fc$
[2025-01-15 14:29:47,093][HYDRA] 	#74 : +training.vcreg.var_weight=5 +training.vcreg.cov_weight=0.5 +training.vcreg.reg_layers=.*after_relu
[2025-01-15 14:29:47,099][HYDRA] 	#75 : +training.vcreg.var_weight=5 +training.vcreg.cov_weight=0.5 +training.vcreg.reg_layers=fc$
[2025-01-15 14:29:47,106][HYDRA] 	#76 : +training.vcreg.var_weight=5 +training.vcreg.cov_weight=1 +training.vcreg.reg_layers=.*after_relu
[2025-01-15 14:29:47,112][HYDRA] 	#77 : +training.vcreg.var_weight=5 +training.vcreg.cov_weight=1 +training.vcreg.reg_layers=fc$
[2025-01-15 14:29:47,118][HYDRA] 	#78 : +training.vcreg.var_weight=5 +training.vcreg.cov_weight=2 +training.vcreg.reg_layers=.*after_relu
[2025-01-15 14:29:47,124][HYDRA] 	#79 : +training.vcreg.var_weight=5 +training.vcreg.cov_weight=2 +training.vcreg.reg_layers=fc$
[2025-01-15 14:29:47,131][HYDRA] 	#80 : +training.vcreg.var_weight=5 +training.vcreg.cov_weight=5 +training.vcreg.reg_layers=.*after_relu
[2025-01-15 14:29:47,138][HYDRA] 	#81 : +training.vcreg.var_weight=5 +training.vcreg.cov_weight=5 +training.vcreg.reg_layers=fc$
[2025-01-15 14:29:47,144][HYDRA] 	#82 : +training.vcreg.var_weight=5 +training.vcreg.cov_weight=10 +training.vcreg.reg_layers=.*after_relu
[2025-01-15 14:29:47,150][HYDRA] 	#83 : +training.vcreg.var_weight=5 +training.vcreg.cov_weight=10 +training.vcreg.reg_layers=fc$
[2025-01-15 14:29:47,157][HYDRA] 	#84 : +training.vcreg.var_weight=10 +training.vcreg.cov_weight=0.0 +training.vcreg.reg_layers=.*after_relu
[2025-01-15 14:29:47,163][HYDRA] 	#85 : +training.vcreg.var_weight=10 +training.vcreg.cov_weight=0.0 +training.vcreg.reg_layers=fc$
[2025-01-15 14:29:47,170][HYDRA] 	#86 : +training.vcreg.var_weight=10 +training.vcreg.cov_weight=0.1 +training.vcreg.reg_layers=.*after_relu
[2025-01-15 14:29:47,176][HYDRA] 	#87 : +training.vcreg.var_weight=10 +training.vcreg.cov_weight=0.1 +training.vcreg.reg_layers=fc$
[2025-01-15 14:29:47,183][HYDRA] 	#88 : +training.vcreg.var_weight=10 +training.vcreg.cov_weight=0.5 +training.vcreg.reg_layers=.*after_relu
[2025-01-15 14:29:47,189][HYDRA] 	#89 : +training.vcreg.var_weight=10 +training.vcreg.cov_weight=0.5 +training.vcreg.reg_layers=fc$
[2025-01-15 14:29:47,195][HYDRA] 	#90 : +training.vcreg.var_weight=10 +training.vcreg.cov_weight=1 +training.vcreg.reg_layers=.*after_relu
[2025-01-15 14:29:47,202][HYDRA] 	#91 : +training.vcreg.var_weight=10 +training.vcreg.cov_weight=1 +training.vcreg.reg_layers=fc$
[2025-01-15 14:29:47,208][HYDRA] 	#92 : +training.vcreg.var_weight=10 +training.vcreg.cov_weight=2 +training.vcreg.reg_layers=.*after_relu
[2025-01-15 14:29:47,214][HYDRA] 	#93 : +training.vcreg.var_weight=10 +training.vcreg.cov_weight=2 +training.vcreg.reg_layers=fc$
[2025-01-15 14:29:47,221][HYDRA] 	#94 : +training.vcreg.var_weight=10 +training.vcreg.cov_weight=5 +training.vcreg.reg_layers=.*after_relu
[2025-01-15 14:29:47,227][HYDRA] 	#95 : +training.vcreg.var_weight=10 +training.vcreg.cov_weight=5 +training.vcreg.reg_layers=fc$
[2025-01-15 14:29:47,234][HYDRA] 	#96 : +training.vcreg.var_weight=10 +training.vcreg.cov_weight=10 +training.vcreg.reg_layers=.*after_relu
[2025-01-15 14:29:47,240][HYDRA] 	#97 : +training.vcreg.var_weight=10 +training.vcreg.cov_weight=10 +training.vcreg.reg_layers=fc$
