[2024-07-18 16:57:29,091][HYDRA] Submitit 'slurm' sweep output dir : results/2024/07.18/16-57-25
[2024-07-18 16:57:29,093][HYDRA] 	#0 : +training/approach=finetuning data.num_tasks=5 training.vcreg={var_weight:12.8,cov_weight:0.64}
[2024-07-18 16:57:29,100][HYDRA] 	#1 : +training/approach=finetuning data.num_tasks=5 training.vcreg={var_weight:4.72,cov_weight:1.74}
[2024-07-18 16:57:29,107][HYDRA] 	#2 : +training/approach=finetuning data.num_tasks=10 training.vcreg={var_weight:12.8,cov_weight:0.64}
[2024-07-18 16:57:29,114][HYDRA] 	#3 : +training/approach=finetuning data.num_tasks=10 training.vcreg={var_weight:4.72,cov_weight:1.74}
[2024-07-18 16:57:29,120][HYDRA] 	#4 : +training/approach=finetuning data.num_tasks=20 training.vcreg={var_weight:12.8,cov_weight:0.64}
[2024-07-18 16:57:29,126][HYDRA] 	#5 : +training/approach=finetuning data.num_tasks=20 training.vcreg={var_weight:4.72,cov_weight:1.74}
[2024-07-18 16:57:29,133][HYDRA] 	#6 : +training/approach=replay data.num_tasks=5 training.vcreg={var_weight:12.8,cov_weight:0.64}
[2024-07-18 16:57:29,140][HYDRA] 	#7 : +training/approach=replay data.num_tasks=5 training.vcreg={var_weight:4.72,cov_weight:1.74}
[2024-07-18 16:57:29,146][HYDRA] 	#8 : +training/approach=replay data.num_tasks=10 training.vcreg={var_weight:12.8,cov_weight:0.64}
[2024-07-18 16:57:29,152][HYDRA] 	#9 : +training/approach=replay data.num_tasks=10 training.vcreg={var_weight:4.72,cov_weight:1.74}
[2024-07-18 16:57:29,159][HYDRA] 	#10 : +training/approach=replay data.num_tasks=20 training.vcreg={var_weight:12.8,cov_weight:0.64}
[2024-07-18 16:57:29,165][HYDRA] 	#11 : +training/approach=replay data.num_tasks=20 training.vcreg={var_weight:4.72,cov_weight:1.74}
[2024-07-18 16:57:29,172][HYDRA] 	#12 : +training/approach=lwf data.num_tasks=5 training.vcreg={var_weight:12.8,cov_weight:0.64}
[2024-07-18 16:57:29,179][HYDRA] 	#13 : +training/approach=lwf data.num_tasks=5 training.vcreg={var_weight:4.72,cov_weight:1.74}
[2024-07-18 16:57:29,185][HYDRA] 	#14 : +training/approach=lwf data.num_tasks=10 training.vcreg={var_weight:12.8,cov_weight:0.64}
[2024-07-18 16:57:29,191][HYDRA] 	#15 : +training/approach=lwf data.num_tasks=10 training.vcreg={var_weight:4.72,cov_weight:1.74}
[2024-07-18 16:57:29,198][HYDRA] 	#16 : +training/approach=lwf data.num_tasks=20 training.vcreg={var_weight:12.8,cov_weight:0.64}
[2024-07-18 16:57:29,204][HYDRA] 	#17 : +training/approach=lwf data.num_tasks=20 training.vcreg={var_weight:4.72,cov_weight:1.74}
[2024-07-18 16:57:29,211][HYDRA] 	#18 : +training/approach=ewc data.num_tasks=5 training.vcreg={var_weight:12.8,cov_weight:0.64}
[2024-07-18 16:57:29,217][HYDRA] 	#19 : +training/approach=ewc data.num_tasks=5 training.vcreg={var_weight:4.72,cov_weight:1.74}
[2024-07-18 16:57:29,224][HYDRA] 	#20 : +training/approach=ewc data.num_tasks=10 training.vcreg={var_weight:12.8,cov_weight:0.64}
[2024-07-18 16:57:29,230][HYDRA] 	#21 : +training/approach=ewc data.num_tasks=10 training.vcreg={var_weight:4.72,cov_weight:1.74}
[2024-07-18 16:57:29,237][HYDRA] 	#22 : +training/approach=ewc data.num_tasks=20 training.vcreg={var_weight:12.8,cov_weight:0.64}
[2024-07-18 16:57:29,243][HYDRA] 	#23 : +training/approach=ewc data.num_tasks=20 training.vcreg={var_weight:4.72,cov_weight:1.74}
