[2024-07-18 16:57:09,811][HYDRA] Submitit 'slurm' sweep output dir : results/2024/07.18/16-57-06
[2024-07-18 16:57:09,814][HYDRA] 	#0 : +training/approach=finetuning data.num_tasks=5 training.vcreg={var_weight:1.74,cov_weight:4.72}
[2024-07-18 16:57:09,821][HYDRA] 	#1 : +training/approach=finetuning data.num_tasks=5 training.vcreg={var_weight:0.64,cov_weight:1.74}
[2024-07-18 16:57:09,827][HYDRA] 	#2 : +training/approach=finetuning data.num_tasks=10 training.vcreg={var_weight:1.74,cov_weight:4.72}
[2024-07-18 16:57:09,834][HYDRA] 	#3 : +training/approach=finetuning data.num_tasks=10 training.vcreg={var_weight:0.64,cov_weight:1.74}
[2024-07-18 16:57:09,841][HYDRA] 	#4 : +training/approach=finetuning data.num_tasks=20 training.vcreg={var_weight:1.74,cov_weight:4.72}
[2024-07-18 16:57:09,847][HYDRA] 	#5 : +training/approach=finetuning data.num_tasks=20 training.vcreg={var_weight:0.64,cov_weight:1.74}
[2024-07-18 16:57:09,854][HYDRA] 	#6 : +training/approach=replay data.num_tasks=5 training.vcreg={var_weight:1.74,cov_weight:4.72}
[2024-07-18 16:57:09,861][HYDRA] 	#7 : +training/approach=replay data.num_tasks=5 training.vcreg={var_weight:0.64,cov_weight:1.74}
[2024-07-18 16:57:09,867][HYDRA] 	#8 : +training/approach=replay data.num_tasks=10 training.vcreg={var_weight:1.74,cov_weight:4.72}
[2024-07-18 16:57:09,874][HYDRA] 	#9 : +training/approach=replay data.num_tasks=10 training.vcreg={var_weight:0.64,cov_weight:1.74}
[2024-07-18 16:57:09,881][HYDRA] 	#10 : +training/approach=replay data.num_tasks=20 training.vcreg={var_weight:1.74,cov_weight:4.72}
[2024-07-18 16:57:09,888][HYDRA] 	#11 : +training/approach=replay data.num_tasks=20 training.vcreg={var_weight:0.64,cov_weight:1.74}
[2024-07-18 16:57:09,895][HYDRA] 	#12 : +training/approach=lwf data.num_tasks=5 training.vcreg={var_weight:1.74,cov_weight:4.72}
[2024-07-18 16:57:09,902][HYDRA] 	#13 : +training/approach=lwf data.num_tasks=5 training.vcreg={var_weight:0.64,cov_weight:1.74}
[2024-07-18 16:57:09,909][HYDRA] 	#14 : +training/approach=lwf data.num_tasks=10 training.vcreg={var_weight:1.74,cov_weight:4.72}
[2024-07-18 16:57:09,916][HYDRA] 	#15 : +training/approach=lwf data.num_tasks=10 training.vcreg={var_weight:0.64,cov_weight:1.74}
[2024-07-18 16:57:09,923][HYDRA] 	#16 : +training/approach=lwf data.num_tasks=20 training.vcreg={var_weight:1.74,cov_weight:4.72}
[2024-07-18 16:57:09,929][HYDRA] 	#17 : +training/approach=lwf data.num_tasks=20 training.vcreg={var_weight:0.64,cov_weight:1.74}
[2024-07-18 16:57:09,936][HYDRA] 	#18 : +training/approach=ewc data.num_tasks=5 training.vcreg={var_weight:1.74,cov_weight:4.72}
[2024-07-18 16:57:09,943][HYDRA] 	#19 : +training/approach=ewc data.num_tasks=5 training.vcreg={var_weight:0.64,cov_weight:1.74}
[2024-07-18 16:57:09,950][HYDRA] 	#20 : +training/approach=ewc data.num_tasks=10 training.vcreg={var_weight:1.74,cov_weight:4.72}
[2024-07-18 16:57:09,957][HYDRA] 	#21 : +training/approach=ewc data.num_tasks=10 training.vcreg={var_weight:0.64,cov_weight:1.74}
[2024-07-18 16:57:09,964][HYDRA] 	#22 : +training/approach=ewc data.num_tasks=20 training.vcreg={var_weight:1.74,cov_weight:4.72}
[2024-07-18 16:57:09,970][HYDRA] 	#23 : +training/approach=ewc data.num_tasks=20 training.vcreg={var_weight:0.64,cov_weight:1.74}
