[2024-04-22 23:58:43,557][HYDRA] Submitit 'slurm' sweep output dir : results/2024/04.22/23-58-42
[2024-04-22 23:58:43,559][HYDRA] 	#0 : +training/approach=finetuning training.vcreg.reg_layers=classifier$
[2024-04-22 23:58:43,567][HYDRA] 	#1 : +training/approach=finetuning training.vcreg.reg_layers=.*after_skipping
[2024-04-22 23:58:43,574][HYDRA] 	#2 : +training/approach=ewc training.vcreg.reg_layers=classifier$
[2024-04-22 23:58:43,582][HYDRA] 	#3 : +training/approach=ewc training.vcreg.reg_layers=.*after_skipping
[2024-04-22 23:58:43,590][HYDRA] 	#4 : +training/approach=lwf training.vcreg.reg_layers=classifier$
[2024-04-22 23:58:43,597][HYDRA] 	#5 : +training/approach=lwf training.vcreg.reg_layers=.*after_skipping
Traceback (most recent call last):
  File "/net/tscratch/people/plghpiotr/.conda/mgr_env/lib/python3.10/site-packages/hydra/_internal/utils.py", line 220, in run_and_report
    return func()
  File "/net/tscratch/people/plghpiotr/.conda/mgr_env/lib/python3.10/site-packages/hydra/_internal/utils.py", line 466, in <lambda>
    lambda: hydra.multirun(
  File "/net/tscratch/people/plghpiotr/.conda/mgr_env/lib/python3.10/site-packages/hydra/_internal/hydra.py", line 162, in multirun
    ret = sweeper.sweep(arguments=task_overrides)
  File "/net/tscratch/people/plghpiotr/.conda/mgr_env/lib/python3.10/site-packages/hydra/_internal/core_plugins/basic_sweeper.py", line 177, in sweep
    results = self.launcher.launch(batch, initial_job_idx=initial_job_idx)
  File "/net/tscratch/people/plghpiotr/.conda/mgr_env/lib/python3.10/site-packages/hydra_plugins/hydra_submitit_launcher/submitit_launcher.py", line 146, in launch
    return [j.results()[0] for j in jobs]
  File "/net/tscratch/people/plghpiotr/.conda/mgr_env/lib/python3.10/site-packages/hydra_plugins/hydra_submitit_launcher/submitit_launcher.py", line 146, in <listcomp>
    return [j.results()[0] for j in jobs]
  File "/net/tscratch/people/plghpiotr/.conda/mgr_env/lib/python3.10/site-packages/submitit/core/core.py", line 289, in results
    outcome, result = self._get_outcome_and_result()
  File "/net/tscratch/people/plghpiotr/.conda/mgr_env/lib/python3.10/site-packages/submitit/core/core.py", line 384, in _get_outcome_and_result
    raise utils.UncompletedJobError("\n".join(message))
submitit.core.utils.UncompletedJobError: Job 672413_4 (task: 0) with path /net/tscratch/people/plghpiotr/cl-adaptation/results/2024/04.22/23-58-42/.submitit/672413_4/672413_4_0_result.pkl
has not produced any output (state: TIMEOUT)
Error stream produced:
----------------------------------------
 GCCcore/11.2.0 loaded.
 zlib/1.2.11 loaded.
 binutils/2.37 loaded.
 GCC/11.2.0 loaded.
 numactl/2.0.14 loaded.
 XZ/5.2.5 loaded.
 libxml2/2.9.10 loaded.
 libpciaccess/0.16 loaded.
 hwloc/2.5.0 loaded.
 OpenSSL/1.1 loaded.
 libevent/2.1.12 loaded.
 CUDA/11.6.0 loaded.
 UCX/1.12.1 loaded.
 GDRCopy/2.3 loaded.
 UCX-CUDA/1.12.1-CUDA-11.6.0 loaded.
 libfabric/1.13.2 loaded.
 PMIx/4.1.0 loaded.
 OpenMPI/4.1.2-CUDA-11.6.0 loaded.
/net/tscratch/people/plghpiotr/.conda/mgr_env/lib/python3.10/site-packages/torchvision/models/_utils.py:208: UserWarning: The parameter 'pretrained' is deprecated since 0.13 and may be removed in the future, please use 'weights' instead.
  warnings.warn(
/net/tscratch/people/plghpiotr/.conda/mgr_env/lib/python3.10/site-packages/torchvision/models/_utils.py:223: UserWarning: Arguments other than a weight enum or `None` for 'weights' are deprecated since 0.13 and may be removed in the future. The current behavior is equivalent to passing `weights=None`.
  warnings.warn(msg)
wandb: Currently logged in as: phondra (tunnels-ssl). Use `wandb login --relogin` to force relogin
wandb: Tracking run with wandb version 0.16.6
wandb: Run data is saved locally in /net/tscratch/people/plghpiotr/cl-adaptation/wandb/run-20240422_235905-n0tx0esy
wandb: Run `wandb offline` to turn off syncing.
wandb: Syncing run drawn-microwave-3
wandb:  View project at https://wandb.ai/tunnels-ssl/04.22
wandb:  View run at https://wandb.ai/tunnels-ssl/04.22/runs/n0tx0esy
/net/tscratch/people/plghpiotr/cl-adaptation/src/loggers/wandb_logger.py:118: UserWarning: Saving model is not implemented in wandb logger
  warnings.warn("Saving model is not implemented in wandb logger")
submitit WARNING (2024-04-23 03:48:46,030) - Caught signal SIGUSR2 on t0048: this job is timed-out.
submitit WARNING (2024-04-23 03:48:46,067) - Bypassing signal SIGCONT
Exception ignored in: <function _releaseLock at 0x14fd6e670700>
Traceback (most recent call last):
  File "/net/tscratch/people/plghpiotr/.conda/mgr_env/lib/python3.10/logging/__init__.py", line 228, in _releaseLock
    def _releaseLock():
  File "/net/tscratch/people/plghpiotr/.conda/mgr_env/lib/python3.10/site-packages/submitit/core/job_environment.py", line 226, in checkpoint_and_try_requeue
    raise utils.UncompletedJobError(message)
submitit.core.utils.UncompletedJobError: Job not requeued because: timed-out too many times.
slurmstepd: error: *** STEP 672431.0 ON t0048 CANCELLED AT 2024-04-23T03:59:15 DUE TO TIME LIMIT ***
slurmstepd: error: *** JOB 672431 ON t0048 CANCELLED AT 2024-04-23T03:59:15 DUE TO TIME LIMIT ***
submitit WARNING (2024-04-23 03:59:15,039) - Bypassing signal SIGTERM
submitit WARNING (2024-04-23 03:59:15,040) - Bypassing signal SIGCONT

