[2024-04-26 15:24:41,745][HYDRA] Submitit 'slurm' sweep output dir : results/2024/04.26/15-24-40
[2024-04-26 15:24:41,747][HYDRA] 	#0 : +training/vcreg=noreg data.num_tasks=10 data.datasets=[imagenet_subset_kaggle]
[2024-04-26 15:24:41,754][HYDRA] 	#1 : +training/vcreg=noreg data.num_tasks=10 data.datasets=[cifar100_fixed]
[2024-04-26 15:24:41,761][HYDRA] 	#2 : +training/vcreg=noreg data.num_tasks=20 data.datasets=[imagenet_subset_kaggle]
[2024-04-26 15:24:41,768][HYDRA] 	#3 : +training/vcreg=noreg data.num_tasks=20 data.datasets=[cifar100_fixed]
[2024-04-26 15:24:41,774][HYDRA] 	#4 : +training/vcreg=resnet data.num_tasks=10 data.datasets=[imagenet_subset_kaggle]
[2024-04-26 15:24:41,780][HYDRA] 	#5 : +training/vcreg=resnet data.num_tasks=10 data.datasets=[cifar100_fixed]
[2024-04-26 15:24:41,786][HYDRA] 	#6 : +training/vcreg=resnet data.num_tasks=20 data.datasets=[imagenet_subset_kaggle]
[2024-04-26 15:24:41,793][HYDRA] 	#7 : +training/vcreg=resnet data.num_tasks=20 data.datasets=[cifar100_fixed]
Error executing job with overrides: ['+training/vcreg=noreg', 'data.num_tasks=10', 'data.datasets=[imagenet_subset_kaggle]']
Traceback (most recent call last):
  File "/net/tscratch/people/plghpiotr/.conda/mgr_env/lib/python3.10/site-packages/hydra/_internal/utils.py", line 220, in run_and_report
    return func()
  File "/net/tscratch/people/plghpiotr/.conda/mgr_env/lib/python3.10/site-packages/hydra/_internal/utils.py", line 466, in <lambda>
    lambda: hydra.multirun(
  File "/net/tscratch/people/plghpiotr/.conda/mgr_env/lib/python3.10/site-packages/hydra/_internal/hydra.py", line 162, in multirun
    ret = sweeper.sweep(arguments=task_overrides)
  File "/net/tscratch/people/plghpiotr/.conda/mgr_env/lib/python3.10/site-packages/hydra/_internal/core_plugins/basic_sweeper.py", line 181, in sweep
    _ = r.return_value
  File "/net/tscratch/people/plghpiotr/.conda/mgr_env/lib/python3.10/site-packages/hydra/core/utils.py", line 260, in return_value
    raise self._return_value
ValueError: Networks are modified to cifar by first occurance
