[2024-07-11 23:58:31,675][HYDRA] Submitit 'slurm' sweep output dir : results/2024/07.11/23-58-28
[2024-07-11 23:58:31,677][HYDRA] 	#0 : +training/approach=finetuning data.num_tasks=5 training.vcreg={var_weight:12.8,cov_weight:0.64}
[2024-07-11 23:58:31,684][HYDRA] 	#1 : +training/approach=finetuning data.num_tasks=5 training.vcreg={var_weight:4.72,cov_weight:4.72}
[2024-07-11 23:58:31,691][HYDRA] 	#2 : +training/approach=finetuning data.num_tasks=10 training.vcreg={var_weight:12.8,cov_weight:0.64}
[2024-07-11 23:58:31,697][HYDRA] 	#3 : +training/approach=finetuning data.num_tasks=10 training.vcreg={var_weight:4.72,cov_weight:4.72}
[2024-07-11 23:58:31,704][HYDRA] 	#4 : +training/approach=finetuning data.num_tasks=20 training.vcreg={var_weight:12.8,cov_weight:0.64}
[2024-07-11 23:58:31,711][HYDRA] 	#5 : +training/approach=finetuning data.num_tasks=20 training.vcreg={var_weight:4.72,cov_weight:4.72}
[2024-07-11 23:58:31,718][HYDRA] 	#6 : +training/approach=replay data.num_tasks=5 training.vcreg={var_weight:12.8,cov_weight:0.64}
[2024-07-11 23:58:31,724][HYDRA] 	#7 : +training/approach=replay data.num_tasks=5 training.vcreg={var_weight:4.72,cov_weight:4.72}
[2024-07-11 23:58:31,731][HYDRA] 	#8 : +training/approach=replay data.num_tasks=10 training.vcreg={var_weight:12.8,cov_weight:0.64}
[2024-07-11 23:58:31,738][HYDRA] 	#9 : +training/approach=replay data.num_tasks=10 training.vcreg={var_weight:4.72,cov_weight:4.72}
[2024-07-11 23:58:31,744][HYDRA] 	#10 : +training/approach=replay data.num_tasks=20 training.vcreg={var_weight:12.8,cov_weight:0.64}
[2024-07-11 23:58:31,751][HYDRA] 	#11 : +training/approach=replay data.num_tasks=20 training.vcreg={var_weight:4.72,cov_weight:4.72}
[2024-07-11 23:58:31,758][HYDRA] 	#12 : +training/approach=lwf data.num_tasks=5 training.vcreg={var_weight:12.8,cov_weight:0.64}
[2024-07-11 23:58:31,765][HYDRA] 	#13 : +training/approach=lwf data.num_tasks=5 training.vcreg={var_weight:4.72,cov_weight:4.72}
[2024-07-11 23:58:31,772][HYDRA] 	#14 : +training/approach=lwf data.num_tasks=10 training.vcreg={var_weight:12.8,cov_weight:0.64}
[2024-07-11 23:58:31,779][HYDRA] 	#15 : +training/approach=lwf data.num_tasks=10 training.vcreg={var_weight:4.72,cov_weight:4.72}
[2024-07-11 23:58:31,785][HYDRA] 	#16 : +training/approach=lwf data.num_tasks=20 training.vcreg={var_weight:12.8,cov_weight:0.64}
[2024-07-11 23:58:31,792][HYDRA] 	#17 : +training/approach=lwf data.num_tasks=20 training.vcreg={var_weight:4.72,cov_weight:4.72}
[2024-07-11 23:58:31,799][HYDRA] 	#18 : +training/approach=ewc data.num_tasks=5 training.vcreg={var_weight:12.8,cov_weight:0.64}
[2024-07-11 23:58:31,805][HYDRA] 	#19 : +training/approach=ewc data.num_tasks=5 training.vcreg={var_weight:4.72,cov_weight:4.72}
[2024-07-11 23:58:31,812][HYDRA] 	#20 : +training/approach=ewc data.num_tasks=10 training.vcreg={var_weight:12.8,cov_weight:0.64}
[2024-07-11 23:58:31,819][HYDRA] 	#21 : +training/approach=ewc data.num_tasks=10 training.vcreg={var_weight:4.72,cov_weight:4.72}
[2024-07-11 23:58:31,826][HYDRA] 	#22 : +training/approach=ewc data.num_tasks=20 training.vcreg={var_weight:12.8,cov_weight:0.64}
[2024-07-11 23:58:31,833][HYDRA] 	#23 : +training/approach=ewc data.num_tasks=20 training.vcreg={var_weight:4.72,cov_weight:4.72}
Error executing job with overrides: ['+training/approach=replay', 'data.num_tasks=5', 'training.vcreg={var_weight:12.8,cov_weight:0.64}']
Traceback (most recent call last):
  File "/net/tscratch/people/plghpiotr/.conda/mgr_env/lib/python3.10/site-packages/hydra/_internal/utils.py", line 220, in run_and_report
    return func()
  File "/net/tscratch/people/plghpiotr/.conda/mgr_env/lib/python3.10/site-packages/hydra/_internal/utils.py", line 466, in <lambda>
    lambda: hydra.multirun(
  File "/net/tscratch/people/plghpiotr/.conda/mgr_env/lib/python3.10/site-packages/hydra/_internal/hydra.py", line 162, in multirun
    ret = sweeper.sweep(arguments=task_overrides)
  File "/net/tscratch/people/plghpiotr/.conda/mgr_env/lib/python3.10/site-packages/hydra/_internal/core_plugins/basic_sweeper.py", line 181, in sweep
    _ = r.return_value
  File "/net/tscratch/people/plghpiotr/.conda/mgr_env/lib/python3.10/site-packages/hydra/core/utils.py", line 260, in return_value
    raise self._return_value
OSError: No GPU available
