[2024-05-20 01:43:36,818][HYDRA] Submitit 'slurm' sweep output dir : results/2024/05.20/01-43-35
[2024-05-20 01:43:36,820][HYDRA] 	#0 : +imagenet_reg_exps=lwf_convnext data.num_tasks=10 misc.seed=1
[2024-05-20 01:43:36,827][HYDRA] 	#1 : +imagenet_reg_exps=lwf_convnext data.num_tasks=10 misc.seed=2
[2024-05-20 01:43:36,834][HYDRA] 	#2 : +imagenet_reg_exps=lwf_convnext data.num_tasks=20 misc.seed=1
[2024-05-20 01:43:36,840][HYDRA] 	#3 : +imagenet_reg_exps=lwf_convnext data.num_tasks=20 misc.seed=2
[2024-05-20 01:43:36,846][HYDRA] 	#4 : +imagenet_reg_exps=lwf_resnet data.num_tasks=10 misc.seed=1
[2024-05-20 01:43:36,853][HYDRA] 	#5 : +imagenet_reg_exps=lwf_resnet data.num_tasks=10 misc.seed=2
[2024-05-20 01:43:36,860][HYDRA] 	#6 : +imagenet_reg_exps=lwf_resnet data.num_tasks=20 misc.seed=1
[2024-05-20 01:43:36,866][HYDRA] 	#7 : +imagenet_reg_exps=lwf_resnet data.num_tasks=20 misc.seed=2
Error executing job with overrides: ['+imagenet_reg_exps=lwf_convnext', 'data.num_tasks=10', 'misc.seed=1']
Traceback (most recent call last):
  File "/net/tscratch/people/plghpiotr/.conda/mgr_env/lib/python3.10/site-packages/hydra/_internal/utils.py", line 220, in run_and_report
    return func()
  File "/net/tscratch/people/plghpiotr/.conda/mgr_env/lib/python3.10/site-packages/hydra/_internal/utils.py", line 466, in <lambda>
    lambda: hydra.multirun(
  File "/net/tscratch/people/plghpiotr/.conda/mgr_env/lib/python3.10/site-packages/hydra/_internal/hydra.py", line 162, in multirun
    ret = sweeper.sweep(arguments=task_overrides)
  File "/net/tscratch/people/plghpiotr/.conda/mgr_env/lib/python3.10/site-packages/hydra/_internal/core_plugins/basic_sweeper.py", line 181, in sweep
    _ = r.return_value
  File "/net/tscratch/people/plghpiotr/.conda/mgr_env/lib/python3.10/site-packages/hydra/core/utils.py", line 260, in return_value
    raise self._return_value
submitit.core.utils.UncompletedJobError: Job not requeued because: timed-out too many times.
