[2024-05-14 13:27:59,574][HYDRA] Submitit 'slurm' sweep output dir : results/2024/05.14/13-27-53
[2024-05-14 13:27:59,576][HYDRA] 	#0 : +reg_exps=ewc_convnext data.num_tasks=5 misc.seed=1
[2024-05-14 13:27:59,583][HYDRA] 	#1 : +reg_exps=ewc_convnext data.num_tasks=5 misc.seed=2
[2024-05-14 13:27:59,589][HYDRA] 	#2 : +reg_exps=ewc_convnext data.num_tasks=10 misc.seed=1
[2024-05-14 13:27:59,595][HYDRA] 	#3 : +reg_exps=ewc_convnext data.num_tasks=10 misc.seed=2
[2024-05-14 13:27:59,602][HYDRA] 	#4 : +reg_exps=ewc_convnext data.num_tasks=20 misc.seed=1
[2024-05-14 13:27:59,608][HYDRA] 	#5 : +reg_exps=ewc_convnext data.num_tasks=20 misc.seed=2
[2024-05-14 13:27:59,615][HYDRA] 	#6 : +reg_exps=ewc_resnet data.num_tasks=5 misc.seed=1
[2024-05-14 13:27:59,621][HYDRA] 	#7 : +reg_exps=ewc_resnet data.num_tasks=5 misc.seed=2
[2024-05-14 13:27:59,627][HYDRA] 	#8 : +reg_exps=ewc_resnet data.num_tasks=10 misc.seed=1
[2024-05-14 13:27:59,635][HYDRA] 	#9 : +reg_exps=ewc_resnet data.num_tasks=10 misc.seed=2
[2024-05-14 13:27:59,642][HYDRA] 	#10 : +reg_exps=ewc_resnet data.num_tasks=20 misc.seed=1
[2024-05-14 13:27:59,649][HYDRA] 	#11 : +reg_exps=ewc_resnet data.num_tasks=20 misc.seed=2
[2024-05-14 13:27:59,655][HYDRA] 	#12 : +reg_exps=finetuning_convnext data.num_tasks=5 misc.seed=1
[2024-05-14 13:27:59,662][HYDRA] 	#13 : +reg_exps=finetuning_convnext data.num_tasks=5 misc.seed=2
[2024-05-14 13:27:59,668][HYDRA] 	#14 : +reg_exps=finetuning_convnext data.num_tasks=10 misc.seed=1
[2024-05-14 13:27:59,674][HYDRA] 	#15 : +reg_exps=finetuning_convnext data.num_tasks=10 misc.seed=2
[2024-05-14 13:27:59,680][HYDRA] 	#16 : +reg_exps=finetuning_convnext data.num_tasks=20 misc.seed=1
[2024-05-14 13:27:59,686][HYDRA] 	#17 : +reg_exps=finetuning_convnext data.num_tasks=20 misc.seed=2
[2024-05-14 13:27:59,692][HYDRA] 	#18 : +reg_exps=finetuning_resnet data.num_tasks=5 misc.seed=1
[2024-05-14 13:27:59,699][HYDRA] 	#19 : +reg_exps=finetuning_resnet data.num_tasks=5 misc.seed=2
[2024-05-14 13:27:59,705][HYDRA] 	#20 : +reg_exps=finetuning_resnet data.num_tasks=10 misc.seed=1
[2024-05-14 13:27:59,711][HYDRA] 	#21 : +reg_exps=finetuning_resnet data.num_tasks=10 misc.seed=2
[2024-05-14 13:27:59,718][HYDRA] 	#22 : +reg_exps=finetuning_resnet data.num_tasks=20 misc.seed=1
[2024-05-14 13:27:59,724][HYDRA] 	#23 : +reg_exps=finetuning_resnet data.num_tasks=20 misc.seed=2
[2024-05-14 13:27:59,730][HYDRA] 	#24 : +reg_exps=lwf_convnext data.num_tasks=5 misc.seed=1
[2024-05-14 13:27:59,736][HYDRA] 	#25 : +reg_exps=lwf_convnext data.num_tasks=5 misc.seed=2
[2024-05-14 13:27:59,743][HYDRA] 	#26 : +reg_exps=lwf_convnext data.num_tasks=10 misc.seed=1
[2024-05-14 13:27:59,749][HYDRA] 	#27 : +reg_exps=lwf_convnext data.num_tasks=10 misc.seed=2
[2024-05-14 13:27:59,755][HYDRA] 	#28 : +reg_exps=lwf_convnext data.num_tasks=20 misc.seed=1
[2024-05-14 13:27:59,761][HYDRA] 	#29 : +reg_exps=lwf_convnext data.num_tasks=20 misc.seed=2
[2024-05-14 13:27:59,768][HYDRA] 	#30 : +reg_exps=lwf_resnet data.num_tasks=5 misc.seed=1
[2024-05-14 13:27:59,774][HYDRA] 	#31 : +reg_exps=lwf_resnet data.num_tasks=5 misc.seed=2
[2024-05-14 13:27:59,781][HYDRA] 	#32 : +reg_exps=lwf_resnet data.num_tasks=10 misc.seed=1
[2024-05-14 13:27:59,787][HYDRA] 	#33 : +reg_exps=lwf_resnet data.num_tasks=10 misc.seed=2
[2024-05-14 13:27:59,794][HYDRA] 	#34 : +reg_exps=lwf_resnet data.num_tasks=20 misc.seed=1
[2024-05-14 13:27:59,800][HYDRA] 	#35 : +reg_exps=lwf_resnet data.num_tasks=20 misc.seed=2
[2024-05-14 13:27:59,806][HYDRA] 	#36 : +reg_exps=replay_convnext data.num_tasks=5 misc.seed=1
[2024-05-14 13:27:59,812][HYDRA] 	#37 : +reg_exps=replay_convnext data.num_tasks=5 misc.seed=2
[2024-05-14 13:27:59,819][HYDRA] 	#38 : +reg_exps=replay_convnext data.num_tasks=10 misc.seed=1
[2024-05-14 13:27:59,825][HYDRA] 	#39 : +reg_exps=replay_convnext data.num_tasks=10 misc.seed=2
[2024-05-14 13:27:59,924][HYDRA] 	#40 : +reg_exps=replay_convnext data.num_tasks=20 misc.seed=1
[2024-05-14 13:27:59,930][HYDRA] 	#41 : +reg_exps=replay_convnext data.num_tasks=20 misc.seed=2
[2024-05-14 13:27:59,936][HYDRA] 	#42 : +reg_exps=replay_resnet data.num_tasks=5 misc.seed=1
[2024-05-14 13:27:59,942][HYDRA] 	#43 : +reg_exps=replay_resnet data.num_tasks=5 misc.seed=2
[2024-05-14 13:27:59,948][HYDRA] 	#44 : +reg_exps=replay_resnet data.num_tasks=10 misc.seed=1
[2024-05-14 13:27:59,955][HYDRA] 	#45 : +reg_exps=replay_resnet data.num_tasks=10 misc.seed=2
[2024-05-14 13:27:59,961][HYDRA] 	#46 : +reg_exps=replay_resnet data.num_tasks=20 misc.seed=1
[2024-05-14 13:27:59,967][HYDRA] 	#47 : +reg_exps=replay_resnet data.num_tasks=20 misc.seed=2
