[2024-05-17 16:23:12,204][HYDRA] Submitit 'slurm' sweep output dir : results/2024/05.17/16-23-07
[2024-05-17 16:23:12,206][HYDRA] 	#0 : +training/approach=finetuning +networks=resnet data.num_tasks=10 misc.seed=1
[2024-05-17 16:23:12,214][HYDRA] 	#1 : +training/approach=finetuning +networks=resnet data.num_tasks=10 misc.seed=2
[2024-05-17 16:23:12,221][HYDRA] 	#2 : +training/approach=finetuning +networks=resnet data.num_tasks=20 misc.seed=1
[2024-05-17 16:23:12,227][HYDRA] 	#3 : +training/approach=finetuning +networks=resnet data.num_tasks=20 misc.seed=2
[2024-05-17 16:23:12,233][HYDRA] 	#4 : +training/approach=finetuning +networks=convnext data.num_tasks=10 misc.seed=1
[2024-05-17 16:23:12,240][HYDRA] 	#5 : +training/approach=finetuning +networks=convnext data.num_tasks=10 misc.seed=2
[2024-05-17 16:23:12,247][HYDRA] 	#6 : +training/approach=finetuning +networks=convnext data.num_tasks=20 misc.seed=1
[2024-05-17 16:23:12,254][HYDRA] 	#7 : +training/approach=finetuning +networks=convnext data.num_tasks=20 misc.seed=2
[2024-05-17 16:23:12,260][HYDRA] 	#8 : +training/approach=replay +networks=resnet data.num_tasks=10 misc.seed=1
[2024-05-17 16:23:12,266][HYDRA] 	#9 : +training/approach=replay +networks=resnet data.num_tasks=10 misc.seed=2
[2024-05-17 16:23:12,273][HYDRA] 	#10 : +training/approach=replay +networks=resnet data.num_tasks=20 misc.seed=1
[2024-05-17 16:23:12,279][HYDRA] 	#11 : +training/approach=replay +networks=resnet data.num_tasks=20 misc.seed=2
[2024-05-17 16:23:12,286][HYDRA] 	#12 : +training/approach=replay +networks=convnext data.num_tasks=10 misc.seed=1
[2024-05-17 16:23:12,292][HYDRA] 	#13 : +training/approach=replay +networks=convnext data.num_tasks=10 misc.seed=2
[2024-05-17 16:23:12,299][HYDRA] 	#14 : +training/approach=replay +networks=convnext data.num_tasks=20 misc.seed=1
[2024-05-17 16:23:12,305][HYDRA] 	#15 : +training/approach=replay +networks=convnext data.num_tasks=20 misc.seed=2
[2024-05-17 16:23:12,312][HYDRA] 	#16 : +training/approach=ewc +networks=resnet data.num_tasks=10 misc.seed=1
[2024-05-17 16:23:12,318][HYDRA] 	#17 : +training/approach=ewc +networks=resnet data.num_tasks=10 misc.seed=2
[2024-05-17 16:23:12,325][HYDRA] 	#18 : +training/approach=ewc +networks=resnet data.num_tasks=20 misc.seed=1
[2024-05-17 16:23:12,331][HYDRA] 	#19 : +training/approach=ewc +networks=resnet data.num_tasks=20 misc.seed=2
[2024-05-17 16:23:12,338][HYDRA] 	#20 : +training/approach=ewc +networks=convnext data.num_tasks=10 misc.seed=1
[2024-05-17 16:23:12,579][HYDRA] 	#21 : +training/approach=ewc +networks=convnext data.num_tasks=10 misc.seed=2
[2024-05-17 16:23:12,586][HYDRA] 	#22 : +training/approach=ewc +networks=convnext data.num_tasks=20 misc.seed=1
[2024-05-17 16:23:12,593][HYDRA] 	#23 : +training/approach=ewc +networks=convnext data.num_tasks=20 misc.seed=2
[2024-05-17 16:23:12,599][HYDRA] 	#24 : +training/approach=lwf +networks=resnet data.num_tasks=10 misc.seed=1
[2024-05-17 16:23:12,606][HYDRA] 	#25 : +training/approach=lwf +networks=resnet data.num_tasks=10 misc.seed=2
[2024-05-17 16:23:12,612][HYDRA] 	#26 : +training/approach=lwf +networks=resnet data.num_tasks=20 misc.seed=1
[2024-05-17 16:23:12,619][HYDRA] 	#27 : +training/approach=lwf +networks=resnet data.num_tasks=20 misc.seed=2
[2024-05-17 16:23:12,625][HYDRA] 	#28 : +training/approach=lwf +networks=convnext data.num_tasks=10 misc.seed=1
[2024-05-17 16:23:12,632][HYDRA] 	#29 : +training/approach=lwf +networks=convnext data.num_tasks=10 misc.seed=2
[2024-05-17 16:23:12,638][HYDRA] 	#30 : +training/approach=lwf +networks=convnext data.num_tasks=20 misc.seed=1
[2024-05-17 16:23:12,645][HYDRA] 	#31 : +training/approach=lwf +networks=convnext data.num_tasks=20 misc.seed=2
