[2024-05-17 16:23:25,233][HYDRA] Submitit 'slurm' sweep output dir : results/2024/05.17/16-23-20
[2024-05-17 16:23:25,235][HYDRA] 	#0 : +imagenet_reg_exps=ewc_convnext data.num_tasks=10 misc.seed=1
[2024-05-17 16:23:25,242][HYDRA] 	#1 : +imagenet_reg_exps=ewc_convnext data.num_tasks=10 misc.seed=2
[2024-05-17 16:23:25,248][HYDRA] 	#2 : +imagenet_reg_exps=ewc_convnext data.num_tasks=20 misc.seed=1
[2024-05-17 16:23:25,255][HYDRA] 	#3 : +imagenet_reg_exps=ewc_convnext data.num_tasks=20 misc.seed=2
[2024-05-17 16:23:25,261][HYDRA] 	#4 : +imagenet_reg_exps=ewc_resnet data.num_tasks=10 misc.seed=1
[2024-05-17 16:23:25,268][HYDRA] 	#5 : +imagenet_reg_exps=ewc_resnet data.num_tasks=10 misc.seed=2
[2024-05-17 16:23:25,274][HYDRA] 	#6 : +imagenet_reg_exps=ewc_resnet data.num_tasks=20 misc.seed=1
[2024-05-17 16:23:25,281][HYDRA] 	#7 : +imagenet_reg_exps=ewc_resnet data.num_tasks=20 misc.seed=2
[2024-05-17 16:23:25,287][HYDRA] 	#8 : +imagenet_reg_exps=finetuning_convnext data.num_tasks=10 misc.seed=1
[2024-05-17 16:23:25,294][HYDRA] 	#9 : +imagenet_reg_exps=finetuning_convnext data.num_tasks=10 misc.seed=2
[2024-05-17 16:23:25,300][HYDRA] 	#10 : +imagenet_reg_exps=finetuning_convnext data.num_tasks=20 misc.seed=1
[2024-05-17 16:23:25,306][HYDRA] 	#11 : +imagenet_reg_exps=finetuning_convnext data.num_tasks=20 misc.seed=2
[2024-05-17 16:23:25,313][HYDRA] 	#12 : +imagenet_reg_exps=finetuning_resnet data.num_tasks=10 misc.seed=1
[2024-05-17 16:23:25,319][HYDRA] 	#13 : +imagenet_reg_exps=finetuning_resnet data.num_tasks=10 misc.seed=2
[2024-05-17 16:23:25,325][HYDRA] 	#14 : +imagenet_reg_exps=finetuning_resnet data.num_tasks=20 misc.seed=1
[2024-05-17 16:23:25,332][HYDRA] 	#15 : +imagenet_reg_exps=finetuning_resnet data.num_tasks=20 misc.seed=2
[2024-05-17 16:23:25,338][HYDRA] 	#16 : +imagenet_reg_exps=lwf_convnext data.num_tasks=10 misc.seed=1
[2024-05-17 16:23:25,344][HYDRA] 	#17 : +imagenet_reg_exps=lwf_convnext data.num_tasks=10 misc.seed=2
[2024-05-17 16:23:25,351][HYDRA] 	#18 : +imagenet_reg_exps=lwf_convnext data.num_tasks=20 misc.seed=1
[2024-05-17 16:23:25,571][HYDRA] 	#19 : +imagenet_reg_exps=lwf_convnext data.num_tasks=20 misc.seed=2
[2024-05-17 16:23:25,578][HYDRA] 	#20 : +imagenet_reg_exps=lwf_resnet data.num_tasks=10 misc.seed=1
[2024-05-17 16:23:25,584][HYDRA] 	#21 : +imagenet_reg_exps=lwf_resnet data.num_tasks=10 misc.seed=2
[2024-05-17 16:23:25,590][HYDRA] 	#22 : +imagenet_reg_exps=lwf_resnet data.num_tasks=20 misc.seed=1
[2024-05-17 16:23:25,596][HYDRA] 	#23 : +imagenet_reg_exps=lwf_resnet data.num_tasks=20 misc.seed=2
[2024-05-17 16:23:25,603][HYDRA] 	#24 : +imagenet_reg_exps=replay_convnext data.num_tasks=10 misc.seed=1
[2024-05-17 16:23:25,609][HYDRA] 	#25 : +imagenet_reg_exps=replay_convnext data.num_tasks=10 misc.seed=2
[2024-05-17 16:23:25,615][HYDRA] 	#26 : +imagenet_reg_exps=replay_convnext data.num_tasks=20 misc.seed=1
[2024-05-17 16:23:25,622][HYDRA] 	#27 : +imagenet_reg_exps=replay_convnext data.num_tasks=20 misc.seed=2
[2024-05-17 16:23:25,628][HYDRA] 	#28 : +imagenet_reg_exps=replay_resnet data.num_tasks=10 misc.seed=1
[2024-05-17 16:23:25,634][HYDRA] 	#29 : +imagenet_reg_exps=replay_resnet data.num_tasks=10 misc.seed=2
[2024-05-17 16:23:25,640][HYDRA] 	#30 : +imagenet_reg_exps=replay_resnet data.num_tasks=20 misc.seed=1
[2024-05-17 16:23:25,647][HYDRA] 	#31 : +imagenet_reg_exps=replay_resnet data.num_tasks=20 misc.seed=2
