[2024-05-20 12:17:51,760][HYDRA] Submitit 'slurm' sweep output dir : results/2024/05.20/12-17-50
[2024-05-20 12:17:51,762][HYDRA] 	#0 : +imagenet_reg_exps=lwf_convnext data.num_tasks=10 misc.seed=1
[2024-05-20 12:17:51,769][HYDRA] 	#1 : +imagenet_reg_exps=lwf_convnext data.num_tasks=10 misc.seed=2
[2024-05-20 12:17:51,776][HYDRA] 	#2 : +imagenet_reg_exps=lwf_convnext data.num_tasks=20 misc.seed=1
[2024-05-20 12:17:51,783][HYDRA] 	#3 : +imagenet_reg_exps=lwf_convnext data.num_tasks=20 misc.seed=2
[2024-05-20 12:17:51,789][HYDRA] 	#4 : +imagenet_reg_exps=lwf_resnet data.num_tasks=10 misc.seed=1
[2024-05-20 12:17:51,796][HYDRA] 	#5 : +imagenet_reg_exps=lwf_resnet data.num_tasks=10 misc.seed=2
[2024-05-20 12:17:51,803][HYDRA] 	#6 : +imagenet_reg_exps=lwf_resnet data.num_tasks=20 misc.seed=1
[2024-05-20 12:17:51,810][HYDRA] 	#7 : +imagenet_reg_exps=lwf_resnet data.num_tasks=20 misc.seed=2
Traceback (most recent call last):
  File "/net/tscratch/people/plghpiotr/.conda/mgr_env/lib/python3.10/site-packages/hydra/_internal/utils.py", line 220, in run_and_report
    return func()
  File "/net/tscratch/people/plghpiotr/.conda/mgr_env/lib/python3.10/site-packages/hydra/_internal/utils.py", line 466, in <lambda>
    lambda: hydra.multirun(
  File "/net/tscratch/people/plghpiotr/.conda/mgr_env/lib/python3.10/site-packages/hydra/_internal/hydra.py", line 162, in multirun
    ret = sweeper.sweep(arguments=task_overrides)
  File "/net/tscratch/people/plghpiotr/.conda/mgr_env/lib/python3.10/site-packages/hydra/_internal/core_plugins/basic_sweeper.py", line 177, in sweep
    results = self.launcher.launch(batch, initial_job_idx=initial_job_idx)
  File "/net/tscratch/people/plghpiotr/.conda/mgr_env/lib/python3.10/site-packages/hydra_plugins/hydra_submitit_launcher/submitit_launcher.py", line 146, in launch
    return [j.results()[0] for j in jobs]
  File "/net/tscratch/people/plghpiotr/.conda/mgr_env/lib/python3.10/site-packages/hydra_plugins/hydra_submitit_launcher/submitit_launcher.py", line 146, in <listcomp>
    return [j.results()[0] for j in jobs]
  File "/net/tscratch/people/plghpiotr/.conda/mgr_env/lib/python3.10/site-packages/submitit/core/core.py", line 289, in results
    outcome, result = self._get_outcome_and_result()
  File "/net/tscratch/people/plghpiotr/.conda/mgr_env/lib/python3.10/site-packages/submitit/core/core.py", line 384, in _get_outcome_and_result
    raise utils.UncompletedJobError("\n".join(message))
submitit.core.utils.UncompletedJobError: Job 722487_0 (task: 0) with path /net/tscratch/people/plghpiotr/cl-adaptation/results/2024/05.20/12-17-50/.submitit/722487_0/722487_0_0_result.pkl
has not produced any output (state: FAILED)
Error stream produced:
----------------------------------------
 GCCcore/11.2.0 loaded.
 zlib/1.2.11 loaded.
 binutils/2.37 loaded.
 GCC/11.2.0 loaded.
 numactl/2.0.14 loaded.
 XZ/5.2.5 loaded.
 libxml2/2.9.10 loaded.
 libpciaccess/0.16 loaded.
 hwloc/2.5.0 loaded.
 OpenSSL/1.1 loaded.
 libevent/2.1.12 loaded.
 CUDA/11.6.0 loaded.
 UCX/1.12.1 loaded.
 GDRCopy/2.3 loaded.
 UCX-CUDA/1.12.1-CUDA-11.6.0 loaded.
 libfabric/1.13.2 loaded.
 PMIx/4.1.0 loaded.
 OpenMPI/4.1.2-CUDA-11.6.0 loaded.
/net/tscratch/people/plghpiotr/.conda/mgr_env/lib/python3.10/site-packages/torchvision/models/_utils.py:208: UserWarning: The parameter 'pretrained' is deprecated since 0.13 and may be removed in the future, please use 'weights' instead.
  warnings.warn(
/net/tscratch/people/plghpiotr/.conda/mgr_env/lib/python3.10/site-packages/torchvision/models/_utils.py:223: UserWarning: Arguments other than a weight enum or `None` for 'weights' are deprecated since 0.13 and may be removed in the future. The current behavior is equivalent to passing `weights=None`.
  warnings.warn(msg)
/net/tscratch/people/plghpiotr/.conda/mgr_env/lib/python3.10/site-packages/scipy/__init__.py:146: UserWarning: A NumPy version >=1.17.3 and <1.25.0 is required for this version of SciPy (detected version 1.26.4
  warnings.warn(f"A NumPy version >={np_minversion} and <{np_maxversion}"
wandb: Currently logged in as: phondra (tunnels-ssl). Use `wandb login --relogin` to force relogin
wandb: wandb version 0.17.0 is available!  To upgrade, please run:
wandb:  $ pip install wandb --upgrade
wandb: Tracking run with wandb version 0.16.6
wandb: Run data is saved locally in /net/tscratch/people/plghpiotr/cl-adaptation/wandb/run-20240520_160545-fcw7yde6
wandb: Run `wandb offline` to turn off syncing.
wandb: Syncing run swept-resonance-53
wandb:  View project at https://wandb.ai/tunnels-ssl/ssil
wandb:  View run at https://wandb.ai/tunnels-ssl/ssil/runs/fcw7yde6
/net/tscratch/people/plghpiotr/cl-adaptation/src/loggers/wandb_logger.py:118: UserWarning: Saving model is not implemented in wandb logger
  warnings.warn("Saving model is not implemented in wandb logger")
slurmstepd: error: Detected 2 oom_kill events in StepId=722873.0. Some of the step tasks have been OOM Killed.
srun: error: t0013: task 0: Out Of Memory

