[2024-05-20 20:12:22,563][HYDRA] Submitit 'slurm' sweep output dir : results/2024/05.20/20-12-20
[2024-05-20 20:12:22,565][HYDRA] 	#0 : +networks=resnet data.num_tasks=10 misc.seed=0
[2024-05-20 20:12:22,766][HYDRA] 	#1 : +networks=resnet data.num_tasks=10 misc.seed=1
[2024-05-20 20:12:22,773][HYDRA] 	#2 : +networks=resnet data.num_tasks=10 misc.seed=2
[2024-05-20 20:12:22,779][HYDRA] 	#3 : +networks=resnet data.num_tasks=20 misc.seed=0
[2024-05-20 20:12:22,785][HYDRA] 	#4 : +networks=resnet data.num_tasks=20 misc.seed=1
[2024-05-20 20:12:22,791][HYDRA] 	#5 : +networks=resnet data.num_tasks=20 misc.seed=2
[2024-05-20 20:12:22,797][HYDRA] 	#6 : +networks=convnext data.num_tasks=10 misc.seed=0
[2024-05-20 20:12:22,804][HYDRA] 	#7 : +networks=convnext data.num_tasks=10 misc.seed=1
[2024-05-20 20:12:22,810][HYDRA] 	#8 : +networks=convnext data.num_tasks=10 misc.seed=2
[2024-05-20 20:12:22,816][HYDRA] 	#9 : +networks=convnext data.num_tasks=20 misc.seed=0
[2024-05-20 20:12:22,822][HYDRA] 	#10 : +networks=convnext data.num_tasks=20 misc.seed=1
[2024-05-20 20:12:22,829][HYDRA] 	#11 : +networks=convnext data.num_tasks=20 misc.seed=2
Traceback (most recent call last):
  File "/net/tscratch/people/plghpiotr/.conda/mgr_env/lib/python3.10/site-packages/hydra/_internal/utils.py", line 220, in run_and_report
    return func()
  File "/net/tscratch/people/plghpiotr/.conda/mgr_env/lib/python3.10/site-packages/hydra/_internal/utils.py", line 466, in <lambda>
    lambda: hydra.multirun(
  File "/net/tscratch/people/plghpiotr/.conda/mgr_env/lib/python3.10/site-packages/hydra/_internal/hydra.py", line 162, in multirun
    ret = sweeper.sweep(arguments=task_overrides)
  File "/net/tscratch/people/plghpiotr/.conda/mgr_env/lib/python3.10/site-packages/hydra/_internal/core_plugins/basic_sweeper.py", line 177, in sweep
    results = self.launcher.launch(batch, initial_job_idx=initial_job_idx)
  File "/net/tscratch/people/plghpiotr/.conda/mgr_env/lib/python3.10/site-packages/hydra_plugins/hydra_submitit_launcher/submitit_launcher.py", line 146, in launch
    return [j.results()[0] for j in jobs]
  File "/net/tscratch/people/plghpiotr/.conda/mgr_env/lib/python3.10/site-packages/hydra_plugins/hydra_submitit_launcher/submitit_launcher.py", line 146, in <listcomp>
    return [j.results()[0] for j in jobs]
  File "/net/tscratch/people/plghpiotr/.conda/mgr_env/lib/python3.10/site-packages/submitit/core/core.py", line 289, in results
    outcome, result = self._get_outcome_and_result()
  File "/net/tscratch/people/plghpiotr/.conda/mgr_env/lib/python3.10/site-packages/submitit/core/core.py", line 384, in _get_outcome_and_result
    raise utils.UncompletedJobError("\n".join(message))
submitit.core.utils.UncompletedJobError: Job 723198_0 (task: 0) with path /net/tscratch/people/plghpiotr/cl-adaptation/results/2024/05.20/20-12-20/.submitit/723198_0/723198_0_0_result.pkl
has not produced any output (state: FAILED)
Error stream produced:
----------------------------------------
 GCCcore/11.2.0 loaded.
 zlib/1.2.11 loaded.
 binutils/2.37 loaded.
 GCC/11.2.0 loaded.
 numactl/2.0.14 loaded.
 XZ/5.2.5 loaded.
 libxml2/2.9.10 loaded.
 libpciaccess/0.16 loaded.
 hwloc/2.5.0 loaded.
 OpenSSL/1.1 loaded.
 libevent/2.1.12 loaded.
 CUDA/11.6.0 loaded.
 UCX/1.12.1 loaded.
 GDRCopy/2.3 loaded.
 UCX-CUDA/1.12.1-CUDA-11.6.0 loaded.
 libfabric/1.13.2 loaded.
 PMIx/4.1.0 loaded.
 OpenMPI/4.1.2-CUDA-11.6.0 loaded.
/net/tscratch/people/plghpiotr/.conda/mgr_env/lib/python3.10/site-packages/scipy/__init__.py:146: UserWarning: A NumPy version >=1.17.3 and <1.25.0 is required for this version of SciPy (detected version 1.26.4
  warnings.warn(f"A NumPy version >={np_minversion} and <{np_maxversion}"
wandb: Currently logged in as: phondra (tunnels-ssl). Use `wandb login --relogin` to force relogin
wandb: wandb version 0.17.0 is available!  To upgrade, please run:
wandb:  $ pip install wandb --upgrade
wandb: Tracking run with wandb version 0.16.6
wandb: Run data is saved locally in /net/tscratch/people/plghpiotr/cl-adaptation/wandb/run-20240520_215243-hsxv56ss
wandb: Run `wandb offline` to turn off syncing.
wandb: Syncing run divine-brook-49
wandb:  View project at https://wandb.ai/tunnels-ssl/new_ssil
wandb:  View run at https://wandb.ai/tunnels-ssl/new_ssil/runs/hsxv56ss
wandb: 429 encountered (Filestream rate limit exceeded, retrying in 2.4 seconds.), retrying request
wandb: 429 encountered (Filestream rate limit exceeded, retrying in 2.3 seconds.), retrying request
wandb: 429 encountered (Filestream rate limit exceeded, retrying in 2.2 seconds.), retrying request
wandb: 429 encountered (Filestream rate limit exceeded, retrying in 2.4 seconds.), retrying request
wandb: 429 encountered (Filestream rate limit exceeded, retrying in 2.4 seconds.), retrying request
wandb: 429 encountered (Filestream rate limit exceeded, retrying in 2.5 seconds.), retrying request
wandb: 429 encountered (Filestream rate limit exceeded, retrying in 2.0 seconds.), retrying request
wandb: 429 encountered (Filestream rate limit exceeded, retrying in 2.5 seconds.), retrying request
wandb: 429 encountered (Filestream rate limit exceeded, retrying in 4.2 seconds.), retrying request
wandb: 429 encountered (Filestream rate limit exceeded, retrying in 2.1 seconds.), retrying request
wandb: 429 encountered (Filestream rate limit exceeded, retrying in 2.2 seconds.), retrying request
wandb: 429 encountered (Filestream rate limit exceeded, retrying in 2.3 seconds.), retrying request
wandb: 429 encountered (Filestream rate limit exceeded, retrying in 2.3 seconds.), retrying request
wandb: 429 encountered (Filestream rate limit exceeded, retrying in 2.3 seconds.), retrying request
wandb: 429 encountered (Filestream rate limit exceeded, retrying in 2.2 seconds.), retrying request
wandb: 429 encountered (Filestream rate limit exceeded, retrying in 2.1 seconds.), retrying request
wandb: 429 encountered (Filestream rate limit exceeded, retrying in 2.4 seconds.), retrying request
/net/tscratch/people/plghpiotr/cl-adaptation/src/loggers/wandb_logger.py:118: UserWarning: Saving model is not implemented in wandb logger
  warnings.warn("Saving model is not implemented in wandb logger")
wandb: 429 encountered (Filestream rate limit exceeded, retrying in 2.2 seconds.), retrying request
wandb: 429 encountered (Filestream rate limit exceeded, retrying in 2.4 seconds.), retrying request
wandb: 429 encountered (Filestream rate limit exceeded, retrying in 2.2 seconds.), retrying request
wandb: 429 encountered (Filestream rate limit exceeded, retrying in 2.2 seconds.), retrying request
wandb: 429 encountered (Filestream rate limit exceeded, retrying in 2.3 seconds.), retrying request
wandb: 429 encountered (Filestream rate limit exceeded, retrying in 2.4 seconds.), retrying request
wandb: 429 encountered (Filestream rate limit exceeded, retrying in 2.5 seconds.), retrying request
wandb: 429 encountered (Filestream rate limit exceeded, retrying in 2.4 seconds.), retrying request
wandb: 429 encountered (Filestream rate limit exceeded, retrying in 2.4 seconds.), retrying request
wandb: 429 encountered (Filestream rate limit exceeded, retrying in 2.1 seconds.), retrying request
wandb: 429 encountered (Filestream rate limit exceeded, retrying in 2.1 seconds.), retrying request
slurmstepd: error: Detected 2 oom_kill events in StepId=723357.0. Some of the step tasks have been OOM Killed.
srun: error: t0017: task 0: Out Of Memory

