[2024-05-20 20:11:55,389][HYDRA] Submitit 'slurm' sweep output dir : results/2024/05.20/20-11-52
[2024-05-20 20:11:55,391][HYDRA] 	#0 : +networks=resnet data.num_tasks=5 misc.seed=0
[2024-05-20 20:11:55,398][HYDRA] 	#1 : +networks=resnet data.num_tasks=5 misc.seed=1
[2024-05-20 20:11:55,405][HYDRA] 	#2 : +networks=resnet data.num_tasks=5 misc.seed=2
[2024-05-20 20:11:55,413][HYDRA] 	#3 : +networks=resnet data.num_tasks=10 misc.seed=0
[2024-05-20 20:11:55,420][HYDRA] 	#4 : +networks=resnet data.num_tasks=10 misc.seed=1
[2024-05-20 20:11:55,426][HYDRA] 	#5 : +networks=resnet data.num_tasks=10 misc.seed=2
[2024-05-20 20:11:55,433][HYDRA] 	#6 : +networks=resnet data.num_tasks=20 misc.seed=0
[2024-05-20 20:11:55,439][HYDRA] 	#7 : +networks=resnet data.num_tasks=20 misc.seed=1
[2024-05-20 20:11:55,447][HYDRA] 	#8 : +networks=resnet data.num_tasks=20 misc.seed=2
[2024-05-20 20:11:55,454][HYDRA] 	#9 : +networks=convnext data.num_tasks=5 misc.seed=0
[2024-05-20 20:11:55,461][HYDRA] 	#10 : +networks=convnext data.num_tasks=5 misc.seed=1
[2024-05-20 20:11:55,468][HYDRA] 	#11 : +networks=convnext data.num_tasks=5 misc.seed=2
[2024-05-20 20:11:55,475][HYDRA] 	#12 : +networks=convnext data.num_tasks=10 misc.seed=0
[2024-05-20 20:11:55,482][HYDRA] 	#13 : +networks=convnext data.num_tasks=10 misc.seed=1
[2024-05-20 20:11:55,488][HYDRA] 	#14 : +networks=convnext data.num_tasks=10 misc.seed=2
[2024-05-20 20:11:55,497][HYDRA] 	#15 : +networks=convnext data.num_tasks=20 misc.seed=0
[2024-05-20 20:11:55,503][HYDRA] 	#16 : +networks=convnext data.num_tasks=20 misc.seed=1
[2024-05-20 20:11:55,510][HYDRA] 	#17 : +networks=convnext data.num_tasks=20 misc.seed=2
Error executing job with overrides: ['+networks=convnext', 'data.num_tasks=20', 'misc.seed=0']
Traceback (most recent call last):
  File "/net/tscratch/people/plghpiotr/.conda/mgr_env/lib/python3.10/site-packages/hydra/_internal/utils.py", line 220, in run_and_report
    return func()
  File "/net/tscratch/people/plghpiotr/.conda/mgr_env/lib/python3.10/site-packages/hydra/_internal/utils.py", line 466, in <lambda>
    lambda: hydra.multirun(
  File "/net/tscratch/people/plghpiotr/.conda/mgr_env/lib/python3.10/site-packages/hydra/_internal/hydra.py", line 162, in multirun
    ret = sweeper.sweep(arguments=task_overrides)
  File "/net/tscratch/people/plghpiotr/.conda/mgr_env/lib/python3.10/site-packages/hydra/_internal/core_plugins/basic_sweeper.py", line 181, in sweep
    _ = r.return_value
  File "/net/tscratch/people/plghpiotr/.conda/mgr_env/lib/python3.10/site-packages/hydra/core/utils.py", line 260, in return_value
    raise self._return_value
submitit.core.utils.UncompletedJobError: Job not requeued because: timed-out too many times.
