[2024-07-08 15:12:50,787][HYDRA] Submitit 'slurm' sweep output dir : results/2024/07.08/15-12-42
[2024-07-08 15:12:50,790][HYDRA] 	#0 : training.vcreg.scale=True training.vcreg.var_weight=0.64 training.vcreg.cov_weight=0.64 data.datasets=[imagenet_subset_kaggle]
[2024-07-08 15:12:50,798][HYDRA] 	#1 : training.vcreg.scale=True training.vcreg.var_weight=0.64 training.vcreg.cov_weight=0.64 data.datasets=[cifar100_fixed]
[2024-07-08 15:12:50,805][HYDRA] 	#2 : training.vcreg.scale=True training.vcreg.var_weight=0.64 training.vcreg.cov_weight=1.74 data.datasets=[imagenet_subset_kaggle]
[2024-07-08 15:12:50,812][HYDRA] 	#3 : training.vcreg.scale=True training.vcreg.var_weight=0.64 training.vcreg.cov_weight=1.74 data.datasets=[cifar100_fixed]
[2024-07-08 15:12:50,819][HYDRA] 	#4 : training.vcreg.scale=True training.vcreg.var_weight=0.64 training.vcreg.cov_weight=4.72 data.datasets=[imagenet_subset_kaggle]
[2024-07-08 15:12:50,826][HYDRA] 	#5 : training.vcreg.scale=True training.vcreg.var_weight=0.64 training.vcreg.cov_weight=4.72 data.datasets=[cifar100_fixed]
[2024-07-08 15:12:50,834][HYDRA] 	#6 : training.vcreg.scale=True training.vcreg.var_weight=0.64 training.vcreg.cov_weight=12.8 data.datasets=[imagenet_subset_kaggle]
[2024-07-08 15:12:50,841][HYDRA] 	#7 : training.vcreg.scale=True training.vcreg.var_weight=0.64 training.vcreg.cov_weight=12.8 data.datasets=[cifar100_fixed]
[2024-07-08 15:12:50,849][HYDRA] 	#8 : training.vcreg.scale=True training.vcreg.var_weight=1.74 training.vcreg.cov_weight=0.64 data.datasets=[imagenet_subset_kaggle]
[2024-07-08 15:12:50,856][HYDRA] 	#9 : training.vcreg.scale=True training.vcreg.var_weight=1.74 training.vcreg.cov_weight=0.64 data.datasets=[cifar100_fixed]
[2024-07-08 15:12:50,863][HYDRA] 	#10 : training.vcreg.scale=True training.vcreg.var_weight=1.74 training.vcreg.cov_weight=1.74 data.datasets=[imagenet_subset_kaggle]
[2024-07-08 15:12:50,870][HYDRA] 	#11 : training.vcreg.scale=True training.vcreg.var_weight=1.74 training.vcreg.cov_weight=1.74 data.datasets=[cifar100_fixed]
[2024-07-08 15:12:50,877][HYDRA] 	#12 : training.vcreg.scale=True training.vcreg.var_weight=1.74 training.vcreg.cov_weight=4.72 data.datasets=[imagenet_subset_kaggle]
[2024-07-08 15:12:51,025][HYDRA] 	#13 : training.vcreg.scale=True training.vcreg.var_weight=1.74 training.vcreg.cov_weight=4.72 data.datasets=[cifar100_fixed]
[2024-07-08 15:12:51,032][HYDRA] 	#14 : training.vcreg.scale=True training.vcreg.var_weight=1.74 training.vcreg.cov_weight=12.8 data.datasets=[imagenet_subset_kaggle]
[2024-07-08 15:12:51,038][HYDRA] 	#15 : training.vcreg.scale=True training.vcreg.var_weight=1.74 training.vcreg.cov_weight=12.8 data.datasets=[cifar100_fixed]
[2024-07-08 15:12:51,045][HYDRA] 	#16 : training.vcreg.scale=True training.vcreg.var_weight=4.72 training.vcreg.cov_weight=0.64 data.datasets=[imagenet_subset_kaggle]
[2024-07-08 15:12:51,051][HYDRA] 	#17 : training.vcreg.scale=True training.vcreg.var_weight=4.72 training.vcreg.cov_weight=0.64 data.datasets=[cifar100_fixed]
[2024-07-08 15:12:51,057][HYDRA] 	#18 : training.vcreg.scale=True training.vcreg.var_weight=4.72 training.vcreg.cov_weight=1.74 data.datasets=[imagenet_subset_kaggle]
[2024-07-08 15:12:51,064][HYDRA] 	#19 : training.vcreg.scale=True training.vcreg.var_weight=4.72 training.vcreg.cov_weight=1.74 data.datasets=[cifar100_fixed]
[2024-07-08 15:12:51,070][HYDRA] 	#20 : training.vcreg.scale=True training.vcreg.var_weight=4.72 training.vcreg.cov_weight=4.72 data.datasets=[imagenet_subset_kaggle]
[2024-07-08 15:12:51,078][HYDRA] 	#21 : training.vcreg.scale=True training.vcreg.var_weight=4.72 training.vcreg.cov_weight=4.72 data.datasets=[cifar100_fixed]
[2024-07-08 15:12:51,084][HYDRA] 	#22 : training.vcreg.scale=True training.vcreg.var_weight=4.72 training.vcreg.cov_weight=12.8 data.datasets=[imagenet_subset_kaggle]
[2024-07-08 15:12:51,090][HYDRA] 	#23 : training.vcreg.scale=True training.vcreg.var_weight=4.72 training.vcreg.cov_weight=12.8 data.datasets=[cifar100_fixed]
[2024-07-08 15:12:51,096][HYDRA] 	#24 : training.vcreg.scale=True training.vcreg.var_weight=12.8 training.vcreg.cov_weight=0.64 data.datasets=[imagenet_subset_kaggle]
[2024-07-08 15:12:51,102][HYDRA] 	#25 : training.vcreg.scale=True training.vcreg.var_weight=12.8 training.vcreg.cov_weight=0.64 data.datasets=[cifar100_fixed]
[2024-07-08 15:12:51,109][HYDRA] 	#26 : training.vcreg.scale=True training.vcreg.var_weight=12.8 training.vcreg.cov_weight=1.74 data.datasets=[imagenet_subset_kaggle]
[2024-07-08 15:12:51,116][HYDRA] 	#27 : training.vcreg.scale=True training.vcreg.var_weight=12.8 training.vcreg.cov_weight=1.74 data.datasets=[cifar100_fixed]
[2024-07-08 15:12:51,122][HYDRA] 	#28 : training.vcreg.scale=True training.vcreg.var_weight=12.8 training.vcreg.cov_weight=4.72 data.datasets=[imagenet_subset_kaggle]
[2024-07-08 15:12:51,129][HYDRA] 	#29 : training.vcreg.scale=True training.vcreg.var_weight=12.8 training.vcreg.cov_weight=4.72 data.datasets=[cifar100_fixed]
[2024-07-08 15:12:51,135][HYDRA] 	#30 : training.vcreg.scale=True training.vcreg.var_weight=12.8 training.vcreg.cov_weight=12.8 data.datasets=[imagenet_subset_kaggle]
[2024-07-08 15:12:51,142][HYDRA] 	#31 : training.vcreg.scale=True training.vcreg.var_weight=12.8 training.vcreg.cov_weight=12.8 data.datasets=[cifar100_fixed]
[2024-07-08 15:12:51,148][HYDRA] 	#32 : training.vcreg.scale=False training.vcreg.var_weight=0.64 training.vcreg.cov_weight=0.64 data.datasets=[imagenet_subset_kaggle]
[2024-07-08 15:12:51,156][HYDRA] 	#33 : training.vcreg.scale=False training.vcreg.var_weight=0.64 training.vcreg.cov_weight=0.64 data.datasets=[cifar100_fixed]
[2024-07-08 15:12:51,163][HYDRA] 	#34 : training.vcreg.scale=False training.vcreg.var_weight=0.64 training.vcreg.cov_weight=1.74 data.datasets=[imagenet_subset_kaggle]
[2024-07-08 15:12:51,169][HYDRA] 	#35 : training.vcreg.scale=False training.vcreg.var_weight=0.64 training.vcreg.cov_weight=1.74 data.datasets=[cifar100_fixed]
[2024-07-08 15:12:51,175][HYDRA] 	#36 : training.vcreg.scale=False training.vcreg.var_weight=0.64 training.vcreg.cov_weight=4.72 data.datasets=[imagenet_subset_kaggle]
[2024-07-08 15:12:51,181][HYDRA] 	#37 : training.vcreg.scale=False training.vcreg.var_weight=0.64 training.vcreg.cov_weight=4.72 data.datasets=[cifar100_fixed]
[2024-07-08 15:12:51,188][HYDRA] 	#38 : training.vcreg.scale=False training.vcreg.var_weight=0.64 training.vcreg.cov_weight=12.8 data.datasets=[imagenet_subset_kaggle]
[2024-07-08 15:12:51,194][HYDRA] 	#39 : training.vcreg.scale=False training.vcreg.var_weight=0.64 training.vcreg.cov_weight=12.8 data.datasets=[cifar100_fixed]
[2024-07-08 15:12:51,201][HYDRA] 	#40 : training.vcreg.scale=False training.vcreg.var_weight=1.74 training.vcreg.cov_weight=0.64 data.datasets=[imagenet_subset_kaggle]
[2024-07-08 15:12:51,207][HYDRA] 	#41 : training.vcreg.scale=False training.vcreg.var_weight=1.74 training.vcreg.cov_weight=0.64 data.datasets=[cifar100_fixed]
[2024-07-08 15:12:51,213][HYDRA] 	#42 : training.vcreg.scale=False training.vcreg.var_weight=1.74 training.vcreg.cov_weight=1.74 data.datasets=[imagenet_subset_kaggle]
[2024-07-08 15:12:51,220][HYDRA] 	#43 : training.vcreg.scale=False training.vcreg.var_weight=1.74 training.vcreg.cov_weight=1.74 data.datasets=[cifar100_fixed]
[2024-07-08 15:12:51,226][HYDRA] 	#44 : training.vcreg.scale=False training.vcreg.var_weight=1.74 training.vcreg.cov_weight=4.72 data.datasets=[imagenet_subset_kaggle]
[2024-07-08 15:12:51,232][HYDRA] 	#45 : training.vcreg.scale=False training.vcreg.var_weight=1.74 training.vcreg.cov_weight=4.72 data.datasets=[cifar100_fixed]
[2024-07-08 15:12:51,239][HYDRA] 	#46 : training.vcreg.scale=False training.vcreg.var_weight=1.74 training.vcreg.cov_weight=12.8 data.datasets=[imagenet_subset_kaggle]
[2024-07-08 15:12:51,245][HYDRA] 	#47 : training.vcreg.scale=False training.vcreg.var_weight=1.74 training.vcreg.cov_weight=12.8 data.datasets=[cifar100_fixed]
[2024-07-08 15:12:51,252][HYDRA] 	#48 : training.vcreg.scale=False training.vcreg.var_weight=4.72 training.vcreg.cov_weight=0.64 data.datasets=[imagenet_subset_kaggle]
[2024-07-08 15:12:51,258][HYDRA] 	#49 : training.vcreg.scale=False training.vcreg.var_weight=4.72 training.vcreg.cov_weight=0.64 data.datasets=[cifar100_fixed]
[2024-07-08 15:12:51,264][HYDRA] 	#50 : training.vcreg.scale=False training.vcreg.var_weight=4.72 training.vcreg.cov_weight=1.74 data.datasets=[imagenet_subset_kaggle]
[2024-07-08 15:12:51,270][HYDRA] 	#51 : training.vcreg.scale=False training.vcreg.var_weight=4.72 training.vcreg.cov_weight=1.74 data.datasets=[cifar100_fixed]
[2024-07-08 15:12:51,277][HYDRA] 	#52 : training.vcreg.scale=False training.vcreg.var_weight=4.72 training.vcreg.cov_weight=4.72 data.datasets=[imagenet_subset_kaggle]
[2024-07-08 15:12:51,283][HYDRA] 	#53 : training.vcreg.scale=False training.vcreg.var_weight=4.72 training.vcreg.cov_weight=4.72 data.datasets=[cifar100_fixed]
[2024-07-08 15:12:51,290][HYDRA] 	#54 : training.vcreg.scale=False training.vcreg.var_weight=4.72 training.vcreg.cov_weight=12.8 data.datasets=[imagenet_subset_kaggle]
[2024-07-08 15:12:51,296][HYDRA] 	#55 : training.vcreg.scale=False training.vcreg.var_weight=4.72 training.vcreg.cov_weight=12.8 data.datasets=[cifar100_fixed]
[2024-07-08 15:12:51,303][HYDRA] 	#56 : training.vcreg.scale=False training.vcreg.var_weight=12.8 training.vcreg.cov_weight=0.64 data.datasets=[imagenet_subset_kaggle]
[2024-07-08 15:12:51,309][HYDRA] 	#57 : training.vcreg.scale=False training.vcreg.var_weight=12.8 training.vcreg.cov_weight=0.64 data.datasets=[cifar100_fixed]
[2024-07-08 15:12:51,316][HYDRA] 	#58 : training.vcreg.scale=False training.vcreg.var_weight=12.8 training.vcreg.cov_weight=1.74 data.datasets=[imagenet_subset_kaggle]
[2024-07-08 15:12:51,322][HYDRA] 	#59 : training.vcreg.scale=False training.vcreg.var_weight=12.8 training.vcreg.cov_weight=1.74 data.datasets=[cifar100_fixed]
[2024-07-08 15:12:51,329][HYDRA] 	#60 : training.vcreg.scale=False training.vcreg.var_weight=12.8 training.vcreg.cov_weight=4.72 data.datasets=[imagenet_subset_kaggle]
[2024-07-08 15:12:51,336][HYDRA] 	#61 : training.vcreg.scale=False training.vcreg.var_weight=12.8 training.vcreg.cov_weight=4.72 data.datasets=[cifar100_fixed]
[2024-07-08 15:12:51,342][HYDRA] 	#62 : training.vcreg.scale=False training.vcreg.var_weight=12.8 training.vcreg.cov_weight=12.8 data.datasets=[imagenet_subset_kaggle]
[2024-07-08 15:12:51,348][HYDRA] 	#63 : training.vcreg.scale=False training.vcreg.var_weight=12.8 training.vcreg.cov_weight=12.8 data.datasets=[cifar100_fixed]
