[2024-07-08 15:12:29,219][HYDRA] Submitit 'slurm' sweep output dir : results/2024/07.08/15-12-20
[2024-07-08 15:12:29,222][HYDRA] 	#0 : data.datasets=[imagenet_subset_kaggle] training.vcreg.scale=True training.vcreg.var_weight=0.64 training.vcreg.cov_weight=0.64
[2024-07-08 15:12:29,231][HYDRA] 	#1 : data.datasets=[imagenet_subset_kaggle] training.vcreg.scale=True training.vcreg.var_weight=0.64 training.vcreg.cov_weight=1.74
[2024-07-08 15:12:29,238][HYDRA] 	#2 : data.datasets=[imagenet_subset_kaggle] training.vcreg.scale=True training.vcreg.var_weight=0.64 training.vcreg.cov_weight=4.72
[2024-07-08 15:12:29,245][HYDRA] 	#3 : data.datasets=[imagenet_subset_kaggle] training.vcreg.scale=True training.vcreg.var_weight=0.64 training.vcreg.cov_weight=12.8
[2024-07-08 15:12:29,253][HYDRA] 	#4 : data.datasets=[imagenet_subset_kaggle] training.vcreg.scale=True training.vcreg.var_weight=1.74 training.vcreg.cov_weight=0.64
[2024-07-08 15:12:29,268][HYDRA] 	#5 : data.datasets=[imagenet_subset_kaggle] training.vcreg.scale=True training.vcreg.var_weight=1.74 training.vcreg.cov_weight=1.74
[2024-07-08 15:12:29,276][HYDRA] 	#6 : data.datasets=[imagenet_subset_kaggle] training.vcreg.scale=True training.vcreg.var_weight=1.74 training.vcreg.cov_weight=4.72
[2024-07-08 15:12:29,284][HYDRA] 	#7 : data.datasets=[imagenet_subset_kaggle] training.vcreg.scale=True training.vcreg.var_weight=1.74 training.vcreg.cov_weight=12.8
[2024-07-08 15:12:29,292][HYDRA] 	#8 : data.datasets=[imagenet_subset_kaggle] training.vcreg.scale=True training.vcreg.var_weight=4.72 training.vcreg.cov_weight=0.64
[2024-07-08 15:12:29,302][HYDRA] 	#9 : data.datasets=[imagenet_subset_kaggle] training.vcreg.scale=True training.vcreg.var_weight=4.72 training.vcreg.cov_weight=1.74
[2024-07-08 15:12:29,309][HYDRA] 	#10 : data.datasets=[imagenet_subset_kaggle] training.vcreg.scale=True training.vcreg.var_weight=4.72 training.vcreg.cov_weight=4.72
[2024-07-08 15:12:29,318][HYDRA] 	#11 : data.datasets=[imagenet_subset_kaggle] training.vcreg.scale=True training.vcreg.var_weight=4.72 training.vcreg.cov_weight=12.8
[2024-07-08 15:12:29,325][HYDRA] 	#12 : data.datasets=[imagenet_subset_kaggle] training.vcreg.scale=True training.vcreg.var_weight=12.8 training.vcreg.cov_weight=0.64
[2024-07-08 15:12:29,471][HYDRA] 	#13 : data.datasets=[imagenet_subset_kaggle] training.vcreg.scale=True training.vcreg.var_weight=12.8 training.vcreg.cov_weight=1.74
[2024-07-08 15:12:29,477][HYDRA] 	#14 : data.datasets=[imagenet_subset_kaggle] training.vcreg.scale=True training.vcreg.var_weight=12.8 training.vcreg.cov_weight=4.72
[2024-07-08 15:12:29,483][HYDRA] 	#15 : data.datasets=[imagenet_subset_kaggle] training.vcreg.scale=True training.vcreg.var_weight=12.8 training.vcreg.cov_weight=12.8
[2024-07-08 15:12:29,490][HYDRA] 	#16 : data.datasets=[imagenet_subset_kaggle] training.vcreg.scale=False training.vcreg.var_weight=0.64 training.vcreg.cov_weight=0.64
[2024-07-08 15:12:29,496][HYDRA] 	#17 : data.datasets=[imagenet_subset_kaggle] training.vcreg.scale=False training.vcreg.var_weight=0.64 training.vcreg.cov_weight=1.74
[2024-07-08 15:12:29,502][HYDRA] 	#18 : data.datasets=[imagenet_subset_kaggle] training.vcreg.scale=False training.vcreg.var_weight=0.64 training.vcreg.cov_weight=4.72
[2024-07-08 15:12:29,509][HYDRA] 	#19 : data.datasets=[imagenet_subset_kaggle] training.vcreg.scale=False training.vcreg.var_weight=0.64 training.vcreg.cov_weight=12.8
[2024-07-08 15:12:29,515][HYDRA] 	#20 : data.datasets=[imagenet_subset_kaggle] training.vcreg.scale=False training.vcreg.var_weight=1.74 training.vcreg.cov_weight=0.64
[2024-07-08 15:12:29,521][HYDRA] 	#21 : data.datasets=[imagenet_subset_kaggle] training.vcreg.scale=False training.vcreg.var_weight=1.74 training.vcreg.cov_weight=1.74
[2024-07-08 15:12:29,527][HYDRA] 	#22 : data.datasets=[imagenet_subset_kaggle] training.vcreg.scale=False training.vcreg.var_weight=1.74 training.vcreg.cov_weight=4.72
[2024-07-08 15:12:29,535][HYDRA] 	#23 : data.datasets=[imagenet_subset_kaggle] training.vcreg.scale=False training.vcreg.var_weight=1.74 training.vcreg.cov_weight=12.8
[2024-07-08 15:12:29,542][HYDRA] 	#24 : data.datasets=[imagenet_subset_kaggle] training.vcreg.scale=False training.vcreg.var_weight=4.72 training.vcreg.cov_weight=0.64
[2024-07-08 15:12:29,548][HYDRA] 	#25 : data.datasets=[imagenet_subset_kaggle] training.vcreg.scale=False training.vcreg.var_weight=4.72 training.vcreg.cov_weight=1.74
[2024-07-08 15:12:29,556][HYDRA] 	#26 : data.datasets=[imagenet_subset_kaggle] training.vcreg.scale=False training.vcreg.var_weight=4.72 training.vcreg.cov_weight=4.72
[2024-07-08 15:12:29,562][HYDRA] 	#27 : data.datasets=[imagenet_subset_kaggle] training.vcreg.scale=False training.vcreg.var_weight=4.72 training.vcreg.cov_weight=12.8
[2024-07-08 15:12:29,568][HYDRA] 	#28 : data.datasets=[imagenet_subset_kaggle] training.vcreg.scale=False training.vcreg.var_weight=12.8 training.vcreg.cov_weight=0.64
[2024-07-08 15:12:29,574][HYDRA] 	#29 : data.datasets=[imagenet_subset_kaggle] training.vcreg.scale=False training.vcreg.var_weight=12.8 training.vcreg.cov_weight=1.74
[2024-07-08 15:12:29,581][HYDRA] 	#30 : data.datasets=[imagenet_subset_kaggle] training.vcreg.scale=False training.vcreg.var_weight=12.8 training.vcreg.cov_weight=4.72
[2024-07-08 15:12:29,587][HYDRA] 	#31 : data.datasets=[imagenet_subset_kaggle] training.vcreg.scale=False training.vcreg.var_weight=12.8 training.vcreg.cov_weight=12.8
[2024-07-08 15:12:29,593][HYDRA] 	#32 : data.datasets=[cifar100_fixed] training.vcreg.scale=True training.vcreg.var_weight=0.64 training.vcreg.cov_weight=0.64
[2024-07-08 15:12:29,600][HYDRA] 	#33 : data.datasets=[cifar100_fixed] training.vcreg.scale=True training.vcreg.var_weight=0.64 training.vcreg.cov_weight=1.74
[2024-07-08 15:12:29,606][HYDRA] 	#34 : data.datasets=[cifar100_fixed] training.vcreg.scale=True training.vcreg.var_weight=0.64 training.vcreg.cov_weight=4.72
[2024-07-08 15:12:29,613][HYDRA] 	#35 : data.datasets=[cifar100_fixed] training.vcreg.scale=True training.vcreg.var_weight=0.64 training.vcreg.cov_weight=12.8
[2024-07-08 15:12:29,619][HYDRA] 	#36 : data.datasets=[cifar100_fixed] training.vcreg.scale=True training.vcreg.var_weight=1.74 training.vcreg.cov_weight=0.64
[2024-07-08 15:12:29,626][HYDRA] 	#37 : data.datasets=[cifar100_fixed] training.vcreg.scale=True training.vcreg.var_weight=1.74 training.vcreg.cov_weight=1.74
[2024-07-08 15:12:29,632][HYDRA] 	#38 : data.datasets=[cifar100_fixed] training.vcreg.scale=True training.vcreg.var_weight=1.74 training.vcreg.cov_weight=4.72
[2024-07-08 15:12:29,638][HYDRA] 	#39 : data.datasets=[cifar100_fixed] training.vcreg.scale=True training.vcreg.var_weight=1.74 training.vcreg.cov_weight=12.8
[2024-07-08 15:12:29,645][HYDRA] 	#40 : data.datasets=[cifar100_fixed] training.vcreg.scale=True training.vcreg.var_weight=4.72 training.vcreg.cov_weight=0.64
[2024-07-08 15:12:29,651][HYDRA] 	#41 : data.datasets=[cifar100_fixed] training.vcreg.scale=True training.vcreg.var_weight=4.72 training.vcreg.cov_weight=1.74
[2024-07-08 15:12:29,658][HYDRA] 	#42 : data.datasets=[cifar100_fixed] training.vcreg.scale=True training.vcreg.var_weight=4.72 training.vcreg.cov_weight=4.72
[2024-07-08 15:12:29,664][HYDRA] 	#43 : data.datasets=[cifar100_fixed] training.vcreg.scale=True training.vcreg.var_weight=4.72 training.vcreg.cov_weight=12.8
[2024-07-08 15:12:29,670][HYDRA] 	#44 : data.datasets=[cifar100_fixed] training.vcreg.scale=True training.vcreg.var_weight=12.8 training.vcreg.cov_weight=0.64
[2024-07-08 15:12:29,676][HYDRA] 	#45 : data.datasets=[cifar100_fixed] training.vcreg.scale=True training.vcreg.var_weight=12.8 training.vcreg.cov_weight=1.74
[2024-07-08 15:12:29,683][HYDRA] 	#46 : data.datasets=[cifar100_fixed] training.vcreg.scale=True training.vcreg.var_weight=12.8 training.vcreg.cov_weight=4.72
[2024-07-08 15:12:29,689][HYDRA] 	#47 : data.datasets=[cifar100_fixed] training.vcreg.scale=True training.vcreg.var_weight=12.8 training.vcreg.cov_weight=12.8
[2024-07-08 15:12:29,696][HYDRA] 	#48 : data.datasets=[cifar100_fixed] training.vcreg.scale=False training.vcreg.var_weight=0.64 training.vcreg.cov_weight=0.64
[2024-07-08 15:12:29,702][HYDRA] 	#49 : data.datasets=[cifar100_fixed] training.vcreg.scale=False training.vcreg.var_weight=0.64 training.vcreg.cov_weight=1.74
[2024-07-08 15:12:29,708][HYDRA] 	#50 : data.datasets=[cifar100_fixed] training.vcreg.scale=False training.vcreg.var_weight=0.64 training.vcreg.cov_weight=4.72
[2024-07-08 15:12:29,714][HYDRA] 	#51 : data.datasets=[cifar100_fixed] training.vcreg.scale=False training.vcreg.var_weight=0.64 training.vcreg.cov_weight=12.8
[2024-07-08 15:12:29,721][HYDRA] 	#52 : data.datasets=[cifar100_fixed] training.vcreg.scale=False training.vcreg.var_weight=1.74 training.vcreg.cov_weight=0.64
[2024-07-08 15:12:29,727][HYDRA] 	#53 : data.datasets=[cifar100_fixed] training.vcreg.scale=False training.vcreg.var_weight=1.74 training.vcreg.cov_weight=1.74
[2024-07-08 15:12:29,734][HYDRA] 	#54 : data.datasets=[cifar100_fixed] training.vcreg.scale=False training.vcreg.var_weight=1.74 training.vcreg.cov_weight=4.72
[2024-07-08 15:12:29,741][HYDRA] 	#55 : data.datasets=[cifar100_fixed] training.vcreg.scale=False training.vcreg.var_weight=1.74 training.vcreg.cov_weight=12.8
[2024-07-08 15:12:29,747][HYDRA] 	#56 : data.datasets=[cifar100_fixed] training.vcreg.scale=False training.vcreg.var_weight=4.72 training.vcreg.cov_weight=0.64
[2024-07-08 15:12:29,753][HYDRA] 	#57 : data.datasets=[cifar100_fixed] training.vcreg.scale=False training.vcreg.var_weight=4.72 training.vcreg.cov_weight=1.74
[2024-07-08 15:12:29,760][HYDRA] 	#58 : data.datasets=[cifar100_fixed] training.vcreg.scale=False training.vcreg.var_weight=4.72 training.vcreg.cov_weight=4.72
[2024-07-08 15:12:29,766][HYDRA] 	#59 : data.datasets=[cifar100_fixed] training.vcreg.scale=False training.vcreg.var_weight=4.72 training.vcreg.cov_weight=12.8
[2024-07-08 15:12:29,772][HYDRA] 	#60 : data.datasets=[cifar100_fixed] training.vcreg.scale=False training.vcreg.var_weight=12.8 training.vcreg.cov_weight=0.64
[2024-07-08 15:12:29,779][HYDRA] 	#61 : data.datasets=[cifar100_fixed] training.vcreg.scale=False training.vcreg.var_weight=12.8 training.vcreg.cov_weight=1.74
[2024-07-08 15:12:29,785][HYDRA] 	#62 : data.datasets=[cifar100_fixed] training.vcreg.scale=False training.vcreg.var_weight=12.8 training.vcreg.cov_weight=4.72
[2024-07-08 15:12:29,791][HYDRA] 	#63 : data.datasets=[cifar100_fixed] training.vcreg.scale=False training.vcreg.var_weight=12.8 training.vcreg.cov_weight=12.8
