[2024-04-23 17:44:21,301][HYDRA] Submitit 'slurm' sweep output dir : results/2024/04.23/17-44-19
[2024-04-23 17:44:21,303][HYDRA] 	#0 : +training/approach=finetuning training.vcreg.n_first_task=-1
[2024-04-23 17:44:21,311][HYDRA] 	#1 : +training/approach=finetuning training.vcreg.n_first_task=1
[2024-04-23 17:44:21,318][HYDRA] 	#2 : +training/approach=replay training.vcreg.n_first_task=-1
[2024-04-23 17:44:21,325][HYDRA] 	#3 : +training/approach=replay training.vcreg.n_first_task=1
[2024-04-23 17:44:21,332][HYDRA] 	#4 : +training/approach=ewc training.vcreg.n_first_task=-1
[2024-04-23 17:44:21,340][HYDRA] 	#5 : +training/approach=ewc training.vcreg.n_first_task=1
[2024-04-23 17:44:21,348][HYDRA] 	#6 : +training/approach=lwf training.vcreg.n_first_task=-1
[2024-04-23 17:44:21,354][HYDRA] 	#7 : +training/approach=lwf training.vcreg.n_first_task=1
Error executing job with overrides: ['+training/approach=replay', 'training.vcreg.n_first_task=-1']
Traceback (most recent call last):
  File "/net/tscratch/people/plghpiotr/.conda/mgr_env/lib/python3.10/site-packages/hydra/_internal/utils.py", line 220, in run_and_report
    return func()
  File "/net/tscratch/people/plghpiotr/.conda/mgr_env/lib/python3.10/site-packages/hydra/_internal/utils.py", line 466, in <lambda>
    lambda: hydra.multirun(
  File "/net/tscratch/people/plghpiotr/.conda/mgr_env/lib/python3.10/site-packages/hydra/_internal/hydra.py", line 162, in multirun
    ret = sweeper.sweep(arguments=task_overrides)
  File "/net/tscratch/people/plghpiotr/.conda/mgr_env/lib/python3.10/site-packages/hydra/_internal/core_plugins/basic_sweeper.py", line 181, in sweep
    _ = r.return_value
  File "/net/tscratch/people/plghpiotr/.conda/mgr_env/lib/python3.10/site-packages/hydra/core/utils.py", line 260, in return_value
    raise self._return_value
omegaconf.errors.ConfigAttributeError: Missing key approach
    full_key: training.approach
    object_type=dict
