[2024-08-16 09:44:54,718][HYDRA] Submitit 'slurm' sweep output dir : results/2024/08.16/09-44-50
[2024-08-16 09:44:54,720][HYDRA] 	#0 : +training/approach=finetuning data.num_tasks=5 misc.seed=0
[2024-08-16 09:44:54,727][HYDRA] 	#1 : +training/approach=finetuning data.num_tasks=5 misc.seed=1
[2024-08-16 09:44:54,733][HYDRA] 	#2 : +training/approach=finetuning data.num_tasks=5 misc.seed=2
[2024-08-16 09:44:54,740][HYDRA] 	#3 : +training/approach=finetuning data.num_tasks=10 misc.seed=0
[2024-08-16 09:44:54,746][HYDRA] 	#4 : +training/approach=finetuning data.num_tasks=10 misc.seed=1
[2024-08-16 09:44:54,752][HYDRA] 	#5 : +training/approach=finetuning data.num_tasks=10 misc.seed=2
[2024-08-16 09:44:54,759][HYDRA] 	#6 : +training/approach=finetuning data.num_tasks=20 misc.seed=0
[2024-08-16 09:44:54,765][HYDRA] 	#7 : +training/approach=finetuning data.num_tasks=20 misc.seed=1
[2024-08-16 09:44:54,771][HYDRA] 	#8 : +training/approach=finetuning data.num_tasks=20 misc.seed=2
[2024-08-16 09:44:54,778][HYDRA] 	#9 : +training/approach=replay data.num_tasks=5 misc.seed=0
[2024-08-16 09:44:54,784][HYDRA] 	#10 : +training/approach=replay data.num_tasks=5 misc.seed=1
[2024-08-16 09:44:54,791][HYDRA] 	#11 : +training/approach=replay data.num_tasks=5 misc.seed=2
[2024-08-16 09:44:54,797][HYDRA] 	#12 : +training/approach=replay data.num_tasks=10 misc.seed=0
[2024-08-16 09:44:54,804][HYDRA] 	#13 : +training/approach=replay data.num_tasks=10 misc.seed=1
[2024-08-16 09:44:54,906][HYDRA] 	#14 : +training/approach=replay data.num_tasks=10 misc.seed=2
[2024-08-16 09:44:54,912][HYDRA] 	#15 : +training/approach=replay data.num_tasks=20 misc.seed=0
[2024-08-16 09:44:54,918][HYDRA] 	#16 : +training/approach=replay data.num_tasks=20 misc.seed=1
[2024-08-16 09:44:54,925][HYDRA] 	#17 : +training/approach=replay data.num_tasks=20 misc.seed=2
[2024-08-16 09:44:54,931][HYDRA] 	#18 : +training/approach=lwf data.num_tasks=5 misc.seed=0
[2024-08-16 09:44:54,937][HYDRA] 	#19 : +training/approach=lwf data.num_tasks=5 misc.seed=1
[2024-08-16 09:44:54,943][HYDRA] 	#20 : +training/approach=lwf data.num_tasks=5 misc.seed=2
[2024-08-16 09:44:54,950][HYDRA] 	#21 : +training/approach=lwf data.num_tasks=10 misc.seed=0
[2024-08-16 09:44:54,956][HYDRA] 	#22 : +training/approach=lwf data.num_tasks=10 misc.seed=1
[2024-08-16 09:44:54,962][HYDRA] 	#23 : +training/approach=lwf data.num_tasks=10 misc.seed=2
[2024-08-16 09:44:54,968][HYDRA] 	#24 : +training/approach=lwf data.num_tasks=20 misc.seed=0
[2024-08-16 09:44:54,974][HYDRA] 	#25 : +training/approach=lwf data.num_tasks=20 misc.seed=1
[2024-08-16 09:44:54,981][HYDRA] 	#26 : +training/approach=lwf data.num_tasks=20 misc.seed=2
[2024-08-16 09:44:54,987][HYDRA] 	#27 : +training/approach=ewc data.num_tasks=5 misc.seed=0
[2024-08-16 09:44:54,993][HYDRA] 	#28 : +training/approach=ewc data.num_tasks=5 misc.seed=1
[2024-08-16 09:44:54,999][HYDRA] 	#29 : +training/approach=ewc data.num_tasks=5 misc.seed=2
[2024-08-16 09:44:55,005][HYDRA] 	#30 : +training/approach=ewc data.num_tasks=10 misc.seed=0
[2024-08-16 09:44:55,012][HYDRA] 	#31 : +training/approach=ewc data.num_tasks=10 misc.seed=1
[2024-08-16 09:44:55,018][HYDRA] 	#32 : +training/approach=ewc data.num_tasks=10 misc.seed=2
[2024-08-16 09:44:55,025][HYDRA] 	#33 : +training/approach=ewc data.num_tasks=20 misc.seed=0
[2024-08-16 09:44:55,031][HYDRA] 	#34 : +training/approach=ewc data.num_tasks=20 misc.seed=1
[2024-08-16 09:44:55,037][HYDRA] 	#35 : +training/approach=ewc data.num_tasks=20 misc.seed=2
