[2024-08-16 09:44:43,582][HYDRA] Submitit 'slurm' sweep output dir : results/2024/08.16/09-44-38
[2024-08-16 09:44:43,584][HYDRA] 	#0 : +training/approach=finetuning data.num_tasks=5 misc.seed=0
[2024-08-16 09:44:43,591][HYDRA] 	#1 : +training/approach=finetuning data.num_tasks=5 misc.seed=1
[2024-08-16 09:44:43,597][HYDRA] 	#2 : +training/approach=finetuning data.num_tasks=5 misc.seed=2
[2024-08-16 09:44:43,604][HYDRA] 	#3 : +training/approach=finetuning data.num_tasks=10 misc.seed=0
[2024-08-16 09:44:43,610][HYDRA] 	#4 : +training/approach=finetuning data.num_tasks=10 misc.seed=1
[2024-08-16 09:44:43,616][HYDRA] 	#5 : +training/approach=finetuning data.num_tasks=10 misc.seed=2
[2024-08-16 09:44:43,623][HYDRA] 	#6 : +training/approach=finetuning data.num_tasks=20 misc.seed=0
[2024-08-16 09:44:43,629][HYDRA] 	#7 : +training/approach=finetuning data.num_tasks=20 misc.seed=1
[2024-08-16 09:44:43,636][HYDRA] 	#8 : +training/approach=finetuning data.num_tasks=20 misc.seed=2
[2024-08-16 09:44:43,642][HYDRA] 	#9 : +training/approach=replay data.num_tasks=5 misc.seed=0
[2024-08-16 09:44:43,648][HYDRA] 	#10 : +training/approach=replay data.num_tasks=5 misc.seed=1
[2024-08-16 09:44:43,655][HYDRA] 	#11 : +training/approach=replay data.num_tasks=5 misc.seed=2
[2024-08-16 09:44:43,661][HYDRA] 	#12 : +training/approach=replay data.num_tasks=10 misc.seed=0
[2024-08-16 09:44:43,669][HYDRA] 	#13 : +training/approach=replay data.num_tasks=10 misc.seed=1
[2024-08-16 09:44:43,763][HYDRA] 	#14 : +training/approach=replay data.num_tasks=10 misc.seed=2
[2024-08-16 09:44:43,770][HYDRA] 	#15 : +training/approach=replay data.num_tasks=20 misc.seed=0
[2024-08-16 09:44:43,776][HYDRA] 	#16 : +training/approach=replay data.num_tasks=20 misc.seed=1
[2024-08-16 09:44:43,782][HYDRA] 	#17 : +training/approach=replay data.num_tasks=20 misc.seed=2
[2024-08-16 09:44:43,788][HYDRA] 	#18 : +training/approach=lwf data.num_tasks=5 misc.seed=0
[2024-08-16 09:44:43,795][HYDRA] 	#19 : +training/approach=lwf data.num_tasks=5 misc.seed=1
[2024-08-16 09:44:43,801][HYDRA] 	#20 : +training/approach=lwf data.num_tasks=5 misc.seed=2
[2024-08-16 09:44:43,807][HYDRA] 	#21 : +training/approach=lwf data.num_tasks=10 misc.seed=0
[2024-08-16 09:44:43,813][HYDRA] 	#22 : +training/approach=lwf data.num_tasks=10 misc.seed=1
[2024-08-16 09:44:43,820][HYDRA] 	#23 : +training/approach=lwf data.num_tasks=10 misc.seed=2
[2024-08-16 09:44:43,826][HYDRA] 	#24 : +training/approach=lwf data.num_tasks=20 misc.seed=0
[2024-08-16 09:44:43,832][HYDRA] 	#25 : +training/approach=lwf data.num_tasks=20 misc.seed=1
[2024-08-16 09:44:43,838][HYDRA] 	#26 : +training/approach=lwf data.num_tasks=20 misc.seed=2
[2024-08-16 09:44:43,845][HYDRA] 	#27 : +training/approach=ewc data.num_tasks=5 misc.seed=0
[2024-08-16 09:44:43,851][HYDRA] 	#28 : +training/approach=ewc data.num_tasks=5 misc.seed=1
[2024-08-16 09:44:43,857][HYDRA] 	#29 : +training/approach=ewc data.num_tasks=5 misc.seed=2
[2024-08-16 09:44:43,863][HYDRA] 	#30 : +training/approach=ewc data.num_tasks=10 misc.seed=0
[2024-08-16 09:44:43,869][HYDRA] 	#31 : +training/approach=ewc data.num_tasks=10 misc.seed=1
[2024-08-16 09:44:43,875][HYDRA] 	#32 : +training/approach=ewc data.num_tasks=10 misc.seed=2
[2024-08-16 09:44:43,882][HYDRA] 	#33 : +training/approach=ewc data.num_tasks=20 misc.seed=0
[2024-08-16 09:44:43,888][HYDRA] 	#34 : +training/approach=ewc data.num_tasks=20 misc.seed=1
[2024-08-16 09:44:43,894][HYDRA] 	#35 : +training/approach=ewc data.num_tasks=20 misc.seed=2
