[2024-05-13 12:59:10,919][HYDRA] Submitit 'slurm' sweep output dir : results/2024/05.13/12-59-09
[2024-05-13 12:59:10,921][HYDRA] 	#0 : +reg_exps=ewc_convnext
[2024-05-13 12:59:10,927][HYDRA] 	#1 : +reg_exps=ewc_resnet
[2024-05-13 12:59:10,934][HYDRA] 	#2 : +reg_exps=finetuning_convnext
[2024-05-13 12:59:10,940][HYDRA] 	#3 : +reg_exps=finetuning_resnet
[2024-05-13 12:59:10,947][HYDRA] 	#4 : +reg_exps=lwf_convnext
[2024-05-13 12:59:10,953][HYDRA] 	#5 : +reg_exps=lwf_resnet
[2024-05-13 12:59:10,960][HYDRA] 	#6 : +reg_exps=replay_convnext
[2024-05-13 12:59:10,966][HYDRA] 	#7 : +reg_exps=replay_resnet
Error executing job with overrides: ['+reg_exps=lwf_convnext']
Traceback (most recent call last):
  File "/net/tscratch/people/plghpiotr/.conda/mgr_env/lib/python3.10/site-packages/hydra/_internal/utils.py", line 220, in run_and_report
    return func()
  File "/net/tscratch/people/plghpiotr/.conda/mgr_env/lib/python3.10/site-packages/hydra/_internal/utils.py", line 466, in <lambda>
    lambda: hydra.multirun(
  File "/net/tscratch/people/plghpiotr/.conda/mgr_env/lib/python3.10/site-packages/hydra/_internal/hydra.py", line 162, in multirun
    ret = sweeper.sweep(arguments=task_overrides)
  File "/net/tscratch/people/plghpiotr/.conda/mgr_env/lib/python3.10/site-packages/hydra/_internal/core_plugins/basic_sweeper.py", line 181, in sweep
    _ = r.return_value
  File "/net/tscratch/people/plghpiotr/.conda/mgr_env/lib/python3.10/site-packages/hydra/core/utils.py", line 260, in return_value
    raise self._return_value
submitit.core.utils.UncompletedJobError: Job not requeued because: timed-out too many times.
